[30-Nov-2017 20:16:51 UTC] PHP Warning:  include(../../../inc/dbConnection.php): failed to open stream: No such file or directory in /home/ubuntu/workspace/cst336/labs/lab9/api/getPetInfo.php on line 3
[30-Nov-2017 20:16:51 UTC] PHP Stack trace:
[30-Nov-2017 20:16:51 UTC] PHP   1. {main}() /home/ubuntu/workspace/cst336/labs/lab9/api/getPetInfo.php:0
[30-Nov-2017 20:16:51 UTC] PHP Warning:  include(): Failed opening '../../../inc/dbConnection.php' for inclusion (include_path='.:/usr/share/php:/usr/share/pear') in /home/ubuntu/workspace/cst336/labs/lab9/api/getPetInfo.php on line 3
[30-Nov-2017 20:16:51 UTC] PHP Stack trace:
[30-Nov-2017 20:16:51 UTC] PHP   1. {main}() /home/ubuntu/workspace/cst336/labs/lab9/api/getPetInfo.php:0
[30-Nov-2017 20:16:51 UTC] PHP Fatal error:  Call to undefined function getDatabaseConnection() in /home/ubuntu/workspace/cst336/labs/lab9/api/getPetInfo.php on line 4
[30-Nov-2017 20:16:51 UTC] PHP Stack trace:
[30-Nov-2017 20:16:51 UTC] PHP   1. {main}() /home/ubuntu/workspace/cst336/labs/lab9/api/getPetInfo.php:0
[30-Nov-2017 20:25:16 UTC] PHP Warning:  include(../../../inc/dbConnection.php): failed to open stream: No such file or directory in /home/ubuntu/workspace/cst336/labs/lab9/api/getPetInfo.php on line 3
[30-Nov-2017 20:25:16 UTC] PHP Stack trace:
[30-Nov-2017 20:25:16 UTC] PHP   1. {main}() /home/ubuntu/workspace/cst336/labs/lab9/api/getPetInfo.php:0
[30-Nov-2017 20:25:16 UTC] PHP Warning:  include(): Failed opening '../../../inc/dbConnection.php' for inclusion (include_path='.:/usr/share/php:/usr/share/pear') in /home/ubuntu/workspace/cst336/labs/lab9/api/getPetInfo.php on line 3
[30-Nov-2017 20:25:16 UTC] PHP Stack trace:
[30-Nov-2017 20:25:16 UTC] PHP   1. {main}() /home/ubuntu/workspace/cst336/labs/lab9/api/getPetInfo.php:0
[30-Nov-2017 20:25:16 UTC] PHP Fatal error:  Call to undefined function getDatabaseConnection() in /home/ubuntu/workspace/cst336/labs/lab9/api/getPetInfo.php on line 4
[30-Nov-2017 20:25:16 UTC] PHP Stack trace:
[30-Nov-2017 20:25:16 UTC] PHP   1. {main}() /home/ubuntu/workspace/cst336/labs/lab9/api/getPetInfo.php:0
[30-Nov-2017 20:25:21 UTC] PHP Warning:  include(../../../inc/dbConnection.php): failed to open stream: No such file or directory in /home/ubuntu/workspace/cst336/labs/lab9/api/getPetInfo.php on line 3
[30-Nov-2017 20:25:21 UTC] PHP Stack trace:
[30-Nov-2017 20:25:21 UTC] PHP   1. {main}() /home/ubuntu/workspace/cst336/labs/lab9/api/getPetInfo.php:0
[30-Nov-2017 20:25:21 UTC] PHP Warning:  include(): Failed opening '../../../inc/dbConnection.php' for inclusion (include_path='.:/usr/share/php:/usr/share/pear') in /home/ubuntu/workspace/cst336/labs/lab9/api/getPetInfo.php on line 3
[30-Nov-2017 20:25:21 UTC] PHP Stack trace:
[30-Nov-2017 20:25:21 UTC] PHP   1. {main}() /home/ubuntu/workspace/cst336/labs/lab9/api/getPetInfo.php:0
[30-Nov-2017 20:25:21 UTC] PHP Fatal error:  Call to undefined function getDatabaseConnection() in /home/ubuntu/workspace/cst336/labs/lab9/api/getPetInfo.php on line 4
[30-Nov-2017 20:25:21 UTC] PHP Stack trace:
[30-Nov-2017 20:25:21 UTC] PHP   1. {main}() /home/ubuntu/workspace/cst336/labs/lab9/api/getPetInfo.php:0
[30-Nov-2017 22:13:19 UTC] PHP Warning:  include(../../../inc/dbConnection.php): failed to open stream: No such file or directory in /home/ubuntu/workspace/cst336/labs/lab9/api/getPetInfo.php on line 3
[30-Nov-2017 22:13:19 UTC] PHP Stack trace:
[30-Nov-2017 22:13:19 UTC] PHP   1. {main}() /home/ubuntu/workspace/cst336/labs/lab9/api/getPetInfo.php:0
[30-Nov-2017 22:13:19 UTC] PHP Warning:  include(): Failed opening '../../../inc/dbConnection.php' for inclusion (include_path='.:/usr/share/php:/usr/share/pear') in /home/ubuntu/workspace/cst336/labs/lab9/api/getPetInfo.php on line 3
[30-Nov-2017 22:13:19 UTC] PHP Stack trace:
[30-Nov-2017 22:13:19 UTC] PHP   1. {main}() /home/ubuntu/workspace/cst336/labs/lab9/api/getPetInfo.php:0
[30-Nov-2017 22:13:19 UTC] PHP Fatal error:  Call to undefined function getDatabaseConnection() in /home/ubuntu/workspace/cst336/labs/lab9/api/getPetInfo.php on line 4
[30-Nov-2017 22:13:19 UTC] PHP Stack trace:
[30-Nov-2017 22:13:19 UTC] PHP   1. {main}() /home/ubuntu/workspace/cst336/labs/lab9/api/getPetInfo.php:0
[30-Nov-2017 22:13:20 UTC] PHP Warning:  include(../../../inc/dbConnection.php): failed to open stream: No such file or directory in /home/ubuntu/workspace/cst336/labs/lab9/api/getPetInfo.php on line 3
[30-Nov-2017 22:13:20 UTC] PHP Stack trace:
[30-Nov-2017 22:13:20 UTC] PHP   1. {main}() /home/ubuntu/workspace/cst336/labs/lab9/api/getPetInfo.php:0
[30-Nov-2017 22:13:20 UTC] PHP Warning:  include(): Failed opening '../../../inc/dbConnection.php' for inclusion (include_path='.:/usr/share/php:/usr/share/pear') in /home/ubuntu/workspace/cst336/labs/lab9/api/getPetInfo.php on line 3
[30-Nov-2017 22:13:20 UTC] PHP Stack trace:
[30-Nov-2017 22:13:20 UTC] PHP   1. {main}() /home/ubuntu/workspace/cst336/labs/lab9/api/getPetInfo.php:0
[30-Nov-2017 22:13:20 UTC] PHP Fatal error:  Call to undefined function getDatabaseConnection() in /home/ubuntu/workspace/cst336/labs/lab9/api/getPetInfo.php on line 4
[30-Nov-2017 22:13:20 UTC] PHP Stack trace:
[30-Nov-2017 22:13:20 UTC] PHP   1. {main}() /home/ubuntu/workspace/cst336/labs/lab9/api/getPetInfo.php:0
[30-Nov-2017 22:13:20 UTC] PHP Warning:  include(../../../inc/dbConnection.php): failed to open stream: No such file or directory in /home/ubuntu/workspace/cst336/labs/lab9/api/getPetInfo.php on line 3
[30-Nov-2017 22:13:20 UTC] PHP Stack trace:
[30-Nov-2017 22:13:20 UTC] PHP   1. {main}() /home/ubuntu/workspace/cst336/labs/lab9/api/getPetInfo.php:0
[30-Nov-2017 22:13:20 UTC] PHP Warning:  include(): Failed opening '../../../inc/dbConnection.php' for inclusion (include_path='.:/usr/share/php:/usr/share/pear') in /home/ubuntu/workspace/cst336/labs/lab9/api/getPetInfo.php on line 3
[30-Nov-2017 22:13:20 UTC] PHP Stack trace:
[30-Nov-2017 22:13:20 UTC] PHP   1. {main}() /home/ubuntu/workspace/cst336/labs/lab9/api/getPetInfo.php:0
[30-Nov-2017 22:13:20 UTC] PHP Fatal error:  Call to undefined function getDatabaseConnection() in /home/ubuntu/workspace/cst336/labs/lab9/api/getPetInfo.php on line 4
[30-Nov-2017 22:13:20 UTC] PHP Stack trace:
[30-Nov-2017 22:13:20 UTC] PHP   1. {main}() /home/ubuntu/workspace/cst336/labs/lab9/api/getPetInfo.php:0
[30-Nov-2017 22:14:05 UTC] PHP Warning:  include(../../../inc/dbConnection.php): failed to open stream: No such file or directory in /home/ubuntu/workspace/cst336/labs/lab9/api/getPetInfo.php on line 3
[30-Nov-2017 22:14:05 UTC] PHP Stack trace:
[30-Nov-2017 22:14:05 UTC] PHP   1. {main}() /home/ubuntu/workspace/cst336/labs/lab9/api/getPetInfo.php:0
[30-Nov-2017 22:14:05 UTC] PHP Warning:  include(): Failed opening '../../../inc/dbConnection.php' for inclusion (include_path='.:/usr/share/php:/usr/share/pear') in /home/ubuntu/workspace/cst336/labs/lab9/api/getPetInfo.php on line 3
[30-Nov-2017 22:14:05 UTC] PHP Stack trace:
[30-Nov-2017 22:14:05 UTC] PHP   1. {main}() /home/ubuntu/workspace/cst336/labs/lab9/api/getPetInfo.php:0
[30-Nov-2017 22:14:05 UTC] PHP Fatal error:  Call to undefined function getDatabaseConnection() in /home/ubuntu/workspace/cst336/labs/lab9/api/getPetInfo.php on line 4
[30-Nov-2017 22:14:05 UTC] PHP Stack trace:
[30-Nov-2017 22:14:05 UTC] PHP   1. {main}() /home/ubuntu/workspace/cst336/labs/lab9/api/getPetInfo.php:0
[30-Nov-2017 22:14:05 UTC] PHP Warning:  include(../../../inc/dbConnection.php): failed to open stream: No such file or directory in /home/ubuntu/workspace/cst336/labs/lab9/api/getPetInfo.php on line 3
[30-Nov-2017 22:14:05 UTC] PHP Stack trace:
[30-Nov-2017 22:14:05 UTC] PHP   1. {main}() /home/ubuntu/workspace/cst336/labs/lab9/api/getPetInfo.php:0
[30-Nov-2017 22:14:05 UTC] PHP Warning:  include(): Failed opening '../../../inc/dbConnection.php' for inclusion (include_path='.:/usr/share/php:/usr/share/pear') in /home/ubuntu/workspace/cst336/labs/lab9/api/getPetInfo.php on line 3
[30-Nov-2017 22:14:05 UTC] PHP Stack trace:
[30-Nov-2017 22:14:05 UTC] PHP   1. {main}() /home/ubuntu/workspace/cst336/labs/lab9/api/getPetInfo.php:0
[30-Nov-2017 22:14:05 UTC] PHP Fatal error:  Call to undefined function getDatabaseConnection() in /home/ubuntu/workspace/cst336/labs/lab9/api/getPetInfo.php on line 4
[30-Nov-2017 22:14:05 UTC] PHP Stack trace:
[30-Nov-2017 22:14:05 UTC] PHP   1. {main}() /home/ubuntu/workspace/cst336/labs/lab9/api/getPetInfo.php:0
[30-Nov-2017 22:14:06 UTC] PHP Warning:  include(../../../inc/dbConnection.php): failed to open stream: No such file or directory in /home/ubuntu/workspace/cst336/labs/lab9/api/getPetInfo.php on line 3
[30-Nov-2017 22:14:06 UTC] PHP Stack trace:
[30-Nov-2017 22:14:06 UTC] PHP   1. {main}() /home/ubuntu/workspace/cst336/labs/lab9/api/getPetInfo.php:0
[30-Nov-2017 22:14:06 UTC] PHP Warning:  include(): Failed opening '../../../inc/dbConnection.php' for inclusion (include_path='.:/usr/share/php:/usr/share/pear') in /home/ubuntu/workspace/cst336/labs/lab9/api/getPetInfo.php on line 3
[30-Nov-2017 22:14:06 UTC] PHP Stack trace:
[30-Nov-2017 22:14:06 UTC] PHP   1. {main}() /home/ubuntu/workspace/cst336/labs/lab9/api/getPetInfo.php:0
[30-Nov-2017 22:14:06 UTC] PHP Fatal error:  Call to undefined function getDatabaseConnection() in /home/ubuntu/workspace/cst336/labs/lab9/api/getPetInfo.php on line 4
[30-Nov-2017 22:14:06 UTC] PHP Stack trace:
[30-Nov-2017 22:14:06 UTC] PHP   1. {main}() /home/ubuntu/workspace/cst336/labs/lab9/api/getPetInfo.php:0
[30-Nov-2017 22:14:06 UTC] PHP Warning:  include(../../../inc/dbConnection.php): failed to open stream: No such file or directory in /home/ubuntu/workspace/cst336/labs/lab9/api/getPetInfo.php on line 3
[30-Nov-2017 22:14:06 UTC] PHP Stack trace:
[30-Nov-2017 22:14:06 UTC] PHP   1. {main}() /home/ubuntu/workspace/cst336/labs/lab9/api/getPetInfo.php:0
[30-Nov-2017 22:14:06 UTC] PHP Warning:  include(): Failed opening '../../../inc/dbConnection.php' for inclusion (include_path='.:/usr/share/php:/usr/share/pear') in /home/ubuntu/workspace/cst336/labs/lab9/api/getPetInfo.php on line 3
[30-Nov-2017 22:14:06 UTC] PHP Stack trace:
[30-Nov-2017 22:14:06 UTC] PHP   1. {main}() /home/ubuntu/workspace/cst336/labs/lab9/api/getPetInfo.php:0
[30-Nov-2017 22:14:06 UTC] PHP Fatal error:  Call to undefined function getDatabaseConnection() in /home/ubuntu/workspace/cst336/labs/lab9/api/getPetInfo.php on line 4
[30-Nov-2017 22:14:06 UTC] PHP Stack trace:
[30-Nov-2017 22:14:06 UTC] PHP   1. {main}() /home/ubuntu/workspace/cst336/labs/lab9/api/getPetInfo.php:0
[30-Nov-2017 22:14:06 UTC] PHP Warning:  include(../../../inc/dbConnection.php): failed to open stream: No such file or directory in /home/ubuntu/workspace/cst336/labs/lab9/api/getPetInfo.php on line 3
[30-Nov-2017 22:14:06 UTC] PHP Stack trace:
[30-Nov-2017 22:14:06 UTC] PHP   1. {main}() /home/ubuntu/workspace/cst336/labs/lab9/api/getPetInfo.php:0
[30-Nov-2017 22:14:06 UTC] PHP Warning:  include(): Failed opening '../../../inc/dbConnection.php' for inclusion (include_path='.:/usr/share/php:/usr/share/pear') in /home/ubuntu/workspace/cst336/labs/lab9/api/getPetInfo.php on line 3
[30-Nov-2017 22:14:06 UTC] PHP Stack trace:
[30-Nov-2017 22:14:06 UTC] PHP   1. {main}() /home/ubuntu/workspace/cst336/labs/lab9/api/getPetInfo.php:0
[30-Nov-2017 22:14:06 UTC] PHP Fatal error:  Call to undefined function getDatabaseConnection() in /home/ubuntu/workspace/cst336/labs/lab9/api/getPetInfo.php on line 4
[30-Nov-2017 22:14:06 UTC] PHP Stack trace:
[30-Nov-2017 22:14:06 UTC] PHP   1. {main}() /home/ubuntu/workspace/cst336/labs/lab9/api/getPetInfo.php:0
[30-Nov-2017 22:14:07 UTC] PHP Warning:  include(../../../inc/dbConnection.php): failed to open stream: No such file or directory in /home/ubuntu/workspace/cst336/labs/lab9/api/getPetInfo.php on line 3
[30-Nov-2017 22:14:07 UTC] PHP Stack trace:
[30-Nov-2017 22:14:07 UTC] PHP   1. {main}() /home/ubuntu/workspace/cst336/labs/lab9/api/getPetInfo.php:0
[30-Nov-2017 22:14:07 UTC] PHP Warning:  include(): Failed opening '../../../inc/dbConnection.php' for inclusion (include_path='.:/usr/share/php:/usr/share/pear') in /home/ubuntu/workspace/cst336/labs/lab9/api/getPetInfo.php on line 3
[30-Nov-2017 22:14:07 UTC] PHP Stack trace:
[30-Nov-2017 22:14:07 UTC] PHP   1. {main}() /home/ubuntu/workspace/cst336/labs/lab9/api/getPetInfo.php:0
[30-Nov-2017 22:14:07 UTC] PHP Fatal error:  Call to undefined function getDatabaseConnection() in /home/ubuntu/workspace/cst336/labs/lab9/api/getPetInfo.php on line 4
[30-Nov-2017 22:14:07 UTC] PHP Stack trace:
[30-Nov-2017 22:14:07 UTC] PHP   1. {main}() /home/ubuntu/workspace/cst336/labs/lab9/api/getPetInfo.php:0
[30-Nov-2017 22:14:07 UTC] PHP Warning:  include(../../../inc/dbConnection.php): failed to open stream: No such file or directory in /home/ubuntu/workspace/cst336/labs/lab9/api/getPetInfo.php on line 3
[30-Nov-2017 22:14:07 UTC] PHP Stack trace:
[30-Nov-2017 22:14:07 UTC] PHP   1. {main}() /home/ubuntu/workspace/cst336/labs/lab9/api/getPetInfo.php:0
[30-Nov-2017 22:14:07 UTC] PHP Warning:  include(): Failed opening '../../../inc/dbConnection.php' for inclusion (include_path='.:/usr/share/php:/usr/share/pear') in /home/ubuntu/workspace/cst336/labs/lab9/api/getPetInfo.php on line 3
[30-Nov-2017 22:14:07 UTC] PHP Stack trace:
[30-Nov-2017 22:14:07 UTC] PHP   1. {main}() /home/ubuntu/workspace/cst336/labs/lab9/api/getPetInfo.php:0
[30-Nov-2017 22:14:07 UTC] PHP Fatal error:  Call to undefined function getDatabaseConnection() in /home/ubuntu/workspace/cst336/labs/lab9/api/getPetInfo.php on line 4
[30-Nov-2017 22:14:07 UTC] PHP Stack trace:
[30-Nov-2017 22:14:07 UTC] PHP   1. {main}() /home/ubuntu/workspace/cst336/labs/lab9/api/getPetInfo.php:0
[30-Nov-2017 22:14:09 UTC] PHP Warning:  include(../../../inc/dbConnection.php): failed to open stream: No such file or directory in /home/ubuntu/workspace/cst336/labs/lab9/api/getPetInfo.php on line 3
[30-Nov-2017 22:14:09 UTC] PHP Stack trace:
[30-Nov-2017 22:14:09 UTC] PHP   1. {main}() /home/ubuntu/workspace/cst336/labs/lab9/api/getPetInfo.php:0
[30-Nov-2017 22:14:09 UTC] PHP Warning:  include(): Failed opening '../../../inc/dbConnection.php' for inclusion (include_path='.:/usr/share/php:/usr/share/pear') in /home/ubuntu/workspace/cst336/labs/lab9/api/getPetInfo.php on line 3
[30-Nov-2017 22:14:09 UTC] PHP Stack trace:
[30-Nov-2017 22:14:09 UTC] PHP   1. {main}() /home/ubuntu/workspace/cst336/labs/lab9/api/getPetInfo.php:0
[30-Nov-2017 22:14:09 UTC] PHP Fatal error:  Call to undefined function getDatabaseConnection() in /home/ubuntu/workspace/cst336/labs/lab9/api/getPetInfo.php on line 4
[30-Nov-2017 22:14:09 UTC] PHP Stack trace:
[30-Nov-2017 22:14:09 UTC] PHP   1. {main}() /home/ubuntu/workspace/cst336/labs/lab9/api/getPetInfo.php:0
[30-Nov-2017 22:14:10 UTC] PHP Warning:  include(../../../inc/dbConnection.php): failed to open stream: No such file or directory in /home/ubuntu/workspace/cst336/labs/lab9/api/getPetInfo.php on line 3
[30-Nov-2017 22:14:10 UTC] PHP Stack trace:
[30-Nov-2017 22:14:10 UTC] PHP   1. {main}() /home/ubuntu/workspace/cst336/labs/lab9/api/getPetInfo.php:0
[30-Nov-2017 22:14:10 UTC] PHP Warning:  include(): Failed opening '../../../inc/dbConnection.php' for inclusion (include_path='.:/usr/share/php:/usr/share/pear') in /home/ubuntu/workspace/cst336/labs/lab9/api/getPetInfo.php on line 3
[30-Nov-2017 22:14:10 UTC] PHP Stack trace:
[30-Nov-2017 22:14:10 UTC] PHP   1. {main}() /home/ubuntu/workspace/cst336/labs/lab9/api/getPetInfo.php:0
[30-Nov-2017 22:14:10 UTC] PHP Fatal error:  Call to undefined function getDatabaseConnection() in /home/ubuntu/workspace/cst336/labs/lab9/api/getPetInfo.php on line 4
[30-Nov-2017 22:14:10 UTC] PHP Stack trace:
[30-Nov-2017 22:14:10 UTC] PHP   1. {main}() /home/ubuntu/workspace/cst336/labs/lab9/api/getPetInfo.php:0
[30-Nov-2017 22:14:11 UTC] PHP Warning:  include(../../../inc/dbConnection.php): failed to open stream: No such file or directory in /home/ubuntu/workspace/cst336/labs/lab9/api/getPetInfo.php on line 3
[30-Nov-2017 22:14:11 UTC] PHP Stack trace:
[30-Nov-2017 22:14:11 UTC] PHP   1. {main}() /home/ubuntu/workspace/cst336/labs/lab9/api/getPetInfo.php:0
[30-Nov-2017 22:14:11 UTC] PHP Warning:  include(): Failed opening '../../../inc/dbConnection.php' for inclusion (include_path='.:/usr/share/php:/usr/share/pear') in /home/ubuntu/workspace/cst336/labs/lab9/api/getPetInfo.php on line 3
[30-Nov-2017 22:14:11 UTC] PHP Stack trace:
[30-Nov-2017 22:14:11 UTC] PHP   1. {main}() /home/ubuntu/workspace/cst336/labs/lab9/api/getPetInfo.php:0
[30-Nov-2017 22:14:11 UTC] PHP Fatal error:  Call to undefined function getDatabaseConnection() in /home/ubuntu/workspace/cst336/labs/lab9/api/getPetInfo.php on line 4
[30-Nov-2017 22:14:11 UTC] PHP Stack trace:
[30-Nov-2017 22:14:11 UTC] PHP   1. {main}() /home/ubuntu/workspace/cst336/labs/lab9/api/getPetInfo.php:0
[30-Nov-2017 22:15:00 UTC] PHP Warning:  include(../../../inc/dbConnection.php): failed to open stream: No such file or directory in /home/ubuntu/workspace/cst336/labs/lab9/api/getPetInfo.php on line 3
[30-Nov-2017 22:15:00 UTC] PHP Stack trace:
[30-Nov-2017 22:15:00 UTC] PHP   1. {main}() /home/ubuntu/workspace/cst336/labs/lab9/api/getPetInfo.php:0
[30-Nov-2017 22:15:00 UTC] PHP Warning:  include(): Failed opening '../../../inc/dbConnection.php' for inclusion (include_path='.:/usr/share/php:/usr/share/pear') in /home/ubuntu/workspace/cst336/labs/lab9/api/getPetInfo.php on line 3
[30-Nov-2017 22:15:00 UTC] PHP Stack trace:
[30-Nov-2017 22:15:00 UTC] PHP   1. {main}() /home/ubuntu/workspace/cst336/labs/lab9/api/getPetInfo.php:0
[30-Nov-2017 22:15:00 UTC] PHP Fatal error:  Call to undefined function getDatabaseConnection() in /home/ubuntu/workspace/cst336/labs/lab9/api/getPetInfo.php on line 4
[30-Nov-2017 22:15:00 UTC] PHP Stack trace:
[30-Nov-2017 22:15:00 UTC] PHP   1. {main}() /home/ubuntu/workspace/cst336/labs/lab9/api/getPetInfo.php:0
[30-Nov-2017 22:15:03 UTC] PHP Warning:  include(../../../inc/dbConnection.php): failed to open stream: No such file or directory in /home/ubuntu/workspace/cst336/labs/lab9/api/getPetInfo.php on line 3
[30-Nov-2017 22:15:03 UTC] PHP Stack trace:
[30-Nov-2017 22:15:03 UTC] PHP   1. {main}() /home/ubuntu/workspace/cst336/labs/lab9/api/getPetInfo.php:0
[30-Nov-2017 22:15:03 UTC] PHP Warning:  include(): Failed opening '../../../inc/dbConnection.php' for inclusion (include_path='.:/usr/share/php:/usr/share/pear') in /home/ubuntu/workspace/cst336/labs/lab9/api/getPetInfo.php on line 3
[30-Nov-2017 22:15:03 UTC] PHP Stack trace:
[30-Nov-2017 22:15:03 UTC] PHP   1. {main}() /home/ubuntu/workspace/cst336/labs/lab9/api/getPetInfo.php:0
[30-Nov-2017 22:15:03 UTC] PHP Fatal error:  Call to undefined function getDatabaseConnection() in /home/ubuntu/workspace/cst336/labs/lab9/api/getPetInfo.php on line 4
[30-Nov-2017 22:15:03 UTC] PHP Stack trace:
[30-Nov-2017 22:15:03 UTC] PHP   1. {main}() /home/ubuntu/workspace/cst336/labs/lab9/api/getPetInfo.php:0
[30-Nov-2017 22:15:06 UTC] PHP Warning:  include(../../../inc/dbConnection.php): failed to open stream: No such file or directory in /home/ubuntu/workspace/cst336/labs/lab9/api/getPetInfo.php on line 3
[30-Nov-2017 22:15:06 UTC] PHP Stack trace:
[30-Nov-2017 22:15:06 UTC] PHP   1. {main}() /home/ubuntu/workspace/cst336/labs/lab9/api/getPetInfo.php:0
[30-Nov-2017 22:15:06 UTC] PHP Warning:  include(): Failed opening '../../../inc/dbConnection.php' for inclusion (include_path='.:/usr/share/php:/usr/share/pear') in /home/ubuntu/workspace/cst336/labs/lab9/api/getPetInfo.php on line 3
[30-Nov-2017 22:15:06 UTC] PHP Stack trace:
[30-Nov-2017 22:15:06 UTC] PHP   1. {main}() /home/ubuntu/workspace/cst336/labs/lab9/api/getPetInfo.php:0
[30-Nov-2017 22:15:06 UTC] PHP Fatal error:  Call to undefined function getDatabaseConnection() in /home/ubuntu/workspace/cst336/labs/lab9/api/getPetInfo.php on line 4
[30-Nov-2017 22:15:06 UTC] PHP Stack trace:
[30-Nov-2017 22:15:06 UTC] PHP   1. {main}() /home/ubuntu/workspace/cst336/labs/lab9/api/getPetInfo.php:0
[30-Nov-2017 22:15:08 UTC] PHP Warning:  include(../../../inc/dbConnection.php): failed to open stream: No such file or directory in /home/ubuntu/workspace/cst336/labs/lab9/api/getPetInfo.php on line 3
[30-Nov-2017 22:15:08 UTC] PHP Stack trace:
[30-Nov-2017 22:15:08 UTC] PHP   1. {main}() /home/ubuntu/workspace/cst336/labs/lab9/api/getPetInfo.php:0
[30-Nov-2017 22:15:08 UTC] PHP Warning:  include(): Failed opening '../../../inc/dbConnection.php' for inclusion (include_path='.:/usr/share/php:/usr/share/pear') in /home/ubuntu/workspace/cst336/labs/lab9/api/getPetInfo.php on line 3
[30-Nov-2017 22:15:08 UTC] PHP Stack trace:
[30-Nov-2017 22:15:08 UTC] PHP   1. {main}() /home/ubuntu/workspace/cst336/labs/lab9/api/getPetInfo.php:0
[30-Nov-2017 22:15:08 UTC] PHP Fatal error:  Call to undefined function getDatabaseConnection() in /home/ubuntu/workspace/cst336/labs/lab9/api/getPetInfo.php on line 4
[30-Nov-2017 22:15:08 UTC] PHP Stack trace:
[30-Nov-2017 22:15:08 UTC] PHP   1. {main}() /home/ubuntu/workspace/cst336/labs/lab9/api/getPetInfo.php:0
