[19-Oct-2017 00:27:12 UTC] PHP Parse error:  syntax error, unexpected '"<br />"' (T_CONSTANT_ENCAPSED_STRING), expecting ',' or ';' in /home/ubuntu/workspace/cst336/midtermpractice/index.php on line 16
[19-Oct-2017 00:39:02 UTC] PHP Parse error:  syntax error, unexpected '"<br />"' (T_CONSTANT_ENCAPSED_STRING), expecting ',' or ';' in /home/ubuntu/workspace/cst336/midtermpractice/index.php on line 29
[19-Oct-2017 00:39:10 UTC] PHP Fatal error:  Uncaught exception 'PDOException' with message 'SQLSTATE[42000]: Syntax error or access violation: 1065 Query was empty' in /home/ubuntu/workspace/cst336/midtermpractice/index.php:38
Stack trace:
#0 /home/ubuntu/workspace/cst336/midtermpractice/index.php(38): PDO->query('')
#1 {main}
  thrown in /home/ubuntu/workspace/cst336/midtermpractice/index.php on line 38
[19-Oct-2017 00:42:30 UTC] PHP Parse error:  syntax error, unexpected '"<br />"' (T_CONSTANT_ENCAPSED_STRING), expecting ',' or ';' in /home/ubuntu/workspace/cst336/midtermpractice/index.php on line 44
[19-Oct-2017 00:42:42 UTC] PHP Fatal error:  Uncaught exception 'PDOException' with message 'SQLSTATE[42000]: Syntax error or access violation: 1065 Query was empty' in /home/ubuntu/workspace/cst336/midtermpractice/index.php:50
Stack trace:
#0 /home/ubuntu/workspace/cst336/midtermpractice/index.php(50): PDO->query('')
#1 {main}
  thrown in /home/ubuntu/workspace/cst336/midtermpractice/index.php on line 50
[19-Oct-2017 00:44:07 UTC] PHP Fatal error:  Uncaught exception 'PDOException' with message 'SQLSTATE[42000]: Syntax error or access violation: 1065 Query was empty' in /home/ubuntu/workspace/cst336/midtermpractice/index.php:51
Stack trace:
#0 /home/ubuntu/workspace/cst336/midtermpractice/index.php(51): PDO->query('')
#1 {main}
  thrown in /home/ubuntu/workspace/cst336/midtermpractice/index.php on line 51
[19-Oct-2017 02:14:50 UTC] PHP Parse error:  syntax error, unexpected '"<br />"' (T_CONSTANT_ENCAPSED_STRING), expecting ',' or ';' in /home/ubuntu/workspace/cst336/midtermpractice/index.php on line 54
[19-Oct-2017 02:15:15 UTC] PHP Fatal error:  Uncaught exception 'PDOException' with message 'SQLSTATE[42000]: Syntax error or access violation: 1065 Query was empty' in /home/ubuntu/workspace/cst336/midtermpractice/index.php:72
Stack trace:
#0 /home/ubuntu/workspace/cst336/midtermpractice/index.php(72): PDO->query('')
#1 {main}
  thrown in /home/ubuntu/workspace/cst336/midtermpractice/index.php on line 72
