[12-Sep-2018 02:51:21 UTC] PHP Fatal error:  Call to a member function execute() on a non-object in /home/ubuntu/workspace/cst336/homework/homework5/data.php on line 17
[12-Sep-2018 02:51:21 UTC] PHP Stack trace:
[12-Sep-2018 02:51:21 UTC] PHP   1. {main}() /home/ubuntu/workspace/cst336/homework/homework5/data.php:0
[12-Sep-2018 02:52:29 UTC] PHP Fatal error:  Uncaught exception 'PDOException' with message 'SQLSTATE[42S02]: Base table or view not found: 1146 Table 'c9.walmartApi' doesn't exist' in /home/ubuntu/workspace/cst336/homework/homework5/data.php:17
Stack trace:
#0 /home/ubuntu/workspace/cst336/homework/homework5/data.php(17): PDOStatement->execute()
#1 {main}
  thrown in /home/ubuntu/workspace/cst336/homework/homework5/data.php on line 17
[12-Sep-2018 02:52:33 UTC] PHP Fatal error:  Uncaught exception 'PDOException' with message 'SQLSTATE[42S02]: Base table or view not found: 1146 Table 'c9.walmartApi' doesn't exist' in /home/ubuntu/workspace/cst336/homework/homework5/data.php:17
Stack trace:
#0 /home/ubuntu/workspace/cst336/homework/homework5/data.php(17): PDOStatement->execute()
#1 {main}
  thrown in /home/ubuntu/workspace/cst336/homework/homework5/data.php on line 17
[12-Sep-2018 02:52:37 UTC] PHP Fatal error:  Uncaught exception 'PDOException' with message 'SQLSTATE[42S02]: Base table or view not found: 1146 Table 'c9.walmartApi' doesn't exist' in /home/ubuntu/workspace/cst336/homework/homework5/data.php:17
Stack trace:
#0 /home/ubuntu/workspace/cst336/homework/homework5/data.php(17): PDOStatement->execute()
#1 {main}
  thrown in /home/ubuntu/workspace/cst336/homework/homework5/data.php on line 17
[12-Sep-2018 02:52:43 UTC] PHP Fatal error:  Uncaught exception 'PDOException' with message 'SQLSTATE[42S02]: Base table or view not found: 1146 Table 'c9.walmartApi' doesn't exist' in /home/ubuntu/workspace/cst336/homework/homework5/data.php:17
Stack trace:
#0 /home/ubuntu/workspace/cst336/homework/homework5/data.php(17): PDOStatement->execute()
#1 {main}
  thrown in /home/ubuntu/workspace/cst336/homework/homework5/data.php on line 17
[12-Sep-2018 02:58:18 UTC] PHP Fatal error:  Call to undefined function printit() in /home/ubuntu/workspace/cst336/homework/homework5/index.php on line 16
[12-Sep-2018 02:58:18 UTC] PHP Stack trace:
[12-Sep-2018 02:58:18 UTC] PHP   1. {main}() /home/ubuntu/workspace/cst336/homework/homework5/index.php:0
[12-Sep-2018 04:31:18 UTC] PHP Fatal error:  Uncaught exception 'PDOException' with message 'SQLSTATE[42S02]: Base table or view not found: 1146 Table 'c9.walmartApi' doesn't exist' in /home/ubuntu/workspace/cst336/homework/homework5/data.php:17
Stack trace:
#0 /home/ubuntu/workspace/cst336/homework/homework5/data.php(17): PDOStatement->execute()
#1 {main}
  thrown in /home/ubuntu/workspace/cst336/homework/homework5/data.php on line 17
[13-Sep-2018 16:42:01 UTC] PHP Fatal error:  Uncaught exception 'PDOException' with message 'SQLSTATE[42S02]: Base table or view not found: 1146 Table 'c9.weatherData' doesn't exist' in /home/ubuntu/workspace/cst336/homework/homework5/data.php:17
Stack trace:
#0 /home/ubuntu/workspace/cst336/homework/homework5/data.php(17): PDOStatement->execute()
#1 {main}
  thrown in /home/ubuntu/workspace/cst336/homework/homework5/data.php on line 17
[13-Sep-2018 16:42:01 UTC] PHP Fatal error:  Call to undefined function getDatabaseConnection() in /home/ubuntu/workspace/cst336/homework/homework5/timestamps.php on line 3
[13-Sep-2018 16:42:01 UTC] PHP Stack trace:
[13-Sep-2018 16:42:01 UTC] PHP   1. {main}() /home/ubuntu/workspace/cst336/homework/homework5/timestamps.php:0
[13-Sep-2018 16:43:28 UTC] PHP Fatal error:  Call to undefined function getDatabaseConnection() in /home/ubuntu/workspace/cst336/homework/homework5/timestamps.php on line 3
[13-Sep-2018 16:43:28 UTC] PHP Stack trace:
[13-Sep-2018 16:43:28 UTC] PHP   1. {main}() /home/ubuntu/workspace/cst336/homework/homework5/timestamps.php:0
[13-Sep-2018 16:43:28 UTC] PHP Fatal error:  Uncaught exception 'PDOException' with message 'SQLSTATE[42S02]: Base table or view not found: 1146 Table 'c9.weatherData' doesn't exist' in /home/ubuntu/workspace/cst336/homework/homework5/data.php:17
Stack trace:
#0 /home/ubuntu/workspace/cst336/homework/homework5/data.php(17): PDOStatement->execute()
#1 {main}
  thrown in /home/ubuntu/workspace/cst336/homework/homework5/data.php on line 17
[13-Sep-2018 16:44:13 UTC] PHP Fatal error:  Uncaught exception 'PDOException' with message 'SQLSTATE[42S02]: Base table or view not found: 1146 Table 'c9.weatherData' doesn't exist' in /home/ubuntu/workspace/cst336/homework/homework5/data.php:17
Stack trace:
#0 /home/ubuntu/workspace/cst336/homework/homework5/data.php(17): PDOStatement->execute()
#1 {main}
  thrown in /home/ubuntu/workspace/cst336/homework/homework5/data.php on line 17
[13-Sep-2018 16:44:13 UTC] PHP Fatal error:  Call to undefined function getDatabaseConnection() in /home/ubuntu/workspace/cst336/homework/homework5/timestamps.php on line 3
[13-Sep-2018 16:44:13 UTC] PHP Stack trace:
[13-Sep-2018 16:44:13 UTC] PHP   1. {main}() /home/ubuntu/workspace/cst336/homework/homework5/timestamps.php:0
[13-Sep-2018 16:49:33 UTC] PHP Fatal error:  Uncaught exception 'PDOException' with message 'SQLSTATE[42S02]: Base table or view not found: 1146 Table 'c9.weatherData' doesn't exist' in /home/ubuntu/workspace/cst336/homework/homework5/data.php:19
Stack trace:
#0 /home/ubuntu/workspace/cst336/homework/homework5/data.php(19): PDOStatement->execute()
#1 {main}
  thrown in /home/ubuntu/workspace/cst336/homework/homework5/data.php on line 19
[13-Sep-2018 16:49:33 UTC] PHP Fatal error:  Call to undefined function getDatabaseConnection() in /home/ubuntu/workspace/cst336/homework/homework5/timestamps.php on line 3
[13-Sep-2018 16:49:33 UTC] PHP Stack trace:
[13-Sep-2018 16:49:33 UTC] PHP   1. {main}() /home/ubuntu/workspace/cst336/homework/homework5/timestamps.php:0
[13-Sep-2018 16:51:22 UTC] PHP Fatal error:  Uncaught exception 'PDOException' with message 'SQLSTATE[42S02]: Base table or view not found: 1146 Table 'c9.weatherData' doesn't exist' in /home/ubuntu/workspace/cst336/homework/homework5/data.php:19
Stack trace:
#0 /home/ubuntu/workspace/cst336/homework/homework5/data.php(19): PDOStatement->execute()
#1 {main}
  thrown in /home/ubuntu/workspace/cst336/homework/homework5/data.php on line 19
[13-Sep-2018 16:51:22 UTC] PHP Fatal error:  Call to undefined function getDatabaseConnection() in /home/ubuntu/workspace/cst336/homework/homework5/timestamps.php on line 3
[13-Sep-2018 16:51:22 UTC] PHP Stack trace:
[13-Sep-2018 16:51:22 UTC] PHP   1. {main}() /home/ubuntu/workspace/cst336/homework/homework5/timestamps.php:0
[13-Sep-2018 16:51:59 UTC] PHP Fatal error:  Call to undefined function getDatabaseConnection() in /home/ubuntu/workspace/cst336/homework/homework5/timestamps.php on line 3
[13-Sep-2018 16:51:59 UTC] PHP Stack trace:
[13-Sep-2018 16:51:59 UTC] PHP   1. {main}() /home/ubuntu/workspace/cst336/homework/homework5/timestamps.php:0
[13-Sep-2018 16:51:59 UTC] PHP Fatal error:  Uncaught exception 'PDOException' with message 'SQLSTATE[42S02]: Base table or view not found: 1146 Table 'c9.weather' doesn't exist' in /home/ubuntu/workspace/cst336/homework/homework5/data.php:19
Stack trace:
#0 /home/ubuntu/workspace/cst336/homework/homework5/data.php(19): PDOStatement->execute()
#1 {main}
  thrown in /home/ubuntu/workspace/cst336/homework/homework5/data.php on line 19
[13-Sep-2018 16:54:45 UTC] PHP Fatal error:  Call to undefined function getDatabaseConnection() in /home/ubuntu/workspace/cst336/homework/homework5/timestamps.php on line 3
[13-Sep-2018 16:54:45 UTC] PHP Stack trace:
[13-Sep-2018 16:54:45 UTC] PHP   1. {main}() /home/ubuntu/workspace/cst336/homework/homework5/timestamps.php:0
[13-Sep-2018 16:54:45 UTC] PHP Fatal error:  Uncaught exception 'PDOException' with message 'SQLSTATE[42S02]: Base table or view not found: 1146 Table 'c9.weather' doesn't exist' in /home/ubuntu/workspace/cst336/homework/homework5/data.php:19
Stack trace:
#0 /home/ubuntu/workspace/cst336/homework/homework5/data.php(19): PDOStatement->execute()
#1 {main}
  thrown in /home/ubuntu/workspace/cst336/homework/homework5/data.php on line 19
[13-Sep-2018 17:23:23 UTC] PHP Fatal error:  Call to undefined function getDatabaseConnection() in /home/ubuntu/workspace/cst336/homework/homework5/timestamps.php on line 3
[13-Sep-2018 17:23:23 UTC] PHP Stack trace:
[13-Sep-2018 17:23:23 UTC] PHP   1. {main}() /home/ubuntu/workspace/cst336/homework/homework5/timestamps.php:0
[13-Sep-2018 17:23:23 UTC] PHP Fatal error:  Uncaught exception 'PDOException' with message 'SQLSTATE[42S02]: Base table or view not found: 1146 Table 'c9.weather' doesn't exist' in /home/ubuntu/workspace/cst336/homework/homework5/data.php:19
Stack trace:
#0 /home/ubuntu/workspace/cst336/homework/homework5/data.php(19): PDOStatement->execute()
#1 {main}
  thrown in /home/ubuntu/workspace/cst336/homework/homework5/data.php on line 19
[13-Sep-2018 17:24:42 UTC] PHP Catchable fatal error:  Object of class DateTime could not be converted to string in /home/ubuntu/workspace/cst336/homework/homework5/index.php on line 38
[13-Sep-2018 17:24:42 UTC] PHP Stack trace:
[13-Sep-2018 17:24:42 UTC] PHP   1. {main}() /home/ubuntu/workspace/cst336/homework/homework5/index.php:0
[13-Sep-2018 17:29:34 UTC] PHP Fatal error:  Call to undefined function getDatabaseConnection() in /home/ubuntu/workspace/cst336/homework/homework5/timestamps.php on line 3
[13-Sep-2018 17:29:34 UTC] PHP Stack trace:
[13-Sep-2018 17:29:34 UTC] PHP   1. {main}() /home/ubuntu/workspace/cst336/homework/homework5/timestamps.php:0
[13-Sep-2018 17:29:34 UTC] PHP Fatal error:  Uncaught exception 'PDOException' with message 'SQLSTATE[42S02]: Base table or view not found: 1146 Table 'c9.weather' doesn't exist' in /home/ubuntu/workspace/cst336/homework/homework5/data.php:19
Stack trace:
#0 /home/ubuntu/workspace/cst336/homework/homework5/data.php(19): PDOStatement->execute()
#1 {main}
  thrown in /home/ubuntu/workspace/cst336/homework/homework5/data.php on line 19
[13-Sep-2018 17:30:23 UTC] PHP Fatal error:  Call to undefined function getDatabaseConnection() in /home/ubuntu/workspace/cst336/homework/homework5/timestamps.php on line 3
[13-Sep-2018 17:30:23 UTC] PHP Stack trace:
[13-Sep-2018 17:30:23 UTC] PHP   1. {main}() /home/ubuntu/workspace/cst336/homework/homework5/timestamps.php:0
[13-Sep-2018 17:30:23 UTC] PHP Fatal error:  Uncaught exception 'PDOException' with message 'SQLSTATE[42S02]: Base table or view not found: 1146 Table 'c9.weather' doesn't exist' in /home/ubuntu/workspace/cst336/homework/homework5/data.php:19
Stack trace:
#0 /home/ubuntu/workspace/cst336/homework/homework5/data.php(19): PDOStatement->execute()
#1 {main}
  thrown in /home/ubuntu/workspace/cst336/homework/homework5/data.php on line 19
[13-Sep-2018 17:32:47 UTC] PHP Fatal error:  Call to undefined function getDatabaseConnection() in /home/ubuntu/workspace/cst336/homework/homework5/timestamps.php on line 3
[13-Sep-2018 17:32:47 UTC] PHP Stack trace:
[13-Sep-2018 17:32:47 UTC] PHP   1. {main}() /home/ubuntu/workspace/cst336/homework/homework5/timestamps.php:0
[13-Sep-2018 17:32:47 UTC] PHP Fatal error:  Uncaught exception 'PDOException' with message 'SQLSTATE[42S02]: Base table or view not found: 1146 Table 'c9.weather' doesn't exist' in /home/ubuntu/workspace/cst336/homework/homework5/data.php:19
Stack trace:
#0 /home/ubuntu/workspace/cst336/homework/homework5/data.php(19): PDOStatement->execute()
#1 {main}
  thrown in /home/ubuntu/workspace/cst336/homework/homework5/data.php on line 19
[13-Sep-2018 17:51:50 UTC] PHP Fatal error:  Uncaught exception 'PDOException' with message 'SQLSTATE[42S02]: Base table or view not found: 1146 Table 'c9.weather' doesn't exist' in /home/ubuntu/workspace/cst336/homework/homework5/data.php:19
Stack trace:
#0 /home/ubuntu/workspace/cst336/homework/homework5/data.php(19): PDOStatement->execute()
#1 {main}
  thrown in /home/ubuntu/workspace/cst336/homework/homework5/data.php on line 19
[13-Sep-2018 17:51:50 UTC] PHP Fatal error:  Call to undefined function getDatabaseConnection() in /home/ubuntu/workspace/cst336/homework/homework5/timestamps.php on line 3
[13-Sep-2018 17:51:50 UTC] PHP Stack trace:
[13-Sep-2018 17:51:50 UTC] PHP   1. {main}() /home/ubuntu/workspace/cst336/homework/homework5/timestamps.php:0
[13-Sep-2018 17:52:31 UTC] PHP Fatal error:  Uncaught exception 'PDOException' with message 'SQLSTATE[42S02]: Base table or view not found: 1146 Table 'c9.weather' doesn't exist' in /home/ubuntu/workspace/cst336/homework/homework5/data.php:19
Stack trace:
#0 /home/ubuntu/workspace/cst336/homework/homework5/data.php(19): PDOStatement->execute()
#1 {main}
  thrown in /home/ubuntu/workspace/cst336/homework/homework5/data.php on line 19
[13-Sep-2018 17:52:31 UTC] PHP Fatal error:  Call to undefined function getDatabaseConnection() in /home/ubuntu/workspace/cst336/homework/homework5/timestamps.php on line 3
[13-Sep-2018 17:52:31 UTC] PHP Stack trace:
[13-Sep-2018 17:52:31 UTC] PHP   1. {main}() /home/ubuntu/workspace/cst336/homework/homework5/timestamps.php:0
[13-Sep-2018 17:56:13 UTC] PHP Fatal error:  Call to undefined function timeStamp() in /home/ubuntu/workspace/cst336/homework/homework5/index.php on line 35
[13-Sep-2018 17:56:13 UTC] PHP Stack trace:
[13-Sep-2018 17:56:13 UTC] PHP   1. {main}() /home/ubuntu/workspace/cst336/homework/homework5/index.php:0
[13-Sep-2018 18:43:31 UTC] PHP Fatal error:  Call to undefined method PDOStatement::excecute() in /home/ubuntu/workspace/cst336/homework/homework5/data.php on line 19
[13-Sep-2018 18:43:31 UTC] PHP Stack trace:
[13-Sep-2018 18:43:31 UTC] PHP   1. {main}() /home/ubuntu/workspace/cst336/homework/homework5/data.php:0
[13-Sep-2018 18:43:51 UTC] PHP Fatal error:  Call to undefined method PDOStatement::excecute() in /home/ubuntu/workspace/cst336/homework/homework5/data.php on line 19
[13-Sep-2018 18:43:51 UTC] PHP Stack trace:
[13-Sep-2018 18:43:51 UTC] PHP   1. {main}() /home/ubuntu/workspace/cst336/homework/homework5/data.php:0
[13-Sep-2018 18:44:01 UTC] PHP Fatal error:  Call to undefined method PDOStatement::excecute() in /home/ubuntu/workspace/cst336/homework/homework5/data.php on line 19
[13-Sep-2018 18:44:01 UTC] PHP Stack trace:
[13-Sep-2018 18:44:01 UTC] PHP   1. {main}() /home/ubuntu/workspace/cst336/homework/homework5/data.php:0
[13-Sep-2018 18:45:13 UTC] PHP Fatal error:  Call to undefined method PDOStatement::excecute() in /home/ubuntu/workspace/cst336/homework/homework5/data.php on line 19
[13-Sep-2018 18:45:13 UTC] PHP Stack trace:
[13-Sep-2018 18:45:13 UTC] PHP   1. {main}() /home/ubuntu/workspace/cst336/homework/homework5/data.php:0
[13-Sep-2018 18:45:54 UTC] PHP Fatal error:  Call to undefined method PDOStatement::excecute() in /home/ubuntu/workspace/cst336/homework/homework5/data.php on line 19
[13-Sep-2018 18:45:54 UTC] PHP Stack trace:
[13-Sep-2018 18:45:54 UTC] PHP   1. {main}() /home/ubuntu/workspace/cst336/homework/homework5/data.php:0
[13-Sep-2018 18:48:23 UTC] PHP Fatal error:  Call to undefined method PDOStatement::excecute() in /home/ubuntu/workspace/cst336/homework/homework5/data.php on line 19
[13-Sep-2018 18:48:23 UTC] PHP Stack trace:
[13-Sep-2018 18:48:23 UTC] PHP   1. {main}() /home/ubuntu/workspace/cst336/homework/homework5/data.php:0
[13-Sep-2018 18:50:32 UTC] PHP Fatal error:  Call to undefined method PDOStatement::excecute() in /home/ubuntu/workspace/cst336/homework/homework5/data.php on line 19
[13-Sep-2018 18:50:32 UTC] PHP Stack trace:
[13-Sep-2018 18:50:32 UTC] PHP   1. {main}() /home/ubuntu/workspace/cst336/homework/homework5/data.php:0
[13-Sep-2018 18:52:42 UTC] PHP Fatal error:  Call to undefined method PDOStatement::excecute() in /home/ubuntu/workspace/cst336/homework/homework5/data.php on line 18
[13-Sep-2018 18:52:42 UTC] PHP Stack trace:
[13-Sep-2018 18:52:42 UTC] PHP   1. {main}() /home/ubuntu/workspace/cst336/homework/homework5/data.php:0
[13-Sep-2018 18:53:37 UTC] PHP Fatal error:  Call to undefined method PDOStatement::excecute() in /home/ubuntu/workspace/cst336/homework/homework5/data.php on line 19
[13-Sep-2018 18:53:37 UTC] PHP Stack trace:
[13-Sep-2018 18:53:37 UTC] PHP   1. {main}() /home/ubuntu/workspace/cst336/homework/homework5/data.php:0
[13-Sep-2018 18:55:55 UTC] PHP Fatal error:  Call to undefined method PDOStatement::excecute() in /home/ubuntu/workspace/cst336/homework/homework5/data.php on line 19
[13-Sep-2018 18:55:55 UTC] PHP Stack trace:
[13-Sep-2018 18:55:55 UTC] PHP   1. {main}() /home/ubuntu/workspace/cst336/homework/homework5/data.php:0
