[28-Oct-2017 20:26:43 UTC] PHP Warning:  include(../../dbconnection.php): failed to open stream: No such file or directory in /home/ubuntu/workspace/team_project/OnlineCatalog/index.php on line 4
[28-Oct-2017 20:26:43 UTC] PHP Stack trace:
[28-Oct-2017 20:26:43 UTC] PHP   1. {main}() /home/ubuntu/workspace/team_project/OnlineCatalog/index.php:0
[28-Oct-2017 20:26:43 UTC] PHP Warning:  include(): Failed opening '../../dbconnection.php' for inclusion (include_path='.:/usr/share/php:/usr/share/pear') in /home/ubuntu/workspace/team_project/OnlineCatalog/index.php on line 4
[28-Oct-2017 20:26:43 UTC] PHP Stack trace:
[28-Oct-2017 20:26:43 UTC] PHP   1. {main}() /home/ubuntu/workspace/team_project/OnlineCatalog/index.php:0
[28-Oct-2017 20:26:43 UTC] PHP Fatal error:  Call to undefined function getDatabaseConnection() in /home/ubuntu/workspace/team_project/OnlineCatalog/index.php on line 5
[28-Oct-2017 20:26:43 UTC] PHP Stack trace:
[28-Oct-2017 20:26:43 UTC] PHP   1. {main}() /home/ubuntu/workspace/team_project/OnlineCatalog/index.php:0
[28-Oct-2017 21:56:39 UTC] PHP Warning:  array_push() expects parameter 1 to be array, null given in /home/ubuntu/workspace/team_project/OnlineCatalog/addtocart.php on line 34
[28-Oct-2017 21:56:39 UTC] PHP Stack trace:
[28-Oct-2017 21:56:39 UTC] PHP   1. {main}() /home/ubuntu/workspace/team_project/OnlineCatalog/addtocart.php:0
[28-Oct-2017 21:56:39 UTC] PHP   2. array_push() /home/ubuntu/workspace/team_project/OnlineCatalog/addtocart.php:34
[28-Oct-2017 21:56:54 UTC] PHP Warning:  Invalid argument supplied for foreach() in /home/ubuntu/workspace/team_project/OnlineCatalog/viewcart.php on line 26
[28-Oct-2017 21:56:54 UTC] PHP Stack trace:
[28-Oct-2017 21:56:54 UTC] PHP   1. {main}() /home/ubuntu/workspace/team_project/OnlineCatalog/viewcart.php:0
[28-Oct-2017 21:56:54 UTC] PHP   2. getCart() /home/ubuntu/workspace/team_project/OnlineCatalog/viewcart.php:40
[28-Oct-2017 21:57:10 UTC] PHP Warning:  array_push() expects parameter 1 to be array, null given in /home/ubuntu/workspace/team_project/OnlineCatalog/addtocart.php on line 34
[28-Oct-2017 21:57:10 UTC] PHP Stack trace:
[28-Oct-2017 21:57:10 UTC] PHP   1. {main}() /home/ubuntu/workspace/team_project/OnlineCatalog/addtocart.php:0
[28-Oct-2017 21:57:10 UTC] PHP   2. array_push() /home/ubuntu/workspace/team_project/OnlineCatalog/addtocart.php:34
[28-Oct-2017 21:57:12 UTC] PHP Warning:  array_push() expects parameter 1 to be array, null given in /home/ubuntu/workspace/team_project/OnlineCatalog/addtocart.php on line 34
[28-Oct-2017 21:57:12 UTC] PHP Stack trace:
[28-Oct-2017 21:57:12 UTC] PHP   1. {main}() /home/ubuntu/workspace/team_project/OnlineCatalog/addtocart.php:0
[28-Oct-2017 21:57:12 UTC] PHP   2. array_push() /home/ubuntu/workspace/team_project/OnlineCatalog/addtocart.php:34
[28-Oct-2017 22:08:51 UTC] PHP Fatal error:  Uncaught exception 'PDOException' with message 'SQLSTATE[HY000] [1049] Unknown database 'bg'' in /home/ubuntu/workspace/team_project/OnlineCatalog/dbconnection.php:19
Stack trace:
#0 /home/ubuntu/workspace/team_project/OnlineCatalog/dbconnection.php(19): PDO->__construct('mysql:host=loca...', 'root', '')
#1 /home/ubuntu/workspace/team_project/OnlineCatalog/index.php(5): getDatabaseConnection()
#2 {main}
  thrown in /home/ubuntu/workspace/team_project/OnlineCatalog/dbconnection.php on line 19
[28-Oct-2017 22:17:09 UTC] PHP Fatal error:  Uncaught exception 'PDOException' with message 'SQLSTATE[HY000] [1049] Unknown database 'bg'' in /home/ubuntu/workspace/team_project/OnlineCatalog/dbconnection.php:19
Stack trace:
#0 /home/ubuntu/workspace/team_project/OnlineCatalog/dbconnection.php(19): PDO->__construct('mysql:host=loca...', 'root', '')
#1 /home/ubuntu/workspace/team_project/OnlineCatalog/index.php(5): getDatabaseConnection()
#2 {main}
  thrown in /home/ubuntu/workspace/team_project/OnlineCatalog/dbconnection.php on line 19
[28-Oct-2017 22:17:11 UTC] PHP Fatal error:  Uncaught exception 'PDOException' with message 'SQLSTATE[HY000] [1049] Unknown database 'bg'' in /home/ubuntu/workspace/team_project/OnlineCatalog/dbconnection.php:19
Stack trace:
#0 /home/ubuntu/workspace/team_project/OnlineCatalog/dbconnection.php(19): PDO->__construct('mysql:host=loca...', 'root', '')
#1 /home/ubuntu/workspace/team_project/OnlineCatalog/index.php(5): getDatabaseConnection()
#2 {main}
  thrown in /home/ubuntu/workspace/team_project/OnlineCatalog/dbconnection.php on line 19
[28-Oct-2017 22:17:14 UTC] PHP Fatal error:  Uncaught exception 'PDOException' with message 'SQLSTATE[HY000] [1049] Unknown database 'bg'' in /home/ubuntu/workspace/team_project/OnlineCatalog/dbconnection.php:19
Stack trace:
#0 /home/ubuntu/workspace/team_project/OnlineCatalog/dbconnection.php(19): PDO->__construct('mysql:host=loca...', 'root', '')
#1 /home/ubuntu/workspace/team_project/OnlineCatalog/index.php(5): getDatabaseConnection()
#2 {main}
  thrown in /home/ubuntu/workspace/team_project/OnlineCatalog/dbconnection.php on line 19
[28-Oct-2017 22:26:40 UTC] PHP Fatal error:  Uncaught exception 'PDOException' with message 'SQLSTATE[HY000] [1049] Unknown database 'vg'' in /home/ubuntu/workspace/team_project/OnlineCatalog/dbconnection.php:23
Stack trace:
#0 /home/ubuntu/workspace/team_project/OnlineCatalog/dbconnection.php(23): PDO->__construct('mysql:host=loca...', 'root', '')
#1 /home/ubuntu/workspace/team_project/OnlineCatalog/index.php(5): getDatabaseConnection()
#2 {main}
  thrown in /home/ubuntu/workspace/team_project/OnlineCatalog/dbconnection.php on line 23
[28-Oct-2017 22:27:00 UTC] PHP Fatal error:  Uncaught exception 'PDOException' with message 'SQLSTATE[HY000] [1049] Unknown database 'vg'' in /home/ubuntu/workspace/team_project/OnlineCatalog/dbconnection.php:23
Stack trace:
#0 /home/ubuntu/workspace/team_project/OnlineCatalog/dbconnection.php(23): PDO->__construct('mysql:host=loca...', 'root', '')
#1 /home/ubuntu/workspace/team_project/OnlineCatalog/index.php(5): getDatabaseConnection()
#2 {main}
  thrown in /home/ubuntu/workspace/team_project/OnlineCatalog/dbconnection.php on line 23
[30-Oct-2017 02:42:33 UTC] PHP Fatal error:  Call to undefined function getDeviceTypes() in /home/ubuntu/workspace/team_project/OnlineCatalog/index.php on line 56
[30-Oct-2017 02:42:33 UTC] PHP Stack trace:
[30-Oct-2017 02:42:33 UTC] PHP   1. {main}() /home/ubuntu/workspace/team_project/OnlineCatalog/index.php:0
[30-Oct-2017 02:43:20 UTC] PHP Fatal error:  Call to undefined function getDeviceTypes() in /home/ubuntu/workspace/team_project/OnlineCatalog/index.php on line 56
[30-Oct-2017 02:43:20 UTC] PHP Stack trace:
[30-Oct-2017 02:43:20 UTC] PHP   1. {main}() /home/ubuntu/workspace/team_project/OnlineCatalog/index.php:0
[30-Oct-2017 02:43:43 UTC] PHP Fatal error:  Call to undefined function getDeviceTypes() in /home/ubuntu/workspace/team_project/OnlineCatalog/index.php on line 70
[30-Oct-2017 02:43:43 UTC] PHP Stack trace:
[30-Oct-2017 02:43:43 UTC] PHP   1. {main}() /home/ubuntu/workspace/team_project/OnlineCatalog/index.php:0
[30-Oct-2017 02:44:47 UTC] PHP Fatal error:  Call to undefined function getDeviceTypes() in /home/ubuntu/workspace/team_project/OnlineCatalog/index.php on line 58
[30-Oct-2017 02:44:47 UTC] PHP Stack trace:
[30-Oct-2017 02:44:47 UTC] PHP   1. {main}() /home/ubuntu/workspace/team_project/OnlineCatalog/index.php:0
[30-Oct-2017 02:45:39 UTC] PHP Fatal error:  Call to undefined function getDeviceTypes() in /home/ubuntu/workspace/team_project/OnlineCatalog/index.php on line 65
[30-Oct-2017 02:45:39 UTC] PHP Stack trace:
[30-Oct-2017 02:45:39 UTC] PHP   1. {main}() /home/ubuntu/workspace/team_project/OnlineCatalog/index.php:0
[02-Nov-2017 04:40:40 UTC] PHP Fatal error:  Cannot redeclare getConsole() (previously declared in /home/ubuntu/workspace/team_project/OnlineCatalog/index.php:45) in /home/ubuntu/workspace/team_project/OnlineCatalog/index.php on line 78
[02-Nov-2017 05:39:44 UTC] PHP Fatal error:  Call to undefined function getGenre() in /home/ubuntu/workspace/team_project/OnlineCatalog/index.php on line 115
[02-Nov-2017 05:39:44 UTC] PHP Stack trace:
[02-Nov-2017 05:39:44 UTC] PHP   1. {main}() /home/ubuntu/workspace/team_project/OnlineCatalog/index.php:0
[02-Nov-2017 05:52:48 UTC] PHP Fatal error:  Uncaught exception 'PDOException' with message 'SQLSTATE[42000]: Syntax error or access violation: 1064 You have an error in your SQL syntax; check the manual that corresponds to your MySQL server version for the right syntax to use near '' at line 3' in /home/ubuntu/workspace/team_project/OnlineCatalog/index.php:15
Stack trace:
#0 /home/ubuntu/workspace/team_project/OnlineCatalog/index.php(15): PDOStatement->execute()
#1 /home/ubuntu/workspace/team_project/OnlineCatalog/index.php(105): getItems()
#2 {main}
  thrown in /home/ubuntu/workspace/team_project/OnlineCatalog/index.php on line 15
[02-Nov-2017 05:52:55 UTC] PHP Fatal error:  Uncaught exception 'PDOException' with message 'SQLSTATE[42000]: Syntax error or access violation: 1064 You have an error in your SQL syntax; check the manual that corresponds to your MySQL server version for the right syntax to use near '' at line 3' in /home/ubuntu/workspace/team_project/OnlineCatalog/index.php:15
Stack trace:
#0 /home/ubuntu/workspace/team_project/OnlineCatalog/index.php(15): PDOStatement->execute()
#1 /home/ubuntu/workspace/team_project/OnlineCatalog/index.php(105): getItems()
#2 {main}
  thrown in /home/ubuntu/workspace/team_project/OnlineCatalog/index.php on line 15
[02-Nov-2017 05:55:06 UTC] PHP Warning:  Invalid argument supplied for foreach() in /home/ubuntu/workspace/team_project/OnlineCatalog/index.php on line 34
[02-Nov-2017 05:55:06 UTC] PHP Stack trace:
[02-Nov-2017 05:55:06 UTC] PHP   1. {main}() /home/ubuntu/workspace/team_project/OnlineCatalog/index.php:0
[02-Nov-2017 05:55:06 UTC] PHP   2. showItems() /home/ubuntu/workspace/team_project/OnlineCatalog/index.php:127
[02-Nov-2017 05:56:46 UTC] PHP Fatal error:  Uncaught exception 'PDOException' with message 'SQLSTATE[42000]: Syntax error or access violation: 1064 You have an error in your SQL syntax; check the manual that corresponds to your MySQL server version for the right syntax to use near 'BY game_name' at line 3' in /home/ubuntu/workspace/team_project/OnlineCatalog/index.php:28
Stack trace:
#0 /home/ubuntu/workspace/team_project/OnlineCatalog/index.php(28): PDOStatement->execute()
#1 /home/ubuntu/workspace/team_project/OnlineCatalog/index.php(108): getItems()
#2 {main}
  thrown in /home/ubuntu/workspace/team_project/OnlineCatalog/index.php on line 28
[02-Nov-2017 19:48:50 UTC] PHP Fatal error:  Uncaught exception 'PDOException' with message 'SQLSTATE[42000]: Syntax error or access violation: 1064 You have an error in your SQL syntax; check the manual that corresponds to your MySQL server version for the right syntax to use near 'BY game_name' at line 3' in /home/ubuntu/workspace/team_project/OnlineCatalog/index.php:28
Stack trace:
#0 /home/ubuntu/workspace/team_project/OnlineCatalog/index.php(28): PDOStatement->execute()
#1 /home/ubuntu/workspace/team_project/OnlineCatalog/index.php(108): getItems()
#2 {main}
  thrown in /home/ubuntu/workspace/team_project/OnlineCatalog/index.php on line 28
[02-Nov-2017 19:49:43 UTC] PHP Fatal error:  Uncaught exception 'PDOException' with message 'SQLSTATE[42000]: Syntax error or access violation: 1064 You have an error in your SQL syntax; check the manual that corresponds to your MySQL server version for the right syntax to use near 'BY game_name' at line 3' in /home/ubuntu/workspace/team_project/OnlineCatalog/index.php:28
Stack trace:
#0 /home/ubuntu/workspace/team_project/OnlineCatalog/index.php(28): PDOStatement->execute()
#1 /home/ubuntu/workspace/team_project/OnlineCatalog/index.php(108): getItems()
#2 {main}
  thrown in /home/ubuntu/workspace/team_project/OnlineCatalog/index.php on line 28
[02-Nov-2017 19:49:45 UTC] PHP Fatal error:  Uncaught exception 'PDOException' with message 'SQLSTATE[42000]: Syntax error or access violation: 1064 You have an error in your SQL syntax; check the manual that corresponds to your MySQL server version for the right syntax to use near 'BY game_name' at line 3' in /home/ubuntu/workspace/team_project/OnlineCatalog/index.php:28
Stack trace:
#0 /home/ubuntu/workspace/team_project/OnlineCatalog/index.php(28): PDOStatement->execute()
#1 /home/ubuntu/workspace/team_project/OnlineCatalog/index.php(108): getItems()
#2 {main}
  thrown in /home/ubuntu/workspace/team_project/OnlineCatalog/index.php on line 28
[02-Nov-2017 19:49:47 UTC] PHP Fatal error:  Uncaught exception 'PDOException' with message 'SQLSTATE[42000]: Syntax error or access violation: 1064 You have an error in your SQL syntax; check the manual that corresponds to your MySQL server version for the right syntax to use near 'BY game_name' at line 3' in /home/ubuntu/workspace/team_project/OnlineCatalog/index.php:28
Stack trace:
#0 /home/ubuntu/workspace/team_project/OnlineCatalog/index.php(28): PDOStatement->execute()
#1 /home/ubuntu/workspace/team_project/OnlineCatalog/index.php(108): getItems()
#2 {main}
  thrown in /home/ubuntu/workspace/team_project/OnlineCatalog/index.php on line 28
[02-Nov-2017 19:50:28 UTC] PHP Fatal error:  Uncaught exception 'PDOException' with message 'SQLSTATE[42000]: Syntax error or access violation: 1064 You have an error in your SQL syntax; check the manual that corresponds to your MySQL server version for the right syntax to use near 'BY game_name' at line 3' in /home/ubuntu/workspace/team_project/OnlineCatalog/index.php:28
Stack trace:
#0 /home/ubuntu/workspace/team_project/OnlineCatalog/index.php(28): PDOStatement->execute()
#1 /home/ubuntu/workspace/team_project/OnlineCatalog/index.php(108): getItems()
#2 {main}
  thrown in /home/ubuntu/workspace/team_project/OnlineCatalog/index.php on line 28
[02-Nov-2017 20:59:36 UTC] PHP Fatal error:  Uncaught exception 'PDOException' with message 'SQLSTATE[42000]: Syntax error or access violation: 1064 You have an error in your SQL syntax; check the manual that corresponds to your MySQL server version for the right syntax to use near 'BY game_name' at line 3' in /home/ubuntu/workspace/team_project/OnlineCatalog/index.php:28
Stack trace:
#0 /home/ubuntu/workspace/team_project/OnlineCatalog/index.php(28): PDOStatement->execute()
#1 /home/ubuntu/workspace/team_project/OnlineCatalog/index.php(108): getItems()
#2 {main}
  thrown in /home/ubuntu/workspace/team_project/OnlineCatalog/index.php on line 28
[03-Nov-2017 21:11:54 UTC] PHP Fatal error:  Uncaught exception 'PDOException' with message 'SQLSTATE[42000]: Syntax error or access violation: 1064 You have an error in your SQL syntax; check the manual that corresponds to your MySQL server version for the right syntax to use near 'BY game_name' at line 2' in /home/ubuntu/workspace/team_project/OnlineCatalog/index.php:28
Stack trace:
#0 /home/ubuntu/workspace/team_project/OnlineCatalog/index.php(28): PDOStatement->execute()
#1 /home/ubuntu/workspace/team_project/OnlineCatalog/index.php(105): getItems()
#2 {main}
  thrown in /home/ubuntu/workspace/team_project/OnlineCatalog/index.php on line 28
[03-Nov-2017 21:14:36 UTC] PHP Fatal error:  Uncaught exception 'PDOException' with message 'SQLSTATE[HY093]: Invalid parameter number: no parameters were bound' in /home/ubuntu/workspace/team_project/OnlineCatalog/index.php:28
Stack trace:
#0 /home/ubuntu/workspace/team_project/OnlineCatalog/index.php(28): PDOStatement->execute()
#1 /home/ubuntu/workspace/team_project/OnlineCatalog/index.php(105): getItems()
#2 {main}
  thrown in /home/ubuntu/workspace/team_project/OnlineCatalog/index.php on line 28
[03-Nov-2017 21:14:38 UTC] PHP Fatal error:  Uncaught exception 'PDOException' with message 'SQLSTATE[HY093]: Invalid parameter number: no parameters were bound' in /home/ubuntu/workspace/team_project/OnlineCatalog/index.php:28
Stack trace:
#0 /home/ubuntu/workspace/team_project/OnlineCatalog/index.php(28): PDOStatement->execute()
#1 /home/ubuntu/workspace/team_project/OnlineCatalog/index.php(105): getItems()
#2 {main}
  thrown in /home/ubuntu/workspace/team_project/OnlineCatalog/index.php on line 28
[03-Nov-2017 21:20:18 UTC] PHP Fatal error:  Uncaught exception 'PDOException' with message 'SQLSTATE[42000]: Syntax error or access violation: 1064 You have an error in your SQL syntax; check the manual that corresponds to your MySQL server version for the right syntax to use near 'BY game_name' at line 2' in /home/ubuntu/workspace/team_project/OnlineCatalog/index.php:29
Stack trace:
#0 /home/ubuntu/workspace/team_project/OnlineCatalog/index.php(29): PDOStatement->execute()
#1 /home/ubuntu/workspace/team_project/OnlineCatalog/index.php(106): getItems()
#2 {main}
  thrown in /home/ubuntu/workspace/team_project/OnlineCatalog/index.php on line 29
[03-Nov-2017 21:20:19 UTC] PHP Fatal error:  Uncaught exception 'PDOException' with message 'SQLSTATE[42000]: Syntax error or access violation: 1064 You have an error in your SQL syntax; check the manual that corresponds to your MySQL server version for the right syntax to use near 'BY game_name' at line 2' in /home/ubuntu/workspace/team_project/OnlineCatalog/index.php:29
Stack trace:
#0 /home/ubuntu/workspace/team_project/OnlineCatalog/index.php(29): PDOStatement->execute()
#1 /home/ubuntu/workspace/team_project/OnlineCatalog/index.php(106): getItems()
#2 {main}
  thrown in /home/ubuntu/workspace/team_project/OnlineCatalog/index.php on line 29
[03-Nov-2017 21:21:42 UTC] PHP Fatal error:  Uncaught exception 'PDOException' with message 'SQLSTATE[42000]: Syntax error or access violation: 1064 You have an error in your SQL syntax; check the manual that corresponds to your MySQL server version for the right syntax to use near 'BY game_name' at line 2' in /home/ubuntu/workspace/team_project/OnlineCatalog/index.php:31
Stack trace:
#0 /home/ubuntu/workspace/team_project/OnlineCatalog/index.php(31): PDOStatement->execute()
#1 /home/ubuntu/workspace/team_project/OnlineCatalog/index.php(108): getItems()
#2 {main}
  thrown in /home/ubuntu/workspace/team_project/OnlineCatalog/index.php on line 31
[03-Nov-2017 21:21:43 UTC] PHP Fatal error:  Uncaught exception 'PDOException' with message 'SQLSTATE[42000]: Syntax error or access violation: 1064 You have an error in your SQL syntax; check the manual that corresponds to your MySQL server version for the right syntax to use near 'BY game_name' at line 2' in /home/ubuntu/workspace/team_project/OnlineCatalog/index.php:31
Stack trace:
#0 /home/ubuntu/workspace/team_project/OnlineCatalog/index.php(31): PDOStatement->execute()
#1 /home/ubuntu/workspace/team_project/OnlineCatalog/index.php(108): getItems()
#2 {main}
  thrown in /home/ubuntu/workspace/team_project/OnlineCatalog/index.php on line 31
[03-Nov-2017 21:22:49 UTC] PHP Fatal error:  Uncaught exception 'PDOException' with message 'SQLSTATE[42000]: Syntax error or access violation: 1064 You have an error in your SQL syntax; check the manual that corresponds to your MySQL server version for the right syntax to use near 'BY game_name' at line 2' in /home/ubuntu/workspace/team_project/OnlineCatalog/index.php:32
Stack trace:
#0 /home/ubuntu/workspace/team_project/OnlineCatalog/index.php(32): PDOStatement->execute()
#1 /home/ubuntu/workspace/team_project/OnlineCatalog/index.php(110): getItems()
#2 {main}
  thrown in /home/ubuntu/workspace/team_project/OnlineCatalog/index.php on line 32
[03-Nov-2017 21:22:51 UTC] PHP Fatal error:  Uncaught exception 'PDOException' with message 'SQLSTATE[42000]: Syntax error or access violation: 1064 You have an error in your SQL syntax; check the manual that corresponds to your MySQL server version for the right syntax to use near 'BY game_name' at line 2' in /home/ubuntu/workspace/team_project/OnlineCatalog/index.php:32
Stack trace:
#0 /home/ubuntu/workspace/team_project/OnlineCatalog/index.php(32): PDOStatement->execute()
#1 /home/ubuntu/workspace/team_project/OnlineCatalog/index.php(110): getItems()
#2 {main}
  thrown in /home/ubuntu/workspace/team_project/OnlineCatalog/index.php on line 32
[03-Nov-2017 22:05:42 UTC] PHP Warning:  Invalid argument supplied for foreach() in /home/ubuntu/workspace/team_project/OnlineCatalog/index.php on line 45
[03-Nov-2017 22:05:42 UTC] PHP Stack trace:
[03-Nov-2017 22:05:42 UTC] PHP   1. {main}() /home/ubuntu/workspace/team_project/OnlineCatalog/index.php:0
[03-Nov-2017 22:05:42 UTC] PHP   2. getItems() /home/ubuntu/workspace/team_project/OnlineCatalog/index.php:136
[03-Nov-2017 22:05:42 UTC] PHP Warning:  Invalid argument supplied for foreach() in /home/ubuntu/workspace/team_project/OnlineCatalog/index.php on line 66
[03-Nov-2017 22:05:42 UTC] PHP Stack trace:
[03-Nov-2017 22:05:42 UTC] PHP   1. {main}() /home/ubuntu/workspace/team_project/OnlineCatalog/index.php:0
[03-Nov-2017 22:05:42 UTC] PHP   2. showItems() /home/ubuntu/workspace/team_project/OnlineCatalog/index.php:156
[03-Nov-2017 22:05:43 UTC] PHP Warning:  Invalid argument supplied for foreach() in /home/ubuntu/workspace/team_project/OnlineCatalog/index.php on line 45
[03-Nov-2017 22:05:43 UTC] PHP Stack trace:
[03-Nov-2017 22:05:43 UTC] PHP   1. {main}() /home/ubuntu/workspace/team_project/OnlineCatalog/index.php:0
[03-Nov-2017 22:05:43 UTC] PHP   2. getItems() /home/ubuntu/workspace/team_project/OnlineCatalog/index.php:136
[03-Nov-2017 22:05:43 UTC] PHP Warning:  Invalid argument supplied for foreach() in /home/ubuntu/workspace/team_project/OnlineCatalog/index.php on line 66
[03-Nov-2017 22:05:43 UTC] PHP Stack trace:
[03-Nov-2017 22:05:43 UTC] PHP   1. {main}() /home/ubuntu/workspace/team_project/OnlineCatalog/index.php:0
[03-Nov-2017 22:05:43 UTC] PHP   2. showItems() /home/ubuntu/workspace/team_project/OnlineCatalog/index.php:156
[03-Nov-2017 22:06:41 UTC] PHP Fatal error:  Uncaught exception 'PDOException' with message 'SQLSTATE[42000]: Syntax error or access violation: 1064 You have an error in your SQL syntax; check the manual that corresponds to your MySQL server version for the right syntax to use near 'BY game_name' at line 2' in /home/ubuntu/workspace/team_project/OnlineCatalog/index.php:42
Stack trace:
#0 /home/ubuntu/workspace/team_project/OnlineCatalog/index.php(42): PDOStatement->execute()
#1 /home/ubuntu/workspace/team_project/OnlineCatalog/index.php(140): getItems()
#2 {main}
  thrown in /home/ubuntu/workspace/team_project/OnlineCatalog/index.php on line 42
[03-Nov-2017 22:06:43 UTC] PHP Fatal error:  Uncaught exception 'PDOException' with message 'SQLSTATE[42000]: Syntax error or access violation: 1064 You have an error in your SQL syntax; check the manual that corresponds to your MySQL server version for the right syntax to use near 'BY game_name' at line 2' in /home/ubuntu/workspace/team_project/OnlineCatalog/index.php:42
Stack trace:
#0 /home/ubuntu/workspace/team_project/OnlineCatalog/index.php(42): PDOStatement->execute()
#1 /home/ubuntu/workspace/team_project/OnlineCatalog/index.php(140): getItems()
#2 {main}
  thrown in /home/ubuntu/workspace/team_project/OnlineCatalog/index.php on line 42
[03-Nov-2017 22:06:43 UTC] PHP Fatal error:  Uncaught exception 'PDOException' with message 'SQLSTATE[42000]: Syntax error or access violation: 1064 You have an error in your SQL syntax; check the manual that corresponds to your MySQL server version for the right syntax to use near 'BY game_name' at line 2' in /home/ubuntu/workspace/team_project/OnlineCatalog/index.php:42
Stack trace:
#0 /home/ubuntu/workspace/team_project/OnlineCatalog/index.php(42): PDOStatement->execute()
#1 /home/ubuntu/workspace/team_project/OnlineCatalog/index.php(140): getItems()
#2 {main}
  thrown in /home/ubuntu/workspace/team_project/OnlineCatalog/index.php on line 42
[03-Nov-2017 22:06:45 UTC] PHP Fatal error:  Uncaught exception 'PDOException' with message 'SQLSTATE[42000]: Syntax error or access violation: 1064 You have an error in your SQL syntax; check the manual that corresponds to your MySQL server version for the right syntax to use near 'BY game_name' at line 2' in /home/ubuntu/workspace/team_project/OnlineCatalog/index.php:42
Stack trace:
#0 /home/ubuntu/workspace/team_project/OnlineCatalog/index.php(42): PDOStatement->execute()
#1 /home/ubuntu/workspace/team_project/OnlineCatalog/index.php(140): getItems()
#2 {main}
  thrown in /home/ubuntu/workspace/team_project/OnlineCatalog/index.php on line 42
[03-Nov-2017 22:06:55 UTC] PHP Fatal error:  Uncaught exception 'PDOException' with message 'SQLSTATE[42000]: Syntax error or access violation: 1064 You have an error in your SQL syntax; check the manual that corresponds to your MySQL server version for the right syntax to use near 'BY game_name' at line 2' in /home/ubuntu/workspace/team_project/OnlineCatalog/index.php:42
Stack trace:
#0 /home/ubuntu/workspace/team_project/OnlineCatalog/index.php(42): PDOStatement->execute()
#1 /home/ubuntu/workspace/team_project/OnlineCatalog/index.php(140): getItems()
#2 {main}
  thrown in /home/ubuntu/workspace/team_project/OnlineCatalog/index.php on line 42
[03-Nov-2017 22:06:56 UTC] PHP Fatal error:  Uncaught exception 'PDOException' with message 'SQLSTATE[42000]: Syntax error or access violation: 1064 You have an error in your SQL syntax; check the manual that corresponds to your MySQL server version for the right syntax to use near 'BY game_name' at line 2' in /home/ubuntu/workspace/team_project/OnlineCatalog/index.php:42
Stack trace:
#0 /home/ubuntu/workspace/team_project/OnlineCatalog/index.php(42): PDOStatement->execute()
#1 /home/ubuntu/workspace/team_project/OnlineCatalog/index.php(140): getItems()
#2 {main}
  thrown in /home/ubuntu/workspace/team_project/OnlineCatalog/index.php on line 42
[03-Nov-2017 22:07:39 UTC] PHP Fatal error:  Uncaught exception 'PDOException' with message 'SQLSTATE[42000]: Syntax error or access violation: 1064 You have an error in your SQL syntax; check the manual that corresponds to your MySQL server version for the right syntax to use near 'BY game_name' at line 2' in /home/ubuntu/workspace/team_project/OnlineCatalog/index.php:42
Stack trace:
#0 /home/ubuntu/workspace/team_project/OnlineCatalog/index.php(42): PDOStatement->execute()
#1 /home/ubuntu/workspace/team_project/OnlineCatalog/index.php(140): getItems()
#2 {main}
  thrown in /home/ubuntu/workspace/team_project/OnlineCatalog/index.php on line 42
[03-Nov-2017 22:07:40 UTC] PHP Fatal error:  Uncaught exception 'PDOException' with message 'SQLSTATE[42000]: Syntax error or access violation: 1064 You have an error in your SQL syntax; check the manual that corresponds to your MySQL server version for the right syntax to use near 'BY game_name' at line 2' in /home/ubuntu/workspace/team_project/OnlineCatalog/index.php:42
Stack trace:
#0 /home/ubuntu/workspace/team_project/OnlineCatalog/index.php(42): PDOStatement->execute()
#1 /home/ubuntu/workspace/team_project/OnlineCatalog/index.php(140): getItems()
#2 {main}
  thrown in /home/ubuntu/workspace/team_project/OnlineCatalog/index.php on line 42
[03-Nov-2017 22:07:41 UTC] PHP Fatal error:  Uncaught exception 'PDOException' with message 'SQLSTATE[42000]: Syntax error or access violation: 1064 You have an error in your SQL syntax; check the manual that corresponds to your MySQL server version for the right syntax to use near 'BY game_name' at line 2' in /home/ubuntu/workspace/team_project/OnlineCatalog/index.php:42
Stack trace:
#0 /home/ubuntu/workspace/team_project/OnlineCatalog/index.php(42): PDOStatement->execute()
#1 /home/ubuntu/workspace/team_project/OnlineCatalog/index.php(140): getItems()
#2 {main}
  thrown in /home/ubuntu/workspace/team_project/OnlineCatalog/index.php on line 42
[03-Nov-2017 22:07:42 UTC] PHP Fatal error:  Uncaught exception 'PDOException' with message 'SQLSTATE[42000]: Syntax error or access violation: 1064 You have an error in your SQL syntax; check the manual that corresponds to your MySQL server version for the right syntax to use near 'BY game_name' at line 2' in /home/ubuntu/workspace/team_project/OnlineCatalog/index.php:42
Stack trace:
#0 /home/ubuntu/workspace/team_project/OnlineCatalog/index.php(42): PDOStatement->execute()
#1 /home/ubuntu/workspace/team_project/OnlineCatalog/index.php(140): getItems()
#2 {main}
  thrown in /home/ubuntu/workspace/team_project/OnlineCatalog/index.php on line 42
[03-Nov-2017 22:07:43 UTC] PHP Fatal error:  Uncaught exception 'PDOException' with message 'SQLSTATE[42000]: Syntax error or access violation: 1064 You have an error in your SQL syntax; check the manual that corresponds to your MySQL server version for the right syntax to use near 'BY game_name' at line 2' in /home/ubuntu/workspace/team_project/OnlineCatalog/index.php:42
Stack trace:
#0 /home/ubuntu/workspace/team_project/OnlineCatalog/index.php(42): PDOStatement->execute()
#1 /home/ubuntu/workspace/team_project/OnlineCatalog/index.php(140): getItems()
#2 {main}
  thrown in /home/ubuntu/workspace/team_project/OnlineCatalog/index.php on line 42
[03-Nov-2017 22:07:43 UTC] PHP Fatal error:  Uncaught exception 'PDOException' with message 'SQLSTATE[42000]: Syntax error or access violation: 1064 You have an error in your SQL syntax; check the manual that corresponds to your MySQL server version for the right syntax to use near 'BY game_name' at line 2' in /home/ubuntu/workspace/team_project/OnlineCatalog/index.php:42
Stack trace:
#0 /home/ubuntu/workspace/team_project/OnlineCatalog/index.php(42): PDOStatement->execute()
#1 /home/ubuntu/workspace/team_project/OnlineCatalog/index.php(140): getItems()
#2 {main}
  thrown in /home/ubuntu/workspace/team_project/OnlineCatalog/index.php on line 42
[03-Nov-2017 22:07:44 UTC] PHP Fatal error:  Uncaught exception 'PDOException' with message 'SQLSTATE[42000]: Syntax error or access violation: 1064 You have an error in your SQL syntax; check the manual that corresponds to your MySQL server version for the right syntax to use near 'BY game_name' at line 2' in /home/ubuntu/workspace/team_project/OnlineCatalog/index.php:42
Stack trace:
#0 /home/ubuntu/workspace/team_project/OnlineCatalog/index.php(42): PDOStatement->execute()
#1 /home/ubuntu/workspace/team_project/OnlineCatalog/index.php(140): getItems()
#2 {main}
  thrown in /home/ubuntu/workspace/team_project/OnlineCatalog/index.php on line 42
[03-Nov-2017 22:08:30 UTC] PHP Fatal error:  Uncaught exception 'PDOException' with message 'SQLSTATE[42000]: Syntax error or access violation: 1064 You have an error in your SQL syntax; check the manual that corresponds to your MySQL server version for the right syntax to use near 'BY game_name' at line 2' in /home/ubuntu/workspace/team_project/OnlineCatalog/index.php:42
Stack trace:
#0 /home/ubuntu/workspace/team_project/OnlineCatalog/index.php(42): PDOStatement->execute()
#1 /home/ubuntu/workspace/team_project/OnlineCatalog/index.php(140): getItems()
#2 {main}
  thrown in /home/ubuntu/workspace/team_project/OnlineCatalog/index.php on line 42
[03-Nov-2017 22:08:30 UTC] PHP Fatal error:  Uncaught exception 'PDOException' with message 'SQLSTATE[42000]: Syntax error or access violation: 1064 You have an error in your SQL syntax; check the manual that corresponds to your MySQL server version for the right syntax to use near 'BY game_name' at line 2' in /home/ubuntu/workspace/team_project/OnlineCatalog/index.php:42
Stack trace:
#0 /home/ubuntu/workspace/team_project/OnlineCatalog/index.php(42): PDOStatement->execute()
#1 /home/ubuntu/workspace/team_project/OnlineCatalog/index.php(140): getItems()
#2 {main}
  thrown in /home/ubuntu/workspace/team_project/OnlineCatalog/index.php on line 42
[03-Nov-2017 22:08:31 UTC] PHP Fatal error:  Uncaught exception 'PDOException' with message 'SQLSTATE[42000]: Syntax error or access violation: 1064 You have an error in your SQL syntax; check the manual that corresponds to your MySQL server version for the right syntax to use near 'BY game_name' at line 2' in /home/ubuntu/workspace/team_project/OnlineCatalog/index.php:42
Stack trace:
#0 /home/ubuntu/workspace/team_project/OnlineCatalog/index.php(42): PDOStatement->execute()
#1 /home/ubuntu/workspace/team_project/OnlineCatalog/index.php(140): getItems()
#2 {main}
  thrown in /home/ubuntu/workspace/team_project/OnlineCatalog/index.php on line 42
[03-Nov-2017 22:15:10 UTC] PHP Fatal error:  Uncaught exception 'PDOException' with message 'SQLSTATE[42000]: Syntax error or access violation: 1064 You have an error in your SQL syntax; check the manual that corresponds to your MySQL server version for the right syntax to use near 'BY game_name' at line 2' in /home/ubuntu/workspace/team_project/OnlineCatalog/index.php:42
Stack trace:
#0 /home/ubuntu/workspace/team_project/OnlineCatalog/index.php(42): PDOStatement->execute()
#1 /home/ubuntu/workspace/team_project/OnlineCatalog/index.php(140): getItems()
#2 {main}
  thrown in /home/ubuntu/workspace/team_project/OnlineCatalog/index.php on line 42
[03-Nov-2017 22:15:11 UTC] PHP Fatal error:  Uncaught exception 'PDOException' with message 'SQLSTATE[42000]: Syntax error or access violation: 1064 You have an error in your SQL syntax; check the manual that corresponds to your MySQL server version for the right syntax to use near 'BY game_name' at line 2' in /home/ubuntu/workspace/team_project/OnlineCatalog/index.php:42
Stack trace:
#0 /home/ubuntu/workspace/team_project/OnlineCatalog/index.php(42): PDOStatement->execute()
#1 /home/ubuntu/workspace/team_project/OnlineCatalog/index.php(140): getItems()
#2 {main}
  thrown in /home/ubuntu/workspace/team_project/OnlineCatalog/index.php on line 42
[06-Nov-2017 15:43:54 UTC] PHP Parse error:  syntax error, unexpected '<<' (T_SL) in /home/ubuntu/workspace/team_project/OnlineCatalog/viewcart.php on line 22
[06-Nov-2017 17:57:35 UTC] PHP Parse error:  syntax error, unexpected '<<' (T_SL) in /home/ubuntu/workspace/team_project/OnlineCatalog/viewcart.php on line 22
[06-Nov-2017 18:02:48 UTC] PHP Warning:  Missing argument 1 for showItem(), called in /home/ubuntu/workspace/team_project/OnlineCatalog/viewcart.php on line 48 and defined in /home/ubuntu/workspace/team_project/OnlineCatalog/viewcart.php on line 21
[06-Nov-2017 18:02:48 UTC] PHP Stack trace:
[06-Nov-2017 18:02:48 UTC] PHP   1. {main}() /home/ubuntu/workspace/team_project/OnlineCatalog/viewcart.php:0
[06-Nov-2017 18:02:48 UTC] PHP   2. showItem() /home/ubuntu/workspace/team_project/OnlineCatalog/viewcart.php:48
[06-Nov-2017 18:24:10 UTC] PHP Fatal error:  Uncaught exception 'PDOException' with message 'SQLSTATE[HY093]: Invalid parameter number: no parameters were bound' in /home/ubuntu/workspace/team_project/OnlineCatalog/index.php:42
Stack trace:
#0 /home/ubuntu/workspace/team_project/OnlineCatalog/index.php(42): PDOStatement->execute()
#1 /home/ubuntu/workspace/team_project/OnlineCatalog/index.php(134): getItems()
#2 {main}
  thrown in /home/ubuntu/workspace/team_project/OnlineCatalog/index.php on line 42
[06-Nov-2017 22:27:24 UTC] PHP Warning:  Invalid argument supplied for foreach() in /home/ubuntu/workspace/team_project/OnlineCatalog/index.php on line 53
[06-Nov-2017 22:27:24 UTC] PHP Stack trace:
[06-Nov-2017 22:27:24 UTC] PHP   1. {main}() /home/ubuntu/workspace/team_project/OnlineCatalog/index.php:0
[06-Nov-2017 22:27:24 UTC] PHP   2. display() /home/ubuntu/workspace/team_project/OnlineCatalog/index.php:160
[06-Nov-2017 22:27:24 UTC] PHP Warning:  Invalid argument supplied for foreach() in /home/ubuntu/workspace/team_project/OnlineCatalog/index.php on line 66
[06-Nov-2017 22:27:24 UTC] PHP Stack trace:
[06-Nov-2017 22:27:24 UTC] PHP   1. {main}() /home/ubuntu/workspace/team_project/OnlineCatalog/index.php:0
[06-Nov-2017 22:27:24 UTC] PHP   2. showItems() /home/ubuntu/workspace/team_project/OnlineCatalog/index.php:161
[06-Nov-2017 22:27:29 UTC] PHP Warning:  Invalid argument supplied for foreach() in /home/ubuntu/workspace/team_project/OnlineCatalog/index.php on line 53
[06-Nov-2017 22:27:29 UTC] PHP Stack trace:
[06-Nov-2017 22:27:29 UTC] PHP   1. {main}() /home/ubuntu/workspace/team_project/OnlineCatalog/index.php:0
[06-Nov-2017 22:27:29 UTC] PHP   2. display() /home/ubuntu/workspace/team_project/OnlineCatalog/index.php:160
[06-Nov-2017 22:27:29 UTC] PHP Warning:  Invalid argument supplied for foreach() in /home/ubuntu/workspace/team_project/OnlineCatalog/index.php on line 66
[06-Nov-2017 22:27:29 UTC] PHP Stack trace:
[06-Nov-2017 22:27:29 UTC] PHP   1. {main}() /home/ubuntu/workspace/team_project/OnlineCatalog/index.php:0
[06-Nov-2017 22:27:29 UTC] PHP   2. showItems() /home/ubuntu/workspace/team_project/OnlineCatalog/index.php:161
[06-Nov-2017 22:27:36 UTC] PHP Warning:  Invalid argument supplied for foreach() in /home/ubuntu/workspace/team_project/OnlineCatalog/index.php on line 53
[06-Nov-2017 22:27:36 UTC] PHP Stack trace:
[06-Nov-2017 22:27:36 UTC] PHP   1. {main}() /home/ubuntu/workspace/team_project/OnlineCatalog/index.php:0
[06-Nov-2017 22:27:36 UTC] PHP   2. display() /home/ubuntu/workspace/team_project/OnlineCatalog/index.php:160
[06-Nov-2017 22:27:36 UTC] PHP Warning:  Invalid argument supplied for foreach() in /home/ubuntu/workspace/team_project/OnlineCatalog/index.php on line 66
[06-Nov-2017 22:27:36 UTC] PHP Stack trace:
[06-Nov-2017 22:27:36 UTC] PHP   1. {main}() /home/ubuntu/workspace/team_project/OnlineCatalog/index.php:0
[06-Nov-2017 22:27:36 UTC] PHP   2. showItems() /home/ubuntu/workspace/team_project/OnlineCatalog/index.php:161
[06-Nov-2017 22:27:45 UTC] PHP Warning:  Invalid argument supplied for foreach() in /home/ubuntu/workspace/team_project/OnlineCatalog/index.php on line 53
[06-Nov-2017 22:27:45 UTC] PHP Stack trace:
[06-Nov-2017 22:27:45 UTC] PHP   1. {main}() /home/ubuntu/workspace/team_project/OnlineCatalog/index.php:0
[06-Nov-2017 22:27:45 UTC] PHP   2. display() /home/ubuntu/workspace/team_project/OnlineCatalog/index.php:160
[06-Nov-2017 22:27:45 UTC] PHP Warning:  Invalid argument supplied for foreach() in /home/ubuntu/workspace/team_project/OnlineCatalog/index.php on line 66
[06-Nov-2017 22:27:45 UTC] PHP Stack trace:
[06-Nov-2017 22:27:45 UTC] PHP   1. {main}() /home/ubuntu/workspace/team_project/OnlineCatalog/index.php:0
[06-Nov-2017 22:27:45 UTC] PHP   2. showItems() /home/ubuntu/workspace/team_project/OnlineCatalog/index.php:161
[06-Nov-2017 22:28:52 UTC] PHP Warning:  Invalid argument supplied for foreach() in /home/ubuntu/workspace/team_project/OnlineCatalog/index.php on line 53
[06-Nov-2017 22:28:52 UTC] PHP Stack trace:
[06-Nov-2017 22:28:52 UTC] PHP   1. {main}() /home/ubuntu/workspace/team_project/OnlineCatalog/index.php:0
[06-Nov-2017 22:28:52 UTC] PHP   2. display() /home/ubuntu/workspace/team_project/OnlineCatalog/index.php:160
[06-Nov-2017 22:28:52 UTC] PHP Warning:  Invalid argument supplied for foreach() in /home/ubuntu/workspace/team_project/OnlineCatalog/index.php on line 66
[06-Nov-2017 22:28:52 UTC] PHP Stack trace:
[06-Nov-2017 22:28:52 UTC] PHP   1. {main}() /home/ubuntu/workspace/team_project/OnlineCatalog/index.php:0
[06-Nov-2017 22:28:52 UTC] PHP   2. showItems() /home/ubuntu/workspace/team_project/OnlineCatalog/index.php:161
[06-Nov-2017 22:28:56 UTC] PHP Warning:  Invalid argument supplied for foreach() in /home/ubuntu/workspace/team_project/OnlineCatalog/index.php on line 53
[06-Nov-2017 22:28:56 UTC] PHP Stack trace:
[06-Nov-2017 22:28:56 UTC] PHP   1. {main}() /home/ubuntu/workspace/team_project/OnlineCatalog/index.php:0
[06-Nov-2017 22:28:56 UTC] PHP   2. display() /home/ubuntu/workspace/team_project/OnlineCatalog/index.php:160
[06-Nov-2017 22:28:56 UTC] PHP Warning:  Invalid argument supplied for foreach() in /home/ubuntu/workspace/team_project/OnlineCatalog/index.php on line 66
[06-Nov-2017 22:28:56 UTC] PHP Stack trace:
[06-Nov-2017 22:28:56 UTC] PHP   1. {main}() /home/ubuntu/workspace/team_project/OnlineCatalog/index.php:0
[06-Nov-2017 22:28:56 UTC] PHP   2. showItems() /home/ubuntu/workspace/team_project/OnlineCatalog/index.php:161
[06-Nov-2017 23:11:17 UTC] PHP Parse error:  syntax error, unexpected '===' (T_IS_IDENTICAL) in /home/ubuntu/workspace/team_project/OnlineCatalog/index.php on line 13
[06-Nov-2017 23:11:19 UTC] PHP Parse error:  syntax error, unexpected '===' (T_IS_IDENTICAL) in /home/ubuntu/workspace/team_project/OnlineCatalog/index.php on line 13
[07-Nov-2017 08:17:42 UTC] PHP Parse error:  syntax error, unexpected 'echo' (T_ECHO), expecting ',' or ';' in /home/ubuntu/workspace/team_project/OnlineCatalog/viewcart.php on line 28
