[11-Oct-2017 20:01:12 UTC] PHP Fatal error:  Uncaught exception 'PDOException' with message 'SQLSTATE[42000]: Syntax error or access violation: 1064 You have an error in your SQL syntax; check the manual that corresponds to your MySQL server version for the right syntax to use near ''tc_user' INNER JOIN tc_department ON tc_user.dept.Id = tc_depratment.department' at line 1' in /home/ubuntu/workspace/cst336/labs/lab5/practice.php:52
Stack trace:
#0 /home/ubuntu/workspace/cst336/labs/lab5/practice.php(52): PDOStatement->execute()
#1 /home/ubuntu/workspace/cst336/labs/lab5/practice.php(78): getUsersAndDep()
#2 {main}
  thrown in /home/ubuntu/workspace/cst336/labs/lab5/practice.php on line 52
[11-Oct-2017 20:15:08 UTC] PHP Fatal error:  Uncaught exception 'PDOException' with message 'SQLSTATE[42000]: Syntax error or access violation: 1064 You have an error in your SQL syntax; check the manual that corresponds to your MySQL server version for the right syntax to use near ''tc_user' INNER JOIN tc_department ON tc_user.dept.Id = tc_depratment.department' at line 1' in /home/ubuntu/workspace/cst336/labs/lab5/practice.php:52
Stack trace:
#0 /home/ubuntu/workspace/cst336/labs/lab5/practice.php(52): PDOStatement->execute()
#1 /home/ubuntu/workspace/cst336/labs/lab5/practice.php(78): getUsersAndDep()
#2 {main}
  thrown in /home/ubuntu/workspace/cst336/labs/lab5/practice.php on line 52
[11-Oct-2017 20:51:15 UTC] PHP Fatal error:  Uncaught exception 'PDOException' with message 'SQLSTATE[42000]: Syntax error or access violation: 1064 You have an error in your SQL syntax; check the manual that corresponds to your MySQL server version for the right syntax to use near 'ASC' at line 3' in /home/ubuntu/workspace/cst336/labs/lab5/index.php:30
Stack trace:
#0 /home/ubuntu/workspace/cst336/labs/lab5/index.php(30): PDOStatement->execute()
#1 /home/ubuntu/workspace/cst336/labs/lab5/index.php(64): displayDevices()
#2 {main}
  thrown in /home/ubuntu/workspace/cst336/labs/lab5/index.php on line 30
[11-Oct-2017 20:51:46 UTC] PHP Fatal error:  Uncaught exception 'PDOException' with message 'SQLSTATE[42000]: Syntax error or access violation: 1064 You have an error in your SQL syntax; check the manual that corresponds to your MySQL server version for the right syntax to use near 'ASC' at line 3' in /home/ubuntu/workspace/cst336/labs/lab5/index.php:30
Stack trace:
#0 /home/ubuntu/workspace/cst336/labs/lab5/index.php(30): PDOStatement->execute()
#1 /home/ubuntu/workspace/cst336/labs/lab5/index.php(64): displayDevices()
#2 {main}
  thrown in /home/ubuntu/workspace/cst336/labs/lab5/index.php on line 30
[11-Oct-2017 20:51:47 UTC] PHP Fatal error:  Uncaught exception 'PDOException' with message 'SQLSTATE[42000]: Syntax error or access violation: 1064 You have an error in your SQL syntax; check the manual that corresponds to your MySQL server version for the right syntax to use near 'ASC' at line 3' in /home/ubuntu/workspace/cst336/labs/lab5/index.php:30
Stack trace:
#0 /home/ubuntu/workspace/cst336/labs/lab5/index.php(30): PDOStatement->execute()
#1 /home/ubuntu/workspace/cst336/labs/lab5/index.php(64): displayDevices()
#2 {main}
  thrown in /home/ubuntu/workspace/cst336/labs/lab5/index.php on line 30
[11-Oct-2017 20:52:03 UTC] PHP Fatal error:  Uncaught exception 'PDOException' with message 'SQLSTATE[42000]: Syntax error or access violation: 1064 You have an error in your SQL syntax; check the manual that corresponds to your MySQL server version for the right syntax to use near 'ASC' at line 3' in /home/ubuntu/workspace/cst336/labs/lab5/index.php:30
Stack trace:
#0 /home/ubuntu/workspace/cst336/labs/lab5/index.php(30): PDOStatement->execute()
#1 /home/ubuntu/workspace/cst336/labs/lab5/index.php(64): displayDevices()
#2 {main}
  thrown in /home/ubuntu/workspace/cst336/labs/lab5/index.php on line 30
[11-Oct-2017 20:52:04 UTC] PHP Fatal error:  Uncaught exception 'PDOException' with message 'SQLSTATE[42000]: Syntax error or access violation: 1064 You have an error in your SQL syntax; check the manual that corresponds to your MySQL server version for the right syntax to use near 'ASC' at line 3' in /home/ubuntu/workspace/cst336/labs/lab5/index.php:30
Stack trace:
#0 /home/ubuntu/workspace/cst336/labs/lab5/index.php(30): PDOStatement->execute()
#1 /home/ubuntu/workspace/cst336/labs/lab5/index.php(64): displayDevices()
#2 {main}
  thrown in /home/ubuntu/workspace/cst336/labs/lab5/index.php on line 30
[11-Oct-2017 20:52:05 UTC] PHP Fatal error:  Uncaught exception 'PDOException' with message 'SQLSTATE[42000]: Syntax error or access violation: 1064 You have an error in your SQL syntax; check the manual that corresponds to your MySQL server version for the right syntax to use near 'ASC' at line 3' in /home/ubuntu/workspace/cst336/labs/lab5/index.php:30
Stack trace:
#0 /home/ubuntu/workspace/cst336/labs/lab5/index.php(30): PDOStatement->execute()
#1 /home/ubuntu/workspace/cst336/labs/lab5/index.php(64): displayDevices()
#2 {main}
  thrown in /home/ubuntu/workspace/cst336/labs/lab5/index.php on line 30
[11-Oct-2017 20:52:06 UTC] PHP Fatal error:  Uncaught exception 'PDOException' with message 'SQLSTATE[42000]: Syntax error or access violation: 1064 You have an error in your SQL syntax; check the manual that corresponds to your MySQL server version for the right syntax to use near 'ASC' at line 3' in /home/ubuntu/workspace/cst336/labs/lab5/index.php:30
Stack trace:
#0 /home/ubuntu/workspace/cst336/labs/lab5/index.php(30): PDOStatement->execute()
#1 /home/ubuntu/workspace/cst336/labs/lab5/index.php(64): displayDevices()
#2 {main}
  thrown in /home/ubuntu/workspace/cst336/labs/lab5/index.php on line 30
[13-Oct-2017 19:50:57 UTC] PHP Parse error:  syntax error, unexpected '}' in /home/ubuntu/workspace/cst336/labs/lab5/index.php on line 78
[14-Oct-2017 17:35:15 UTC] PHP Fatal error:  Uncaught exception 'PDOException' with message 'SQLSTATE[42000]: Syntax error or access violation: 1064 You have an error in your SQL syntax; check the manual that corresponds to your MySQL server version for the right syntax to use near 'ORDER BY price' at line 1' in /home/ubuntu/workspace/cst336/labs/lab5/index.php:80
Stack trace:
#0 /home/ubuntu/workspace/cst336/labs/lab5/index.php(80): PDOStatement->execute(Array)
#1 /home/ubuntu/workspace/cst336/labs/lab5/index.php(129): displayDevices()
#2 {main}
  thrown in /home/ubuntu/workspace/cst336/labs/lab5/index.php on line 80
[14-Oct-2017 17:40:56 UTC] PHP Parse error:  syntax error, unexpected '=' in /home/ubuntu/workspace/cst336/labs/lab5/index.php on line 66
[14-Oct-2017 17:41:28 UTC] PHP Fatal error:  Uncaught exception 'PDOException' with message 'SQLSTATE[HY093]: Invalid parameter number: number of bound variables does not match number of tokens' in /home/ubuntu/workspace/cst336/labs/lab5/index.php:80
Stack trace:
#0 /home/ubuntu/workspace/cst336/labs/lab5/index.php(80): PDOStatement->execute(Array)
#1 /home/ubuntu/workspace/cst336/labs/lab5/index.php(129): displayDevices()
#2 {main}
  thrown in /home/ubuntu/workspace/cst336/labs/lab5/index.php on line 80
[14-Oct-2017 17:46:41 UTC] PHP Fatal error:  Uncaught exception 'PDOException' with message 'SQLSTATE[HY093]: Invalid parameter number: number of bound variables does not match number of tokens' in /home/ubuntu/workspace/cst336/labs/lab5/index.php:80
Stack trace:
#0 /home/ubuntu/workspace/cst336/labs/lab5/index.php(80): PDOStatement->execute(Array)
#1 /home/ubuntu/workspace/cst336/labs/lab5/index.php(129): displayDevices()
#2 {main}
  thrown in /home/ubuntu/workspace/cst336/labs/lab5/index.php on line 80
[14-Oct-2017 17:53:42 UTC] PHP Fatal error:  Uncaught exception 'PDOException' with message 'SQLSTATE[42000]: Syntax error or access violation: 1064 You have an error in your SQL syntax; check the manual that corresponds to your MySQL server version for the right syntax to use near 'BY deviceName' at line 1' in /home/ubuntu/workspace/cst336/labs/lab5/index.php:83
Stack trace:
#0 /home/ubuntu/workspace/cst336/labs/lab5/index.php(83): PDOStatement->execute(NULL)
#1 /home/ubuntu/workspace/cst336/labs/lab5/index.php(132): displayDevices()
#2 {main}
  thrown in /home/ubuntu/workspace/cst336/labs/lab5/index.php on line 83
[14-Oct-2017 17:55:22 UTC] PHP Fatal error:  Uncaught exception 'PDOException' with message 'SQLSTATE[42000]: Syntax error or access violation: 1064 You have an error in your SQL syntax; check the manual that corresponds to your MySQL server version for the right syntax to use near 'BY deviceName' at line 1' in /home/ubuntu/workspace/cst336/labs/lab5/index.php:85
Stack trace:
#0 /home/ubuntu/workspace/cst336/labs/lab5/index.php(85): PDOStatement->execute(NULL)
#1 /home/ubuntu/workspace/cst336/labs/lab5/index.php(134): displayDevices()
#2 {main}
  thrown in /home/ubuntu/workspace/cst336/labs/lab5/index.php on line 85
[14-Oct-2017 20:03:25 UTC] PHP Fatal error:  Uncaught exception 'PDOException' with message 'SQLSTATE[42000]: Syntax error or access violation: 1064 You have an error in your SQL syntax; check the manual that corresponds to your MySQL server version for the right syntax to use near 'WHERE status='A'' at line 1' in /home/ubuntu/workspace/cst336/labs/lab5/index.php:85
Stack trace:
#0 /home/ubuntu/workspace/cst336/labs/lab5/index.php(85): PDOStatement->execute(Array)
#1 /home/ubuntu/workspace/cst336/labs/lab5/index.php(134): displayDevices()
#2 {main}
  thrown in /home/ubuntu/workspace/cst336/labs/lab5/index.php on line 85
[14-Oct-2017 20:03:27 UTC] PHP Fatal error:  Uncaught exception 'PDOException' with message 'SQLSTATE[42000]: Syntax error or access violation: 1064 You have an error in your SQL syntax; check the manual that corresponds to your MySQL server version for the right syntax to use near 'WHERE status='A'' at line 1' in /home/ubuntu/workspace/cst336/labs/lab5/index.php:85
Stack trace:
#0 /home/ubuntu/workspace/cst336/labs/lab5/index.php(85): PDOStatement->execute(Array)
#1 /home/ubuntu/workspace/cst336/labs/lab5/index.php(134): displayDevices()
#2 {main}
  thrown in /home/ubuntu/workspace/cst336/labs/lab5/index.php on line 85
[14-Oct-2017 20:07:29 UTC] PHP Fatal error:  Uncaught exception 'PDOException' with message 'SQLSTATE[42000]: Syntax error or access violation: 1064 You have an error in your SQL syntax; check the manual that corresponds to your MySQL server version for the right syntax to use near 'WHERE status='A'' at line 1' in /home/ubuntu/workspace/cst336/labs/lab5/index.php:85
Stack trace:
#0 /home/ubuntu/workspace/cst336/labs/lab5/index.php(85): PDOStatement->execute(Array)
#1 /home/ubuntu/workspace/cst336/labs/lab5/index.php(134): displayDevices()
#2 {main}
  thrown in /home/ubuntu/workspace/cst336/labs/lab5/index.php on line 85
[14-Oct-2017 20:07:43 UTC] PHP Fatal error:  Uncaught exception 'PDOException' with message 'SQLSTATE[42000]: Syntax error or access violation: 1064 You have an error in your SQL syntax; check the manual that corresponds to your MySQL server version for the right syntax to use near 'WHERE status='A'  ORDER BY price' at line 1' in /home/ubuntu/workspace/cst336/labs/lab5/index.php:85
Stack trace:
#0 /home/ubuntu/workspace/cst336/labs/lab5/index.php(85): PDOStatement->execute(Array)
#1 /home/ubuntu/workspace/cst336/labs/lab5/index.php(134): displayDevices()
#2 {main}
  thrown in /home/ubuntu/workspace/cst336/labs/lab5/index.php on line 85
[14-Oct-2017 20:52:40 UTC] PHP Fatal error:  Uncaught exception 'PDOException' with message 'SQLSTATE[42000]: Syntax error or access violation: 1064 You have an error in your SQL syntax; check the manual that corresponds to your MySQL server version for the right syntax to use near 'WHERE status = 'A'' at line 1' in /home/ubuntu/workspace/cst336/labs/lab5/index.php:86
Stack trace:
#0 /home/ubuntu/workspace/cst336/labs/lab5/index.php(86): PDOStatement->execute(Array)
#1 /home/ubuntu/workspace/cst336/labs/lab5/index.php(135): displayDevices()
#2 {main}
  thrown in /home/ubuntu/workspace/cst336/labs/lab5/index.php on line 86
[14-Oct-2017 20:53:01 UTC] PHP Fatal error:  Uncaught exception 'PDOException' with message 'SQLSTATE[42000]: Syntax error or access violation: 1064 You have an error in your SQL syntax; check the manual that corresponds to your MySQL server version for the right syntax to use near 'WHERE status = 'A'' at line 1' in /home/ubuntu/workspace/cst336/labs/lab5/index.php:86
Stack trace:
#0 /home/ubuntu/workspace/cst336/labs/lab5/index.php(86): PDOStatement->execute(Array)
#1 /home/ubuntu/workspace/cst336/labs/lab5/index.php(135): displayDevices()
#2 {main}
  thrown in /home/ubuntu/workspace/cst336/labs/lab5/index.php on line 86
[14-Oct-2017 20:58:44 UTC] PHP Fatal error:  Uncaught exception 'PDOException' with message 'SQLSTATE[42000]: Syntax error or access violation: 1064 You have an error in your SQL syntax; check the manual that corresponds to your MySQL server version for the right syntax to use near 'WHERE status = 'A' = NULL' at line 1' in /home/ubuntu/workspace/cst336/labs/lab5/index.php:86
Stack trace:
#0 /home/ubuntu/workspace/cst336/labs/lab5/index.php(86): PDOStatement->execute(Array)
#1 /home/ubuntu/workspace/cst336/labs/lab5/index.php(135): displayDevices()
#2 {main}
  thrown in /home/ubuntu/workspace/cst336/labs/lab5/index.php on line 86
[14-Oct-2017 21:02:45 UTC] PHP Fatal error:  Uncaught exception 'PDOException' with message 'SQLSTATE[42000]: Syntax error or access violation: 1064 You have an error in your SQL syntax; check the manual that corresponds to your MySQL server version for the right syntax to use near 'WHERE status = 'A'' at line 1' in /home/ubuntu/workspace/cst336/labs/lab5/index.php:86
Stack trace:
#0 /home/ubuntu/workspace/cst336/labs/lab5/index.php(86): PDOStatement->execute(Array)
#1 /home/ubuntu/workspace/cst336/labs/lab5/index.php(135): displayDevices()
#2 {main}
  thrown in /home/ubuntu/workspace/cst336/labs/lab5/index.php on line 86
[14-Oct-2017 21:02:51 UTC] PHP Fatal error:  Uncaught exception 'PDOException' with message 'SQLSTATE[42000]: Syntax error or access violation: 1064 You have an error in your SQL syntax; check the manual that corresponds to your MySQL server version for the right syntax to use near 'WHERE status = 'A'' at line 1' in /home/ubuntu/workspace/cst336/labs/lab5/index.php:86
Stack trace:
#0 /home/ubuntu/workspace/cst336/labs/lab5/index.php(86): PDOStatement->execute(Array)
#1 /home/ubuntu/workspace/cst336/labs/lab5/index.php(135): displayDevices()
#2 {main}
  thrown in /home/ubuntu/workspace/cst336/labs/lab5/index.php on line 86
[14-Oct-2017 21:03:38 UTC] PHP Fatal error:  Uncaught exception 'PDOException' with message 'SQLSTATE[42000]: Syntax error or access violation: 1064 You have an error in your SQL syntax; check the manual that corresponds to your MySQL server version for the right syntax to use near 'WHERE status = 'A'' at line 1' in /home/ubuntu/workspace/cst336/labs/lab5/index.php:86
Stack trace:
#0 /home/ubuntu/workspace/cst336/labs/lab5/index.php(86): PDOStatement->execute(Array)
#1 /home/ubuntu/workspace/cst336/labs/lab5/index.php(135): displayDevices()
#2 {main}
  thrown in /home/ubuntu/workspace/cst336/labs/lab5/index.php on line 86
[14-Oct-2017 21:03:41 UTC] PHP Fatal error:  Uncaught exception 'PDOException' with message 'SQLSTATE[42000]: Syntax error or access violation: 1064 You have an error in your SQL syntax; check the manual that corresponds to your MySQL server version for the right syntax to use near 'WHERE status = 'A'' at line 1' in /home/ubuntu/workspace/cst336/labs/lab5/index.php:86
Stack trace:
#0 /home/ubuntu/workspace/cst336/labs/lab5/index.php(86): PDOStatement->execute(Array)
#1 /home/ubuntu/workspace/cst336/labs/lab5/index.php(135): displayDevices()
#2 {main}
  thrown in /home/ubuntu/workspace/cst336/labs/lab5/index.php on line 86
[14-Oct-2017 21:03:42 UTC] PHP Fatal error:  Uncaught exception 'PDOException' with message 'SQLSTATE[42000]: Syntax error or access violation: 1064 You have an error in your SQL syntax; check the manual that corresponds to your MySQL server version for the right syntax to use near 'WHERE status = 'A'' at line 1' in /home/ubuntu/workspace/cst336/labs/lab5/index.php:86
Stack trace:
#0 /home/ubuntu/workspace/cst336/labs/lab5/index.php(86): PDOStatement->execute(Array)
#1 /home/ubuntu/workspace/cst336/labs/lab5/index.php(135): displayDevices()
#2 {main}
  thrown in /home/ubuntu/workspace/cst336/labs/lab5/index.php on line 86
[14-Oct-2017 21:03:44 UTC] PHP Fatal error:  Uncaught exception 'PDOException' with message 'SQLSTATE[42000]: Syntax error or access violation: 1064 You have an error in your SQL syntax; check the manual that corresponds to your MySQL server version for the right syntax to use near 'WHERE status = 'A'' at line 1' in /home/ubuntu/workspace/cst336/labs/lab5/index.php:86
Stack trace:
#0 /home/ubuntu/workspace/cst336/labs/lab5/index.php(86): PDOStatement->execute(Array)
#1 /home/ubuntu/workspace/cst336/labs/lab5/index.php(135): displayDevices()
#2 {main}
  thrown in /home/ubuntu/workspace/cst336/labs/lab5/index.php on line 86
[14-Oct-2017 21:04:58 UTC] PHP Fatal error:  Uncaught exception 'PDOException' with message 'SQLSTATE[42000]: Syntax error or access violation: 1064 You have an error in your SQL syntax; check the manual that corresponds to your MySQL server version for the right syntax to use near 'WHERE status = 'A'' at line 1' in /home/ubuntu/workspace/cst336/labs/lab5/index.php:86
Stack trace:
#0 /home/ubuntu/workspace/cst336/labs/lab5/index.php(86): PDOStatement->execute(Array)
#1 /home/ubuntu/workspace/cst336/labs/lab5/index.php(135): displayDevices()
#2 {main}
  thrown in /home/ubuntu/workspace/cst336/labs/lab5/index.php on line 86
[14-Oct-2017 21:05:03 UTC] PHP Fatal error:  Uncaught exception 'PDOException' with message 'SQLSTATE[42000]: Syntax error or access violation: 1064 You have an error in your SQL syntax; check the manual that corresponds to your MySQL server version for the right syntax to use near 'WHERE status = 'A'' at line 1' in /home/ubuntu/workspace/cst336/labs/lab5/index.php:86
Stack trace:
#0 /home/ubuntu/workspace/cst336/labs/lab5/index.php(86): PDOStatement->execute(Array)
#1 /home/ubuntu/workspace/cst336/labs/lab5/index.php(135): displayDevices()
#2 {main}
  thrown in /home/ubuntu/workspace/cst336/labs/lab5/index.php on line 86
[14-Oct-2017 21:05:38 UTC] PHP Fatal error:  Uncaught exception 'PDOException' with message 'SQLSTATE[42000]: Syntax error or access violation: 1064 You have an error in your SQL syntax; check the manual that corresponds to your MySQL server version for the right syntax to use near 'WHERE status = 'A'' at line 1' in /home/ubuntu/workspace/cst336/labs/lab5/index.php:86
Stack trace:
#0 /home/ubuntu/workspace/cst336/labs/lab5/index.php(86): PDOStatement->execute(Array)
#1 /home/ubuntu/workspace/cst336/labs/lab5/index.php(135): displayDevices()
#2 {main}
  thrown in /home/ubuntu/workspace/cst336/labs/lab5/index.php on line 86
[14-Oct-2017 21:12:24 UTC] PHP Fatal error:  Uncaught exception 'PDOException' with message 'SQLSTATE[42000]: Syntax error or access violation: 1064 You have an error in your SQL syntax; check the manual that corresponds to your MySQL server version for the right syntax to use near 'WHERE status = 'A'' at line 1' in /home/ubuntu/workspace/cst336/labs/lab5/index.php:86
Stack trace:
#0 /home/ubuntu/workspace/cst336/labs/lab5/index.php(86): PDOStatement->execute(Array)
#1 /home/ubuntu/workspace/cst336/labs/lab5/index.php(135): displayDevices()
#2 {main}
  thrown in /home/ubuntu/workspace/cst336/labs/lab5/index.php on line 86
[14-Oct-2017 21:20:09 UTC] PHP Fatal error:  Uncaught exception 'PDOException' with message 'SQLSTATE[42000]: Syntax error or access violation: 1064 You have an error in your SQL syntax; check the manual that corresponds to your MySQL server version for the right syntax to use near 'WHERE status = NULL' at line 1' in /home/ubuntu/workspace/cst336/labs/lab5/index.php:86
Stack trace:
#0 /home/ubuntu/workspace/cst336/labs/lab5/index.php(86): PDOStatement->execute(Array)
#1 /home/ubuntu/workspace/cst336/labs/lab5/index.php(135): displayDevices()
#2 {main}
  thrown in /home/ubuntu/workspace/cst336/labs/lab5/index.php on line 86
[14-Oct-2017 21:21:44 UTC] PHP Fatal error:  Uncaught exception 'PDOException' with message 'SQLSTATE[42000]: Syntax error or access violation: 1064 You have an error in your SQL syntax; check the manual that corresponds to your MySQL server version for the right syntax to use near 'WHERE status = NULL' at line 1' in /home/ubuntu/workspace/cst336/labs/lab5/index.php:86
Stack trace:
#0 /home/ubuntu/workspace/cst336/labs/lab5/index.php(86): PDOStatement->execute(Array)
#1 /home/ubuntu/workspace/cst336/labs/lab5/index.php(135): displayDevices()
#2 {main}
  thrown in /home/ubuntu/workspace/cst336/labs/lab5/index.php on line 86
[14-Oct-2017 21:21:47 UTC] PHP Fatal error:  Uncaught exception 'PDOException' with message 'SQLSTATE[42000]: Syntax error or access violation: 1064 You have an error in your SQL syntax; check the manual that corresponds to your MySQL server version for the right syntax to use near 'WHERE status = NULL' at line 1' in /home/ubuntu/workspace/cst336/labs/lab5/index.php:86
Stack trace:
#0 /home/ubuntu/workspace/cst336/labs/lab5/index.php(86): PDOStatement->execute(Array)
#1 /home/ubuntu/workspace/cst336/labs/lab5/index.php(135): displayDevices()
#2 {main}
  thrown in /home/ubuntu/workspace/cst336/labs/lab5/index.php on line 86
[14-Oct-2017 21:23:52 UTC] PHP Fatal error:  Uncaught exception 'PDOException' with message 'SQLSTATE[42000]: Syntax error or access violation: 1064 You have an error in your SQL syntax; check the manual that corresponds to your MySQL server version for the right syntax to use near 'WHERE status = 'A'' at line 1' in /home/ubuntu/workspace/cst336/labs/lab5/index.php:86
Stack trace:
#0 /home/ubuntu/workspace/cst336/labs/lab5/index.php(86): PDOStatement->execute(Array)
#1 /home/ubuntu/workspace/cst336/labs/lab5/index.php(135): displayDevices()
#2 {main}
  thrown in /home/ubuntu/workspace/cst336/labs/lab5/index.php on line 86
[14-Oct-2017 21:24:17 UTC] PHP Fatal error:  Uncaught exception 'PDOException' with message 'SQLSTATE[42000]: Syntax error or access violation: 1064 You have an error in your SQL syntax; check the manual that corresponds to your MySQL server version for the right syntax to use near 'WHERE status = A' at line 1' in /home/ubuntu/workspace/cst336/labs/lab5/index.php:86
Stack trace:
#0 /home/ubuntu/workspace/cst336/labs/lab5/index.php(86): PDOStatement->execute(Array)
#1 /home/ubuntu/workspace/cst336/labs/lab5/index.php(135): displayDevices()
#2 {main}
  thrown in /home/ubuntu/workspace/cst336/labs/lab5/index.php on line 86
[14-Oct-2017 21:24:20 UTC] PHP Fatal error:  Uncaught exception 'PDOException' with message 'SQLSTATE[42000]: Syntax error or access violation: 1064 You have an error in your SQL syntax; check the manual that corresponds to your MySQL server version for the right syntax to use near 'WHERE status = A' at line 1' in /home/ubuntu/workspace/cst336/labs/lab5/index.php:86
Stack trace:
#0 /home/ubuntu/workspace/cst336/labs/lab5/index.php(86): PDOStatement->execute(Array)
#1 /home/ubuntu/workspace/cst336/labs/lab5/index.php(135): displayDevices()
#2 {main}
  thrown in /home/ubuntu/workspace/cst336/labs/lab5/index.php on line 86
[14-Oct-2017 21:24:22 UTC] PHP Fatal error:  Uncaught exception 'PDOException' with message 'SQLSTATE[42000]: Syntax error or access violation: 1064 You have an error in your SQL syntax; check the manual that corresponds to your MySQL server version for the right syntax to use near 'WHERE status = A' at line 1' in /home/ubuntu/workspace/cst336/labs/lab5/index.php:86
Stack trace:
#0 /home/ubuntu/workspace/cst336/labs/lab5/index.php(86): PDOStatement->execute(Array)
#1 /home/ubuntu/workspace/cst336/labs/lab5/index.php(135): displayDevices()
#2 {main}
  thrown in /home/ubuntu/workspace/cst336/labs/lab5/index.php on line 86
[14-Oct-2017 21:26:44 UTC] PHP Fatal error:  Uncaught exception 'PDOException' with message 'SQLSTATE[42000]: Syntax error or access violation: 1064 You have an error in your SQL syntax; check the manual that corresponds to your MySQL server version for the right syntax to use near 'where status = 'A'' at line 1' in /home/ubuntu/workspace/cst336/labs/lab5/index.php:86
Stack trace:
#0 /home/ubuntu/workspace/cst336/labs/lab5/index.php(86): PDOStatement->execute(Array)
#1 /home/ubuntu/workspace/cst336/labs/lab5/index.php(135): displayDevices()
#2 {main}
  thrown in /home/ubuntu/workspace/cst336/labs/lab5/index.php on line 86
[14-Oct-2017 21:29:10 UTC] PHP Fatal error:  Uncaught exception 'PDOException' with message 'SQLSTATE[42000]: Syntax error or access violation: 1064 You have an error in your SQL syntax; check the manual that corresponds to your MySQL server version for the right syntax to use near 'where status = 'A'' at line 1' in /home/ubuntu/workspace/cst336/labs/lab5/index.php:86
Stack trace:
#0 /home/ubuntu/workspace/cst336/labs/lab5/index.php(86): PDOStatement->execute(Array)
#1 /home/ubuntu/workspace/cst336/labs/lab5/index.php(135): displayDevices()
#2 {main}
  thrown in /home/ubuntu/workspace/cst336/labs/lab5/index.php on line 86
[14-Oct-2017 21:29:20 UTC] PHP Fatal error:  Uncaught exception 'PDOException' with message 'SQLSTATE[42000]: Syntax error or access violation: 1064 You have an error in your SQL syntax; check the manual that corresponds to your MySQL server version for the right syntax to use near 'where status = 'A'' at line 1' in /home/ubuntu/workspace/cst336/labs/lab5/index.php:86
Stack trace:
#0 /home/ubuntu/workspace/cst336/labs/lab5/index.php(86): PDOStatement->execute(Array)
#1 /home/ubuntu/workspace/cst336/labs/lab5/index.php(135): displayDevices()
#2 {main}
  thrown in /home/ubuntu/workspace/cst336/labs/lab5/index.php on line 86
[14-Oct-2017 21:53:29 UTC] PHP Fatal error:  Uncaught exception 'PDOException' with message 'SQLSTATE[42000]: Syntax error or access violation: 1064 You have an error in your SQL syntax; check the manual that corresponds to your MySQL server version for the right syntax to use near 'where status = NULL' at line 1' in /home/ubuntu/workspace/cst336/labs/lab5/index.php:88
Stack trace:
#0 /home/ubuntu/workspace/cst336/labs/lab5/index.php(88): PDOStatement->execute(Array)
#1 /home/ubuntu/workspace/cst336/labs/lab5/index.php(137): displayDevices()
#2 {main}
  thrown in /home/ubuntu/workspace/cst336/labs/lab5/index.php on line 88
[14-Oct-2017 21:56:01 UTC] PHP Fatal error:  Uncaught exception 'PDOException' with message 'SQLSTATE[42000]: Syntax error or access violation: 1064 You have an error in your SQL syntax; check the manual that corresponds to your MySQL server version for the right syntax to use near 'WHERE status = 'A'' at line 1' in /home/ubuntu/workspace/cst336/labs/lab5/index.php:88
Stack trace:
#0 /home/ubuntu/workspace/cst336/labs/lab5/index.php(88): PDOStatement->execute(Array)
#1 /home/ubuntu/workspace/cst336/labs/lab5/index.php(137): displayDevices()
#2 {main}
  thrown in /home/ubuntu/workspace/cst336/labs/lab5/index.php on line 88
[14-Oct-2017 21:56:03 UTC] PHP Fatal error:  Uncaught exception 'PDOException' with message 'SQLSTATE[42000]: Syntax error or access violation: 1064 You have an error in your SQL syntax; check the manual that corresponds to your MySQL server version for the right syntax to use near 'WHERE status = 'A'' at line 1' in /home/ubuntu/workspace/cst336/labs/lab5/index.php:88
Stack trace:
#0 /home/ubuntu/workspace/cst336/labs/lab5/index.php(88): PDOStatement->execute(Array)
#1 /home/ubuntu/workspace/cst336/labs/lab5/index.php(137): displayDevices()
#2 {main}
  thrown in /home/ubuntu/workspace/cst336/labs/lab5/index.php on line 88
[14-Oct-2017 21:56:05 UTC] PHP Fatal error:  Uncaught exception 'PDOException' with message 'SQLSTATE[42000]: Syntax error or access violation: 1064 You have an error in your SQL syntax; check the manual that corresponds to your MySQL server version for the right syntax to use near 'WHERE status = 'A'' at line 1' in /home/ubuntu/workspace/cst336/labs/lab5/index.php:88
Stack trace:
#0 /home/ubuntu/workspace/cst336/labs/lab5/index.php(88): PDOStatement->execute(Array)
#1 /home/ubuntu/workspace/cst336/labs/lab5/index.php(137): displayDevices()
#2 {main}
  thrown in /home/ubuntu/workspace/cst336/labs/lab5/index.php on line 88
[14-Oct-2017 21:56:08 UTC] PHP Fatal error:  Uncaught exception 'PDOException' with message 'SQLSTATE[42000]: Syntax error or access violation: 1064 You have an error in your SQL syntax; check the manual that corresponds to your MySQL server version for the right syntax to use near 'WHERE status = 'A'' at line 1' in /home/ubuntu/workspace/cst336/labs/lab5/index.php:88
Stack trace:
#0 /home/ubuntu/workspace/cst336/labs/lab5/index.php(88): PDOStatement->execute(Array)
#1 /home/ubuntu/workspace/cst336/labs/lab5/index.php(137): displayDevices()
#2 {main}
  thrown in /home/ubuntu/workspace/cst336/labs/lab5/index.php on line 88
[14-Oct-2017 21:56:11 UTC] PHP Fatal error:  Uncaught exception 'PDOException' with message 'SQLSTATE[42000]: Syntax error or access violation: 1064 You have an error in your SQL syntax; check the manual that corresponds to your MySQL server version for the right syntax to use near 'WHERE status = 'A'' at line 1' in /home/ubuntu/workspace/cst336/labs/lab5/index.php:88
Stack trace:
#0 /home/ubuntu/workspace/cst336/labs/lab5/index.php(88): PDOStatement->execute(Array)
#1 /home/ubuntu/workspace/cst336/labs/lab5/index.php(137): displayDevices()
#2 {main}
  thrown in /home/ubuntu/workspace/cst336/labs/lab5/index.php on line 88
[14-Oct-2017 21:56:50 UTC] PHP Fatal error:  Uncaught exception 'PDOException' with message 'SQLSTATE[42000]: Syntax error or access violation: 1064 You have an error in your SQL syntax; check the manual that corresponds to your MySQL server version for the right syntax to use near 'WHERE status = 'A'' at line 1' in /home/ubuntu/workspace/cst336/labs/lab5/index.php:88
Stack trace:
#0 /home/ubuntu/workspace/cst336/labs/lab5/index.php(88): PDOStatement->execute(Array)
#1 /home/ubuntu/workspace/cst336/labs/lab5/index.php(137): displayDevices()
#2 {main}
  thrown in /home/ubuntu/workspace/cst336/labs/lab5/index.php on line 88
[14-Oct-2017 21:57:51 UTC] PHP Fatal error:  Uncaught exception 'PDOException' with message 'SQLSTATE[42000]: Syntax error or access violation: 1064 You have an error in your SQL syntax; check the manual that corresponds to your MySQL server version for the right syntax to use near 'WHERE status = 'A'' at line 1' in /home/ubuntu/workspace/cst336/labs/lab5/index.php:88
Stack trace:
#0 /home/ubuntu/workspace/cst336/labs/lab5/index.php(88): PDOStatement->execute(Array)
#1 /home/ubuntu/workspace/cst336/labs/lab5/index.php(137): displayDevices()
#2 {main}
  thrown in /home/ubuntu/workspace/cst336/labs/lab5/index.php on line 88
[14-Oct-2017 21:57:58 UTC] PHP Fatal error:  Uncaught exception 'PDOException' with message 'SQLSTATE[42000]: Syntax error or access violation: 1064 You have an error in your SQL syntax; check the manual that corresponds to your MySQL server version for the right syntax to use near 'WHERE status = 'A'' at line 1' in /home/ubuntu/workspace/cst336/labs/lab5/index.php:88
Stack trace:
#0 /home/ubuntu/workspace/cst336/labs/lab5/index.php(88): PDOStatement->execute(Array)
#1 /home/ubuntu/workspace/cst336/labs/lab5/index.php(137): displayDevices()
#2 {main}
  thrown in /home/ubuntu/workspace/cst336/labs/lab5/index.php on line 88
[14-Oct-2017 22:05:54 UTC] PHP Fatal error:  Uncaught exception 'PDOException' with message 'SQLSTATE[42000]: Syntax error or access violation: 1064 You have an error in your SQL syntax; check the manual that corresponds to your MySQL server version for the right syntax to use near 'WHERE status = 'A'' at line 1' in /home/ubuntu/workspace/cst336/labs/lab5/index.php:88
Stack trace:
#0 /home/ubuntu/workspace/cst336/labs/lab5/index.php(88): PDOStatement->execute(Array)
#1 /home/ubuntu/workspace/cst336/labs/lab5/index.php(137): displayDevices()
#2 {main}
  thrown in /home/ubuntu/workspace/cst336/labs/lab5/index.php on line 88
[14-Oct-2017 22:06:12 UTC] PHP Fatal error:  Uncaught exception 'PDOException' with message 'SQLSTATE[42000]: Syntax error or access violation: 1064 You have an error in your SQL syntax; check the manual that corresponds to your MySQL server version for the right syntax to use near 'WHERE status = 'A'' at line 1' in /home/ubuntu/workspace/cst336/labs/lab5/index.php:88
Stack trace:
#0 /home/ubuntu/workspace/cst336/labs/lab5/index.php(88): PDOStatement->execute(Array)
#1 /home/ubuntu/workspace/cst336/labs/lab5/index.php(137): displayDevices()
#2 {main}
  thrown in /home/ubuntu/workspace/cst336/labs/lab5/index.php on line 88
[14-Oct-2017 22:17:44 UTC] PHP Fatal error:  Uncaught exception 'PDOException' with message 'SQLSTATE[42000]: Syntax error or access violation: 1064 You have an error in your SQL syntax; check the manual that corresponds to your MySQL server version for the right syntax to use near 'WHERE status = 'A'' at line 1' in /home/ubuntu/workspace/cst336/labs/lab5/index.php:88
Stack trace:
#0 /home/ubuntu/workspace/cst336/labs/lab5/index.php(88): PDOStatement->execute(Array)
#1 /home/ubuntu/workspace/cst336/labs/lab5/index.php(137): displayDevices()
#2 {main}
  thrown in /home/ubuntu/workspace/cst336/labs/lab5/index.php on line 88
[15-Oct-2017 03:58:06 UTC] PHP Warning:  include(../../../dbConnection.php): failed to open stream: No such file or directory in /home/ubuntu/workspace/cst336/labs/lab5/index.php on line 3
[15-Oct-2017 03:58:06 UTC] PHP Stack trace:
[15-Oct-2017 03:58:06 UTC] PHP   1. {main}() /home/ubuntu/workspace/cst336/labs/lab5/index.php:0
[15-Oct-2017 03:58:06 UTC] PHP Warning:  include(): Failed opening '../../../dbConnection.php' for inclusion (include_path='.:/usr/share/php:/usr/share/pear') in /home/ubuntu/workspace/cst336/labs/lab5/index.php on line 3
[15-Oct-2017 03:58:06 UTC] PHP Stack trace:
[15-Oct-2017 03:58:06 UTC] PHP   1. {main}() /home/ubuntu/workspace/cst336/labs/lab5/index.php:0
[15-Oct-2017 03:58:06 UTC] PHP Fatal error:  Call to undefined function getDatabaseConnection() in /home/ubuntu/workspace/cst336/labs/lab5/index.php on line 5
[15-Oct-2017 03:58:06 UTC] PHP Stack trace:
[15-Oct-2017 03:58:06 UTC] PHP   1. {main}() /home/ubuntu/workspace/cst336/labs/lab5/index.php:0
[15-Oct-2017 03:58:40 UTC] PHP Fatal error:  Uncaught exception 'PDOException' with message 'SQLSTATE[42000]: Syntax error or access violation: 1064 You have an error in your SQL syntax; check the manual that corresponds to your MySQL server version for the right syntax to use near 'WHERE status = 'A'' at line 1' in /home/ubuntu/workspace/cst336/labs/lab5/index.php:88
Stack trace:
#0 /home/ubuntu/workspace/cst336/labs/lab5/index.php(88): PDOStatement->execute(Array)
#1 /home/ubuntu/workspace/cst336/labs/lab5/index.php(137): displayDevices()
#2 {main}
  thrown in /home/ubuntu/workspace/cst336/labs/lab5/index.php on line 88
[15-Oct-2017 04:00:12 UTC] PHP Fatal error:  Uncaught exception 'PDOException' with message 'SQLSTATE[42000]: Syntax error or access violation: 1064 You have an error in your SQL syntax; check the manual that corresponds to your MySQL server version for the right syntax to use near 'WHERE status = 'A'' at line 1' in /home/ubuntu/workspace/cst336/labs/lab5/index.php:88
Stack trace:
#0 /home/ubuntu/workspace/cst336/labs/lab5/index.php(88): PDOStatement->execute(Array)
#1 /home/ubuntu/workspace/cst336/labs/lab5/index.php(137): displayDevices()
#2 {main}
  thrown in /home/ubuntu/workspace/cst336/labs/lab5/index.php on line 88
[15-Oct-2017 04:01:37 UTC] PHP Fatal error:  Uncaught exception 'PDOException' with message 'SQLSTATE[42000]: Syntax error or access violation: 1064 You have an error in your SQL syntax; check the manual that corresponds to your MySQL server version for the right syntax to use near 'WHERE status = NULL' at line 1' in /home/ubuntu/workspace/cst336/labs/lab5/index.php:88
Stack trace:
#0 /home/ubuntu/workspace/cst336/labs/lab5/index.php(88): PDOStatement->execute(Array)
#1 /home/ubuntu/workspace/cst336/labs/lab5/index.php(137): displayDevices()
#2 {main}
  thrown in /home/ubuntu/workspace/cst336/labs/lab5/index.php on line 88
[15-Oct-2017 04:01:44 UTC] PHP Fatal error:  Uncaught exception 'PDOException' with message 'SQLSTATE[42000]: Syntax error or access violation: 1064 You have an error in your SQL syntax; check the manual that corresponds to your MySQL server version for the right syntax to use near 'WHERE status = NULL' at line 1' in /home/ubuntu/workspace/cst336/labs/lab5/index.php:88
Stack trace:
#0 /home/ubuntu/workspace/cst336/labs/lab5/index.php(88): PDOStatement->execute(Array)
#1 /home/ubuntu/workspace/cst336/labs/lab5/index.php(137): displayDevices()
#2 {main}
  thrown in /home/ubuntu/workspace/cst336/labs/lab5/index.php on line 88
[15-Oct-2017 04:10:03 UTC] PHP Fatal error:  Uncaught exception 'PDOException' with message 'SQLSTATE[42000]: Syntax error or access violation: 1064 You have an error in your SQL syntax; check the manual that corresponds to your MySQL server version for the right syntax to use near 'WHERE status =' at line 1' in /home/ubuntu/workspace/cst336/labs/lab5/index.php:88
Stack trace:
#0 /home/ubuntu/workspace/cst336/labs/lab5/index.php(88): PDOStatement->execute(Array)
#1 /home/ubuntu/workspace/cst336/labs/lab5/index.php(137): displayDevices()
#2 {main}
  thrown in /home/ubuntu/workspace/cst336/labs/lab5/index.php on line 88
[15-Oct-2017 04:13:31 UTC] PHP Fatal error:  Uncaught exception 'PDOException' with message 'SQLSTATE[42000]: Syntax error or access violation: 1064 You have an error in your SQL syntax; check the manual that corresponds to your MySQL server version for the right syntax to use near 'WHERE status =' at line 1' in /home/ubuntu/workspace/cst336/labs/lab5/index.php:89
Stack trace:
#0 /home/ubuntu/workspace/cst336/labs/lab5/index.php(89): PDOStatement->execute(Array)
#1 /home/ubuntu/workspace/cst336/labs/lab5/index.php(138): displayDevices()
#2 {main}
  thrown in /home/ubuntu/workspace/cst336/labs/lab5/index.php on line 89
[15-Oct-2017 04:46:07 UTC] PHP Fatal error:  Uncaught exception 'PDOException' with message 'SQLSTATE[42000]: Syntax error or access violation: 1064 You have an error in your SQL syntax; check the manual that corresponds to your MySQL server version for the right syntax to use near 'WHERE status= NULL' at line 1' in /home/ubuntu/workspace/cst336/labs/lab5/index.php:88
Stack trace:
#0 /home/ubuntu/workspace/cst336/labs/lab5/index.php(88): PDOStatement->execute(Array)
#1 /home/ubuntu/workspace/cst336/labs/lab5/index.php(137): displayDevices()
#2 {main}
  thrown in /home/ubuntu/workspace/cst336/labs/lab5/index.php on line 88
[15-Oct-2017 05:28:35 UTC] PHP Fatal error:  Uncaught exception 'PDOException' with message 'SQLSTATE[42000]: Syntax error or access violation: 1064 You have an error in your SQL syntax; check the manual that corresponds to your MySQL server version for the right syntax to use near 'WHERE status=' at line 1' in /home/ubuntu/workspace/cst336/labs/lab5/index.php:88
Stack trace:
#0 /home/ubuntu/workspace/cst336/labs/lab5/index.php(88): PDOStatement->execute(Array)
#1 /home/ubuntu/workspace/cst336/labs/lab5/index.php(137): displayDevices()
#2 {main}
  thrown in /home/ubuntu/workspace/cst336/labs/lab5/index.php on line 88
[15-Oct-2017 05:29:09 UTC] PHP Fatal error:  Uncaught exception 'PDOException' with message 'SQLSTATE[HY093]: Invalid parameter number: number of bound variables does not match number of tokens' in /home/ubuntu/workspace/cst336/labs/lab5/index.php:88
Stack trace:
#0 /home/ubuntu/workspace/cst336/labs/lab5/index.php(88): PDOStatement->execute(Array)
#1 /home/ubuntu/workspace/cst336/labs/lab5/index.php(137): displayDevices()
#2 {main}
  thrown in /home/ubuntu/workspace/cst336/labs/lab5/index.php on line 88
[15-Oct-2017 05:29:13 UTC] PHP Fatal error:  Uncaught exception 'PDOException' with message 'SQLSTATE[HY093]: Invalid parameter number: number of bound variables does not match number of tokens' in /home/ubuntu/workspace/cst336/labs/lab5/index.php:88
Stack trace:
#0 /home/ubuntu/workspace/cst336/labs/lab5/index.php(88): PDOStatement->execute(Array)
#1 /home/ubuntu/workspace/cst336/labs/lab5/index.php(137): displayDevices()
#2 {main}
  thrown in /home/ubuntu/workspace/cst336/labs/lab5/index.php on line 88
[15-Oct-2017 13:55:15 UTC] PHP Fatal error:  Uncaught exception 'PDOException' with message 'SQLSTATE[42000]: Syntax error or access violation: 1064 You have an error in your SQL syntax; check the manual that corresponds to your MySQL server version for the right syntax to use near 'WHERE status= NULL' at line 1' in /home/ubuntu/workspace/cst336/labs/lab5/index.php:88
Stack trace:
#0 /home/ubuntu/workspace/cst336/labs/lab5/index.php(88): PDOStatement->execute(Array)
#1 /home/ubuntu/workspace/cst336/labs/lab5/index.php(137): displayDevices()
#2 {main}
  thrown in /home/ubuntu/workspace/cst336/labs/lab5/index.php on line 88
[15-Oct-2017 14:00:31 UTC] PHP Fatal error:  Uncaught exception 'PDOException' with message 'SQLSTATE[42000]: Syntax error or access violation: 1064 You have an error in your SQL syntax; check the manual that corresponds to your MySQL server version for the right syntax to use near 'WHERE status= NULL' at line 1' in /home/ubuntu/workspace/cst336/labs/lab5/index.php:88
Stack trace:
#0 /home/ubuntu/workspace/cst336/labs/lab5/index.php(88): PDOStatement->execute(Array)
#1 /home/ubuntu/workspace/cst336/labs/lab5/index.php(137): displayDevices()
#2 {main}
  thrown in /home/ubuntu/workspace/cst336/labs/lab5/index.php on line 88
[15-Oct-2017 14:00:46 UTC] PHP Fatal error:  Uncaught exception 'PDOException' with message 'SQLSTATE[42000]: Syntax error or access violation: 1064 You have an error in your SQL syntax; check the manual that corresponds to your MySQL server version for the right syntax to use near 'WHERE status= NULL' at line 1' in /home/ubuntu/workspace/cst336/labs/lab5/index.php:88
Stack trace:
#0 /home/ubuntu/workspace/cst336/labs/lab5/index.php(88): PDOStatement->execute(Array)
#1 /home/ubuntu/workspace/cst336/labs/lab5/index.php(137): displayDevices()
#2 {main}
  thrown in /home/ubuntu/workspace/cst336/labs/lab5/index.php on line 88
[15-Oct-2017 14:00:52 UTC] PHP Fatal error:  Uncaught exception 'PDOException' with message 'SQLSTATE[42000]: Syntax error or access violation: 1064 You have an error in your SQL syntax; check the manual that corresponds to your MySQL server version for the right syntax to use near 'WHERE status= NULL' at line 1' in /home/ubuntu/workspace/cst336/labs/lab5/index.php:88
Stack trace:
#0 /home/ubuntu/workspace/cst336/labs/lab5/index.php(88): PDOStatement->execute(Array)
#1 /home/ubuntu/workspace/cst336/labs/lab5/index.php(137): displayDevices()
#2 {main}
  thrown in /home/ubuntu/workspace/cst336/labs/lab5/index.php on line 88
[15-Oct-2017 14:00:55 UTC] PHP Fatal error:  Uncaught exception 'PDOException' with message 'SQLSTATE[42000]: Syntax error or access violation: 1064 You have an error in your SQL syntax; check the manual that corresponds to your MySQL server version for the right syntax to use near 'WHERE status= NULL' at line 1' in /home/ubuntu/workspace/cst336/labs/lab5/index.php:88
Stack trace:
#0 /home/ubuntu/workspace/cst336/labs/lab5/index.php(88): PDOStatement->execute(Array)
#1 /home/ubuntu/workspace/cst336/labs/lab5/index.php(137): displayDevices()
#2 {main}
  thrown in /home/ubuntu/workspace/cst336/labs/lab5/index.php on line 88
[16-Oct-2017 03:14:53 UTC] PHP Parse error:  syntax error, unexpected '' (T_ENCAPSED_AND_WHITESPACE), expecting identifier (T_STRING) or variable (T_VARIABLE) or number (T_NUM_STRING) in /home/ubuntu/workspace/cst336/labs/lab5/index.php on line 40
[16-Oct-2017 03:15:31 UTC] PHP Parse error:  syntax error, unexpected '' (T_ENCAPSED_AND_WHITESPACE), expecting identifier (T_STRING) or variable (T_VARIABLE) or number (T_NUM_STRING) in /home/ubuntu/workspace/cst336/labs/lab5/index.php on line 40
[16-Oct-2017 03:15:33 UTC] PHP Parse error:  syntax error, unexpected '' (T_ENCAPSED_AND_WHITESPACE), expecting identifier (T_STRING) or variable (T_VARIABLE) or number (T_NUM_STRING) in /home/ubuntu/workspace/cst336/labs/lab5/index.php on line 40
[16-Oct-2017 06:59:44 UTC] PHP Parse error:  syntax error, unexpected '"</span>"' (T_CONSTANT_ENCAPSED_STRING), expecting ',' or ';' in /home/ubuntu/workspace/cst336/labs/lab5/checkoutHistory.php on line 25
[18-Oct-2017 23:57:47 UTC] PHP Parse error:  syntax error, unexpected '"</br>"' (T_CONSTANT_ENCAPSED_STRING), expecting ',' or ';' in /home/ubuntu/workspace/cst336/labs/midtermpractice/index.php on line 37
[18-Oct-2017 23:58:59 UTC] PHP Parse error:  syntax error, unexpected '"</br>"' (T_CONSTANT_ENCAPSED_STRING), expecting ',' or ';' in /home/ubuntu/workspace/cst336/labs/midtermpractice/index.php on line 54
[18-Oct-2017 23:59:17 UTC] PHP Fatal error:  Uncaught exception 'PDOException' with message 'SQLSTATE[42S02]: Base table or view not found: 1146 Table 'tcp.mp_town' doesn't exist' in /home/ubuntu/workspace/cst336/labs/midtermpractice/index.php:14
Stack trace:
#0 /home/ubuntu/workspace/cst336/labs/midtermpractice/index.php(14): PDOStatement->execute()
#1 {main}
  thrown in /home/ubuntu/workspace/cst336/labs/midtermpractice/index.php on line 14
[19-Oct-2017 00:01:15 UTC] PHP Fatal error:  Uncaught exception 'PDOException' with message 'SQLSTATE[42S02]: Base table or view not found: 1146 Table 'tcp.mp_town' doesn't exist' in /home/ubuntu/workspace/cst336/labs/midtermpractice/index.php:14
Stack trace:
#0 /home/ubuntu/workspace/cst336/labs/midtermpractice/index.php(14): PDOStatement->execute()
#1 {main}
  thrown in /home/ubuntu/workspace/cst336/labs/midtermpractice/index.php on line 14
[19-Oct-2017 00:01:17 UTC] PHP Fatal error:  Uncaught exception 'PDOException' with message 'SQLSTATE[42S02]: Base table or view not found: 1146 Table 'tcp.mp_town' doesn't exist' in /home/ubuntu/workspace/cst336/labs/midtermpractice/index.php:14
Stack trace:
#0 /home/ubuntu/workspace/cst336/labs/midtermpractice/index.php(14): PDOStatement->execute()
#1 {main}
  thrown in /home/ubuntu/workspace/cst336/labs/midtermpractice/index.php on line 14
[19-Oct-2017 00:01:50 UTC] PHP Fatal error:  Uncaught exception 'PDOException' with message 'SQLSTATE[42S02]: Base table or view not found: 1146 Table 'tcp.mp_town' doesn't exist' in /home/ubuntu/workspace/cst336/labs/midtermpractice/index.php:14
Stack trace:
#0 /home/ubuntu/workspace/cst336/labs/midtermpractice/index.php(14): PDOStatement->execute()
#1 {main}
  thrown in /home/ubuntu/workspace/cst336/labs/midtermpractice/index.php on line 14
[19-Oct-2017 00:01:51 UTC] PHP Fatal error:  Uncaught exception 'PDOException' with message 'SQLSTATE[42S02]: Base table or view not found: 1146 Table 'tcp.mp_town' doesn't exist' in /home/ubuntu/workspace/cst336/labs/midtermpractice/index.php:14
Stack trace:
#0 /home/ubuntu/workspace/cst336/labs/midtermpractice/index.php(14): PDOStatement->execute()
#1 {main}
  thrown in /home/ubuntu/workspace/cst336/labs/midtermpractice/index.php on line 14
[19-Oct-2017 00:01:52 UTC] PHP Fatal error:  Uncaught exception 'PDOException' with message 'SQLSTATE[42S02]: Base table or view not found: 1146 Table 'tcp.mp_town' doesn't exist' in /home/ubuntu/workspace/cst336/labs/midtermpractice/index.php:14
Stack trace:
#0 /home/ubuntu/workspace/cst336/labs/midtermpractice/index.php(14): PDOStatement->execute()
#1 {main}
  thrown in /home/ubuntu/workspace/cst336/labs/midtermpractice/index.php on line 14
[19-Oct-2017 00:01:53 UTC] PHP Fatal error:  Uncaught exception 'PDOException' with message 'SQLSTATE[42S02]: Base table or view not found: 1146 Table 'tcp.mp_town' doesn't exist' in /home/ubuntu/workspace/cst336/labs/midtermpractice/index.php:14
Stack trace:
#0 /home/ubuntu/workspace/cst336/labs/midtermpractice/index.php(14): PDOStatement->execute()
#1 {main}
  thrown in /home/ubuntu/workspace/cst336/labs/midtermpractice/index.php on line 14
[19-Oct-2017 00:05:11 UTC] PHP Fatal error:  Call to a member function query() on a non-object in /home/ubuntu/workspace/cst336/labs/midtermpractice/index.php on line 13
[19-Oct-2017 00:05:11 UTC] PHP Stack trace:
[19-Oct-2017 00:05:11 UTC] PHP   1. {main}() /home/ubuntu/workspace/cst336/labs/midtermpractice/index.php:0
[19-Oct-2017 00:07:27 UTC] PHP Fatal error:  Uncaught exception 'PDOException' with message 'SQLSTATE[42S02]: Base table or view not found: 1146 Table 'tcp.mp_town' doesn't exist' in /home/ubuntu/workspace/cst336/labs/midtermpractice/index.php:13
Stack trace:
#0 /home/ubuntu/workspace/cst336/labs/midtermpractice/index.php(13): PDO->query('SELECT town_nam...')
#1 {main}
  thrown in /home/ubuntu/workspace/cst336/labs/midtermpractice/index.php on line 13
[19-Oct-2017 00:09:32 UTC] PHP Fatal error:  Call to a member function query() on a non-object in /home/ubuntu/workspace/cst336/labs/midtermpractice/index.php on line 13
[19-Oct-2017 00:09:32 UTC] PHP Stack trace:
[19-Oct-2017 00:09:32 UTC] PHP   1. {main}() /home/ubuntu/workspace/cst336/labs/midtermpractice/index.php:0
[19-Oct-2017 00:09:33 UTC] PHP Fatal error:  Call to a member function query() on a non-object in /home/ubuntu/workspace/cst336/labs/midtermpractice/index.php on line 13
[19-Oct-2017 00:09:33 UTC] PHP Stack trace:
[19-Oct-2017 00:09:33 UTC] PHP   1. {main}() /home/ubuntu/workspace/cst336/labs/midtermpractice/index.php:0
[19-Oct-2017 00:09:34 UTC] PHP Fatal error:  Call to a member function query() on a non-object in /home/ubuntu/workspace/cst336/labs/midtermpractice/index.php on line 13
[19-Oct-2017 00:09:34 UTC] PHP Stack trace:
[19-Oct-2017 00:09:34 UTC] PHP   1. {main}() /home/ubuntu/workspace/cst336/labs/midtermpractice/index.php:0
[19-Oct-2017 00:10:24 UTC] PHP Fatal error:  Call to a member function query() on a non-object in /home/ubuntu/workspace/cst336/labs/midtermpractice/index.php on line 13
[19-Oct-2017 00:10:24 UTC] PHP Stack trace:
[19-Oct-2017 00:10:24 UTC] PHP   1. {main}() /home/ubuntu/workspace/cst336/labs/midtermpractice/index.php:0
[19-Oct-2017 00:10:26 UTC] PHP Fatal error:  Call to a member function query() on a non-object in /home/ubuntu/workspace/cst336/labs/midtermpractice/index.php on line 13
[19-Oct-2017 00:10:26 UTC] PHP Stack trace:
[19-Oct-2017 00:10:26 UTC] PHP   1. {main}() /home/ubuntu/workspace/cst336/labs/midtermpractice/index.php:0
[19-Oct-2017 03:40:11 UTC] PHP Fatal error:  Uncaught exception 'PDOException' with message 'SQLSTATE[42S02]: Base table or view not found: 1146 Table 'midterm_practice.tc_device' doesn't exist' in /home/ubuntu/workspace/cst336/labs/lab5/index.php:14
Stack trace:
#0 /home/ubuntu/workspace/cst336/labs/lab5/index.php(14): PDOStatement->execute()
#1 /home/ubuntu/workspace/cst336/labs/lab5/index.php(122): getDeviceTypes()
#2 {main}
  thrown in /home/ubuntu/workspace/cst336/labs/lab5/index.php on line 14
[24-Oct-2017 05:11:46 UTC] PHP Fatal error:  Uncaught exception 'PDOException' with message 'SQLSTATE[42S02]: Base table or view not found: 1146 Table 'midterm_practice.tc_device' doesn't exist' in /home/ubuntu/workspace/cst336/labs/lab5/index.php:14
Stack trace:
#0 /home/ubuntu/workspace/cst336/labs/lab5/index.php(14): PDOStatement->execute()
#1 /home/ubuntu/workspace/cst336/labs/lab5/index.php(122): getDeviceTypes()
#2 {main}
  thrown in /home/ubuntu/workspace/cst336/labs/lab5/index.php on line 14
[24-Oct-2017 05:11:57 UTC] PHP Fatal error:  Uncaught exception 'PDOException' with message 'SQLSTATE[42S02]: Base table or view not found: 1146 Table 'midterm_practice.tc_device' doesn't exist' in /home/ubuntu/workspace/cst336/labs/lab5/index.php:14
Stack trace:
#0 /home/ubuntu/workspace/cst336/labs/lab5/index.php(14): PDOStatement->execute()
#1 /home/ubuntu/workspace/cst336/labs/lab5/index.php(122): getDeviceTypes()
#2 {main}
  thrown in /home/ubuntu/workspace/cst336/labs/lab5/index.php on line 14
[24-Oct-2017 05:12:20 UTC] PHP Fatal error:  Uncaught exception 'PDOException' with message 'SQLSTATE[42S02]: Base table or view not found: 1146 Table 'midterm_practice.tc_device' doesn't exist' in /home/ubuntu/workspace/cst336/labs/lab5/index.php:14
Stack trace:
#0 /home/ubuntu/workspace/cst336/labs/lab5/index.php(14): PDOStatement->execute()
#1 /home/ubuntu/workspace/cst336/labs/lab5/index.php(122): getDeviceTypes()
#2 {main}
  thrown in /home/ubuntu/workspace/cst336/labs/lab5/index.php on line 14
[24-Oct-2017 05:13:39 UTC] PHP Fatal error:  Uncaught exception 'PDOException' with message 'SQLSTATE[42S02]: Base table or view not found: 1146 Table 'midterm_practice.tc_device' doesn't exist' in /home/ubuntu/workspace/cst336/labs/lab5/index.php:14
Stack trace:
#0 /home/ubuntu/workspace/cst336/labs/lab5/index.php(14): PDOStatement->execute()
#1 /home/ubuntu/workspace/cst336/labs/lab5/index.php(122): getDeviceTypes()
#2 {main}
  thrown in /home/ubuntu/workspace/cst336/labs/lab5/index.php on line 14
[25-Oct-2017 19:45:10 UTC] PHP Parse error:  syntax error, unexpected '<' in /home/ubuntu/workspace/cst336/labs/lab6/addUser.php on line 44
[25-Oct-2017 20:06:31 UTC] PHP Parse error:  syntax error, unexpected 'include' (T_INCLUDE), expecting ',' or ';' in /home/ubuntu/workspace/cst336/labs/lab6/addUser.php on line 5
[25-Oct-2017 20:06:44 UTC] PHP Parse error:  syntax error, unexpected end of file in /home/ubuntu/workspace/cst336/labs/lab6/addUser.php on line 97
[25-Oct-2017 20:06:45 UTC] PHP Parse error:  syntax error, unexpected end of file in /home/ubuntu/workspace/cst336/labs/lab6/addUser.php on line 97
[25-Oct-2017 20:35:27 UTC] PHP Fatal error:  Call to undefined function getDepartmentInfo() in /home/ubuntu/workspace/cst336/labs/lab6/updateUser.php on line 64
[25-Oct-2017 20:35:27 UTC] PHP Stack trace:
[25-Oct-2017 20:35:27 UTC] PHP   1. {main}() /home/ubuntu/workspace/cst336/labs/lab6/updateUser.php:0
[25-Oct-2017 20:41:31 UTC] PHP Fatal error:  Call to undefined function getDatabaseConnection() in /home/ubuntu/workspace/cst336/labs/lab6/updateUser.php on line 2
[25-Oct-2017 20:41:31 UTC] PHP Stack trace:
[25-Oct-2017 20:41:31 UTC] PHP   1. {main}() /home/ubuntu/workspace/cst336/labs/lab6/updateUser.php:0
[25-Oct-2017 20:42:12 UTC] PHP Fatal error:  Uncaught exception 'PDOException' with message 'SQLSTATE[42000]: Syntax error or access violation: 1064 You have an error in your SQL syntax; check the manual that corresponds to your MySQL server version for the right syntax to use near '' at line 3' in /home/ubuntu/workspace/cst336/labs/lab6/updateUser.php:24
Stack trace:
#0 /home/ubuntu/workspace/cst336/labs/lab6/updateUser.php(24): PDOStatement->execute()
#1 /home/ubuntu/workspace/cst336/labs/lab6/updateUser.php(34): getUserInfo('2')
#2 {main}
  thrown in /home/ubuntu/workspace/cst336/labs/lab6/updateUser.php on line 24
[25-Oct-2017 20:42:13 UTC] PHP Fatal error:  Uncaught exception 'PDOException' with message 'SQLSTATE[42000]: Syntax error or access violation: 1064 You have an error in your SQL syntax; check the manual that corresponds to your MySQL server version for the right syntax to use near '' at line 3' in /home/ubuntu/workspace/cst336/labs/lab6/updateUser.php:24
Stack trace:
#0 /home/ubuntu/workspace/cst336/labs/lab6/updateUser.php(24): PDOStatement->execute()
#1 /home/ubuntu/workspace/cst336/labs/lab6/updateUser.php(34): getUserInfo('2')
#2 {main}
  thrown in /home/ubuntu/workspace/cst336/labs/lab6/updateUser.php on line 24
[27-Oct-2017 19:42:43 UTC] PHP Fatal error:  Uncaught exception 'PDOException' with message 'SQLSTATE[HY093]: Invalid parameter number: number of bound variables does not match number of tokens' in /home/ubuntu/workspace/cst336/labs/lab6/updateUser.php:50
Stack trace:
#0 /home/ubuntu/workspace/cst336/labs/lab6/updateUser.php(50): PDOStatement->execute(Array)
#1 {main}
  thrown in /home/ubuntu/workspace/cst336/labs/lab6/updateUser.php on line 50
[27-Oct-2017 20:08:43 UTC] PHP Parse error:  syntax error, unexpected '' (T_ENCAPSED_AND_WHITESPACE), expecting identifier (T_STRING) or variable (T_VARIABLE) or number (T_NUM_STRING) in /home/ubuntu/workspace/cst336/labs/lab6/updateUser.php on line 103
[27-Oct-2017 20:10:09 UTC] PHP Parse error:  syntax error, unexpected '' (T_ENCAPSED_AND_WHITESPACE), expecting identifier (T_STRING) or variable (T_VARIABLE) or number (T_NUM_STRING) in /home/ubuntu/workspace/cst336/labs/lab6/updateUser.php on line 103
[27-Oct-2017 20:10:11 UTC] PHP Parse error:  syntax error, unexpected '' (T_ENCAPSED_AND_WHITESPACE), expecting identifier (T_STRING) or variable (T_VARIABLE) or number (T_NUM_STRING) in /home/ubuntu/workspace/cst336/labs/lab6/updateUser.php on line 103
[27-Oct-2017 20:10:12 UTC] PHP Parse error:  syntax error, unexpected '' (T_ENCAPSED_AND_WHITESPACE), expecting identifier (T_STRING) or variable (T_VARIABLE) or number (T_NUM_STRING) in /home/ubuntu/workspace/cst336/labs/lab6/updateUser.php on line 103
[27-Oct-2017 20:10:13 UTC] PHP Parse error:  syntax error, unexpected '' (T_ENCAPSED_AND_WHITESPACE), expecting identifier (T_STRING) or variable (T_VARIABLE) or number (T_NUM_STRING) in /home/ubuntu/workspace/cst336/labs/lab6/updateUser.php on line 103
[27-Oct-2017 20:35:55 UTC] PHP Parse error:  syntax error, unexpected '' (T_ENCAPSED_AND_WHITESPACE), expecting identifier (T_STRING) or variable (T_VARIABLE) or number (T_NUM_STRING) in /home/ubuntu/workspace/cst336/labs/lab6/admin.php on line 73
[27-Oct-2017 20:37:03 UTC] PHP Warning:  Invalid argument supplied for foreach() in /home/ubuntu/workspace/cst336/labs/lab6/userInfo.php on line 28
[27-Oct-2017 20:37:03 UTC] PHP Stack trace:
[27-Oct-2017 20:37:03 UTC] PHP   1. {main}() /home/ubuntu/workspace/cst336/labs/lab6/userInfo.php:0
[27-Oct-2017 20:46:31 UTC] PHP Parse error:  syntax error, unexpected end of file in /home/ubuntu/workspace/cst336/labs/lab6/userInfo.php on line 79
[27-Oct-2017 21:35:12 UTC] PHP Parse error:  syntax error, unexpected '' (T_ENCAPSED_AND_WHITESPACE), expecting identifier (T_STRING) or variable (T_VARIABLE) or number (T_NUM_STRING) in /home/ubuntu/workspace/cst336/labs/lab6/updateUser.php on line 103
[27-Oct-2017 21:37:50 UTC] PHP Parse error:  syntax error, unexpected '' (T_ENCAPSED_AND_WHITESPACE), expecting identifier (T_STRING) or variable (T_VARIABLE) or number (T_NUM_STRING) in /home/ubuntu/workspace/cst336/labs/lab6/updateUser.php on line 103
[27-Oct-2017 21:37:52 UTC] PHP Parse error:  syntax error, unexpected '' (T_ENCAPSED_AND_WHITESPACE), expecting identifier (T_STRING) or variable (T_VARIABLE) or number (T_NUM_STRING) in /home/ubuntu/workspace/cst336/labs/lab6/updateUser.php on line 103
[27-Oct-2017 21:40:26 UTC] PHP Parse error:  syntax error, unexpected '' (T_ENCAPSED_AND_WHITESPACE), expecting identifier (T_STRING) or variable (T_VARIABLE) or number (T_NUM_STRING) in /home/ubuntu/workspace/cst336/labs/lab6/updateUser.php on line 104
[27-Oct-2017 21:50:34 UTC] PHP Parse error:  syntax error, unexpected '' (T_ENCAPSED_AND_WHITESPACE), expecting identifier (T_STRING) or variable (T_VARIABLE) or number (T_NUM_STRING) in /home/ubuntu/workspace/cst336/labs/lab6/updateUser.php on line 104
[27-Oct-2017 22:06:56 UTC] PHP Fatal error:  Call to undefined function int() in /home/ubuntu/workspace/cst336/labs/lab6/updateUser.php on line 104
[27-Oct-2017 22:06:56 UTC] PHP Stack trace:
[27-Oct-2017 22:06:56 UTC] PHP   1. {main}() /home/ubuntu/workspace/cst336/labs/lab6/updateUser.php:0
[27-Oct-2017 22:07:11 UTC] PHP Fatal error:  Call to undefined function int() in /home/ubuntu/workspace/cst336/labs/lab6/updateUser.php on line 104
[27-Oct-2017 22:07:11 UTC] PHP Stack trace:
[27-Oct-2017 22:07:11 UTC] PHP   1. {main}() /home/ubuntu/workspace/cst336/labs/lab6/updateUser.php:0
[27-Oct-2017 22:08:09 UTC] PHP Fatal error:  Call to undefined function int() in /home/ubuntu/workspace/cst336/labs/lab6/updateUser.php on line 104
[27-Oct-2017 22:08:09 UTC] PHP Stack trace:
[27-Oct-2017 22:08:09 UTC] PHP   1. {main}() /home/ubuntu/workspace/cst336/labs/lab6/updateUser.php:0
[27-Oct-2017 22:08:10 UTC] PHP Fatal error:  Call to undefined function int() in /home/ubuntu/workspace/cst336/labs/lab6/updateUser.php on line 104
[27-Oct-2017 22:08:10 UTC] PHP Stack trace:
[27-Oct-2017 22:08:10 UTC] PHP   1. {main}() /home/ubuntu/workspace/cst336/labs/lab6/updateUser.php:0
[27-Oct-2017 22:09:00 UTC] PHP Fatal error:  Call to undefined function int() in /home/ubuntu/workspace/cst336/labs/lab6/updateUser.php on line 106
[27-Oct-2017 22:09:00 UTC] PHP Stack trace:
[27-Oct-2017 22:09:00 UTC] PHP   1. {main}() /home/ubuntu/workspace/cst336/labs/lab6/updateUser.php:0
[27-Oct-2017 23:42:58 UTC] PHP Parse error:  syntax error, unexpected ')' in /home/ubuntu/workspace/cst336/labs/lab6/index.php on line 31
[28-Oct-2017 21:23:36 UTC] PHP Fatal error:  Call to a member function prepare() on a non-object in /home/ubuntu/workspace/cst336/labs/lab6/index.php on line 22
[28-Oct-2017 21:23:36 UTC] PHP Stack trace:
[28-Oct-2017 21:23:36 UTC] PHP   1. {main}() /home/ubuntu/workspace/cst336/labs/lab6/index.php:0
[28-Oct-2017 21:37:12 UTC] PHP Parse error:  syntax error, unexpected ';' in /home/ubuntu/workspace/cst336/labs/lab6/admin.php on line 6
[29-Oct-2017 22:05:05 UTC] PHP Fatal error:  Uncaught exception 'PDOException' with message 'SQLSTATE[23000]: Integrity constraint violation: 1048 Column 'gender' cannot be null' in /home/ubuntu/workspace/cst336/labs/lab6/addUser.php:52
Stack trace:
#0 /home/ubuntu/workspace/cst336/labs/lab6/addUser.php(52): PDOStatement->execute(Array)
#1 {main}
  thrown in /home/ubuntu/workspace/cst336/labs/lab6/addUser.php on line 52
[29-Oct-2017 22:16:55 UTC] PHP Fatal error:  Uncaught exception 'PDOException' with message 'SQLSTATE[23000]: Integrity constraint violation: 1048 Column 'gender' cannot be null' in /home/ubuntu/workspace/cst336/labs/lab6/addUser.php:52
Stack trace:
#0 /home/ubuntu/workspace/cst336/labs/lab6/addUser.php(52): PDOStatement->execute(Array)
#1 {main}
  thrown in /home/ubuntu/workspace/cst336/labs/lab6/addUser.php on line 52
[29-Oct-2017 22:45:11 UTC] PHP Fatal error:  Uncaught exception 'PDOException' with message 'SQLSTATE[42S02]: Base table or view not found: 1146 Table 'tcp.tc_deparment' doesn't exist' in /home/ubuntu/workspace/cst336/labs/lab6/userInfo.php:22
Stack trace:
#0 /home/ubuntu/workspace/cst336/labs/lab6/userInfo.php(22): PDOStatement->execute()
#1 /home/ubuntu/workspace/cst336/labs/lab6/userInfo.php(95): displayUsers()
#2 {main}
  thrown in /home/ubuntu/workspace/cst336/labs/lab6/userInfo.php on line 22
[29-Oct-2017 23:01:07 UTC] PHP Fatal error:  Uncaught exception 'PDOException' with message 'SQLSTATE[HY093]: Invalid parameter number: number of bound variables does not match number of tokens' in /home/ubuntu/workspace/cst336/labs/lab6/updateUser.php:62
Stack trace:
#0 /home/ubuntu/workspace/cst336/labs/lab6/updateUser.php(62): PDOStatement->execute(Array)
#1 {main}
  thrown in /home/ubuntu/workspace/cst336/labs/lab6/updateUser.php on line 62
[29-Oct-2017 23:02:47 UTC] PHP Fatal error:  Uncaught exception 'PDOException' with message 'SQLSTATE[HY093]: Invalid parameter number: parameter was not defined' in /home/ubuntu/workspace/cst336/labs/lab6/updateUser.php:62
Stack trace:
#0 /home/ubuntu/workspace/cst336/labs/lab6/updateUser.php(62): PDOStatement->execute(Array)
#1 {main}
  thrown in /home/ubuntu/workspace/cst336/labs/lab6/updateUser.php on line 62
[29-Oct-2017 23:02:48 UTC] PHP Fatal error:  Uncaught exception 'PDOException' with message 'SQLSTATE[HY093]: Invalid parameter number: parameter was not defined' in /home/ubuntu/workspace/cst336/labs/lab6/updateUser.php:62
Stack trace:
#0 /home/ubuntu/workspace/cst336/labs/lab6/updateUser.php(62): PDOStatement->execute(Array)
#1 {main}
  thrown in /home/ubuntu/workspace/cst336/labs/lab6/updateUser.php on line 62
[29-Oct-2017 23:03:21 UTC] PHP Fatal error:  Uncaught exception 'PDOException' with message 'SQLSTATE[HY093]: Invalid parameter number: parameter was not defined' in /home/ubuntu/workspace/cst336/labs/lab6/updateUser.php:62
Stack trace:
#0 /home/ubuntu/workspace/cst336/labs/lab6/updateUser.php(62): PDOStatement->execute(Array)
#1 {main}
  thrown in /home/ubuntu/workspace/cst336/labs/lab6/updateUser.php on line 62
[29-Oct-2017 23:06:52 UTC] PHP Fatal error:  Uncaught exception 'PDOException' with message 'SQLSTATE[HY093]: Invalid parameter number: parameter was not defined' in /home/ubuntu/workspace/cst336/labs/lab6/updateUser.php:62
Stack trace:
#0 /home/ubuntu/workspace/cst336/labs/lab6/updateUser.php(62): PDOStatement->execute(Array)
#1 {main}
  thrown in /home/ubuntu/workspace/cst336/labs/lab6/updateUser.php on line 62
[29-Oct-2017 23:07:26 UTC] PHP Fatal error:  Uncaught exception 'PDOException' with message 'SQLSTATE[HY093]: Invalid parameter number: number of bound variables does not match number of tokens' in /home/ubuntu/workspace/cst336/labs/lab6/updateUser.php:62
Stack trace:
#0 /home/ubuntu/workspace/cst336/labs/lab6/updateUser.php(62): PDOStatement->execute(Array)
#1 {main}
  thrown in /home/ubuntu/workspace/cst336/labs/lab6/updateUser.php on line 62
[29-Oct-2017 23:07:28 UTC] PHP Fatal error:  Uncaught exception 'PDOException' with message 'SQLSTATE[HY093]: Invalid parameter number: number of bound variables does not match number of tokens' in /home/ubuntu/workspace/cst336/labs/lab6/updateUser.php:62
Stack trace:
#0 /home/ubuntu/workspace/cst336/labs/lab6/updateUser.php(62): PDOStatement->execute(Array)
#1 {main}
  thrown in /home/ubuntu/workspace/cst336/labs/lab6/updateUser.php on line 62
[29-Oct-2017 23:07:43 UTC] PHP Fatal error:  Uncaught exception 'PDOException' with message 'SQLSTATE[HY093]: Invalid parameter number: number of bound variables does not match number of tokens' in /home/ubuntu/workspace/cst336/labs/lab6/updateUser.php:58
Stack trace:
#0 /home/ubuntu/workspace/cst336/labs/lab6/updateUser.php(58): PDOStatement->execute(Array)
#1 {main}
  thrown in /home/ubuntu/workspace/cst336/labs/lab6/updateUser.php on line 58
[29-Oct-2017 23:08:01 UTC] PHP Fatal error:  Uncaught exception 'PDOException' with message 'SQLSTATE[HY093]: Invalid parameter number: parameter was not defined' in /home/ubuntu/workspace/cst336/labs/lab6/updateUser.php:53
Stack trace:
#0 /home/ubuntu/workspace/cst336/labs/lab6/updateUser.php(53): PDOStatement->execute(Array)
#1 {main}
  thrown in /home/ubuntu/workspace/cst336/labs/lab6/updateUser.php on line 53
[29-Oct-2017 23:08:03 UTC] PHP Fatal error:  Uncaught exception 'PDOException' with message 'SQLSTATE[HY093]: Invalid parameter number: parameter was not defined' in /home/ubuntu/workspace/cst336/labs/lab6/updateUser.php:53
Stack trace:
#0 /home/ubuntu/workspace/cst336/labs/lab6/updateUser.php(53): PDOStatement->execute(Array)
#1 {main}
  thrown in /home/ubuntu/workspace/cst336/labs/lab6/updateUser.php on line 53
[29-Oct-2017 23:08:22 UTC] PHP Fatal error:  Uncaught exception 'PDOException' with message 'SQLSTATE[HY093]: Invalid parameter number: parameter was not defined' in /home/ubuntu/workspace/cst336/labs/lab6/updateUser.php:52
Stack trace:
#0 /home/ubuntu/workspace/cst336/labs/lab6/updateUser.php(52): PDOStatement->execute(Array)
#1 {main}
  thrown in /home/ubuntu/workspace/cst336/labs/lab6/updateUser.php on line 52
[29-Oct-2017 23:25:35 UTC] PHP Fatal error:  Uncaught exception 'PDOException' with message 'SQLSTATE[HY093]: Invalid parameter number: number of bound variables does not match number of tokens' in /home/ubuntu/workspace/cst336/labs/lab6/updateUser.php:57
Stack trace:
#0 /home/ubuntu/workspace/cst336/labs/lab6/updateUser.php(57): PDOStatement->execute(Array)
#1 {main}
  thrown in /home/ubuntu/workspace/cst336/labs/lab6/updateUser.php on line 57
[29-Oct-2017 23:25:53 UTC] PHP Fatal error:  Uncaught exception 'PDOException' with message 'SQLSTATE[HY093]: Invalid parameter number: number of bound variables does not match number of tokens' in /home/ubuntu/workspace/cst336/labs/lab6/updateUser.php:57
Stack trace:
#0 /home/ubuntu/workspace/cst336/labs/lab6/updateUser.php(57): PDOStatement->execute(Array)
#1 {main}
  thrown in /home/ubuntu/workspace/cst336/labs/lab6/updateUser.php on line 57
[29-Oct-2017 23:26:03 UTC] PHP Fatal error:  Uncaught exception 'PDOException' with message 'SQLSTATE[HY093]: Invalid parameter number: number of bound variables does not match number of tokens' in /home/ubuntu/workspace/cst336/labs/lab6/updateUser.php:57
Stack trace:
#0 /home/ubuntu/workspace/cst336/labs/lab6/updateUser.php(57): PDOStatement->execute(Array)
#1 {main}
  thrown in /home/ubuntu/workspace/cst336/labs/lab6/updateUser.php on line 57
[29-Oct-2017 23:26:38 UTC] PHP Fatal error:  Uncaught exception 'PDOException' with message 'SQLSTATE[HY093]: Invalid parameter number: number of bound variables does not match number of tokens' in /home/ubuntu/workspace/cst336/labs/lab6/updateUser.php:57
Stack trace:
#0 /home/ubuntu/workspace/cst336/labs/lab6/updateUser.php(57): PDOStatement->execute(Array)
#1 {main}
  thrown in /home/ubuntu/workspace/cst336/labs/lab6/updateUser.php on line 57
[29-Oct-2017 23:26:53 UTC] PHP Fatal error:  Uncaught exception 'PDOException' with message 'SQLSTATE[HY093]: Invalid parameter number: number of bound variables does not match number of tokens' in /home/ubuntu/workspace/cst336/labs/lab6/updateUser.php:57
Stack trace:
#0 /home/ubuntu/workspace/cst336/labs/lab6/updateUser.php(57): PDOStatement->execute(Array)
#1 {main}
  thrown in /home/ubuntu/workspace/cst336/labs/lab6/updateUser.php on line 57
[29-Oct-2017 23:27:05 UTC] PHP Fatal error:  Uncaught exception 'PDOException' with message 'SQLSTATE[HY093]: Invalid parameter number: number of bound variables does not match number of tokens' in /home/ubuntu/workspace/cst336/labs/lab6/updateUser.php:57
Stack trace:
#0 /home/ubuntu/workspace/cst336/labs/lab6/updateUser.php(57): PDOStatement->execute(Array)
#1 {main}
  thrown in /home/ubuntu/workspace/cst336/labs/lab6/updateUser.php on line 57
[29-Oct-2017 23:27:32 UTC] PHP Fatal error:  Uncaught exception 'PDOException' with message 'SQLSTATE[HY093]: Invalid parameter number: number of bound variables does not match number of tokens' in /home/ubuntu/workspace/cst336/labs/lab6/updateUser.php:56
Stack trace:
#0 /home/ubuntu/workspace/cst336/labs/lab6/updateUser.php(56): PDOStatement->execute(Array)
#1 {main}
  thrown in /home/ubuntu/workspace/cst336/labs/lab6/updateUser.php on line 56
[29-Oct-2017 23:27:50 UTC] PHP Fatal error:  Uncaught exception 'PDOException' with message 'SQLSTATE[HY093]: Invalid parameter number: number of bound variables does not match number of tokens' in /home/ubuntu/workspace/cst336/labs/lab6/updateUser.php:56
Stack trace:
#0 /home/ubuntu/workspace/cst336/labs/lab6/updateUser.php(56): PDOStatement->execute(Array)
#1 {main}
  thrown in /home/ubuntu/workspace/cst336/labs/lab6/updateUser.php on line 56
[29-Oct-2017 23:28:27 UTC] PHP Fatal error:  Uncaught exception 'PDOException' with message 'SQLSTATE[HY093]: Invalid parameter number: number of bound variables does not match number of tokens' in /home/ubuntu/workspace/cst336/labs/lab6/updateUser.php:56
Stack trace:
#0 /home/ubuntu/workspace/cst336/labs/lab6/updateUser.php(56): PDOStatement->execute(Array)
#1 {main}
  thrown in /home/ubuntu/workspace/cst336/labs/lab6/updateUser.php on line 56
[29-Oct-2017 23:28:30 UTC] PHP Fatal error:  Uncaught exception 'PDOException' with message 'SQLSTATE[HY093]: Invalid parameter number: number of bound variables does not match number of tokens' in /home/ubuntu/workspace/cst336/labs/lab6/updateUser.php:56
Stack trace:
#0 /home/ubuntu/workspace/cst336/labs/lab6/updateUser.php(56): PDOStatement->execute(Array)
#1 {main}
  thrown in /home/ubuntu/workspace/cst336/labs/lab6/updateUser.php on line 56
[29-Oct-2017 23:29:04 UTC] PHP Fatal error:  Uncaught exception 'PDOException' with message 'SQLSTATE[HY093]: Invalid parameter number: number of bound variables does not match number of tokens' in /home/ubuntu/workspace/cst336/labs/lab6/updateUser.php:56
Stack trace:
#0 /home/ubuntu/workspace/cst336/labs/lab6/updateUser.php(56): PDOStatement->execute(Array)
#1 {main}
  thrown in /home/ubuntu/workspace/cst336/labs/lab6/updateUser.php on line 56
[29-Oct-2017 23:29:22 UTC] PHP Fatal error:  Uncaught exception 'PDOException' with message 'SQLSTATE[HY093]: Invalid parameter number: number of bound variables does not match number of tokens' in /home/ubuntu/workspace/cst336/labs/lab6/updateUser.php:56
Stack trace:
#0 /home/ubuntu/workspace/cst336/labs/lab6/updateUser.php(56): PDOStatement->execute(Array)
#1 {main}
  thrown in /home/ubuntu/workspace/cst336/labs/lab6/updateUser.php on line 56
[29-Oct-2017 23:30:00 UTC] PHP Fatal error:  Uncaught exception 'PDOException' with message 'SQLSTATE[HY093]: Invalid parameter number: number of bound variables does not match number of tokens' in /home/ubuntu/workspace/cst336/labs/lab6/updateUser.php:56
Stack trace:
#0 /home/ubuntu/workspace/cst336/labs/lab6/updateUser.php(56): PDOStatement->execute(Array)
#1 {main}
  thrown in /home/ubuntu/workspace/cst336/labs/lab6/updateUser.php on line 56
[29-Oct-2017 23:30:12 UTC] PHP Fatal error:  Uncaught exception 'PDOException' with message 'SQLSTATE[HY093]: Invalid parameter number: number of bound variables does not match number of tokens' in /home/ubuntu/workspace/cst336/labs/lab6/updateUser.php:56
Stack trace:
#0 /home/ubuntu/workspace/cst336/labs/lab6/updateUser.php(56): PDOStatement->execute(Array)
#1 {main}
  thrown in /home/ubuntu/workspace/cst336/labs/lab6/updateUser.php on line 56
[29-Oct-2017 23:30:32 UTC] PHP Fatal error:  Uncaught exception 'PDOException' with message 'SQLSTATE[HY093]: Invalid parameter number: number of bound variables does not match number of tokens' in /home/ubuntu/workspace/cst336/labs/lab6/updateUser.php:56
Stack trace:
#0 /home/ubuntu/workspace/cst336/labs/lab6/updateUser.php(56): PDOStatement->execute(Array)
#1 {main}
  thrown in /home/ubuntu/workspace/cst336/labs/lab6/updateUser.php on line 56
[29-Oct-2017 23:35:35 UTC] PHP Fatal error:  Uncaught exception 'PDOException' with message 'SQLSTATE[HY093]: Invalid parameter number: parameter was not defined' in /home/ubuntu/workspace/cst336/labs/lab6/updateUser.php:66
Stack trace:
#0 /home/ubuntu/workspace/cst336/labs/lab6/updateUser.php(66): PDOStatement->execute(Array)
#1 {main}
  thrown in /home/ubuntu/workspace/cst336/labs/lab6/updateUser.php on line 66
[29-Oct-2017 23:39:00 UTC] PHP Fatal error:  Uncaught exception 'PDOException' with message 'SQLSTATE[42S22]: Column not found: 1054 Unknown column 'departmentId' in 'field list'' in /home/ubuntu/workspace/cst336/labs/lab6/updateUser.php:67
Stack trace:
#0 /home/ubuntu/workspace/cst336/labs/lab6/updateUser.php(67): PDOStatement->execute(Array)
#1 {main}
  thrown in /home/ubuntu/workspace/cst336/labs/lab6/updateUser.php on line 67
