[08-Sep-2017 20:47:05 UTC] PHP Parse error:  syntax error, unexpected '}', expecting ',' or ';' in /home/ubuntu/workspace/cst336/challenges/challenege2/inc/functions.php on line 38
[08-Sep-2017 20:47:05 UTC] PHP Stack trace:
[08-Sep-2017 20:47:05 UTC] PHP   1. {main}() /home/ubuntu/workspace/cst336/challenges/challenege2/card.php:0
[08-Sep-2017 20:47:06 UTC] PHP Parse error:  syntax error, unexpected '}', expecting ',' or ';' in /home/ubuntu/workspace/cst336/challenges/challenege2/inc/functions.php on line 38
[08-Sep-2017 20:47:06 UTC] PHP Stack trace:
[08-Sep-2017 20:47:06 UTC] PHP   1. {main}() /home/ubuntu/workspace/cst336/challenges/challenege2/card.php:0
[08-Sep-2017 20:47:42 UTC] PHP Parse error:  syntax error, unexpected 'else' (T_ELSE) in /home/ubuntu/workspace/cst336/challenges/challenege2/inc/functions.php on line 41
[08-Sep-2017 20:47:42 UTC] PHP Stack trace:
[08-Sep-2017 20:47:42 UTC] PHP   1. {main}() /home/ubuntu/workspace/cst336/challenges/challenege2/card.php:0
[08-Sep-2017 20:50:22 UTC] PHP Fatal error:  Call to undefined function displaySymbol() in /home/ubuntu/workspace/cst336/challenges/challenege2/inc/functions.php on line 51
[08-Sep-2017 20:50:22 UTC] PHP Stack trace:
[08-Sep-2017 20:50:22 UTC] PHP   1. {main}() /home/ubuntu/workspace/cst336/challenges/challenege2/card.php:0
[08-Sep-2017 20:50:22 UTC] PHP   2. play() /home/ubuntu/workspace/cst336/challenges/challenege2/card.php:21
[08-Sep-2017 20:50:23 UTC] PHP Fatal error:  Call to undefined function displaySymbol() in /home/ubuntu/workspace/cst336/challenges/challenege2/inc/functions.php on line 51
[08-Sep-2017 20:50:23 UTC] PHP Stack trace:
[08-Sep-2017 20:50:23 UTC] PHP   1. {main}() /home/ubuntu/workspace/cst336/challenges/challenege2/card.php:0
[08-Sep-2017 20:50:23 UTC] PHP   2. play() /home/ubuntu/workspace/cst336/challenges/challenege2/card.php:21
[08-Sep-2017 20:51:28 UTC] PHP Fatal error:  Call to undefined function displaySymbol() in /home/ubuntu/workspace/cst336/challenges/challenege2/inc/functions.php on line 51
[08-Sep-2017 20:51:28 UTC] PHP Stack trace:
[08-Sep-2017 20:51:28 UTC] PHP   1. {main}() /home/ubuntu/workspace/cst336/challenges/challenege2/card.php:0
[08-Sep-2017 20:51:28 UTC] PHP   2. play() /home/ubuntu/workspace/cst336/challenges/challenege2/card.php:22
[08-Sep-2017 20:51:29 UTC] PHP Fatal error:  Call to undefined function displaySymbol() in /home/ubuntu/workspace/cst336/challenges/challenege2/inc/functions.php on line 51
[08-Sep-2017 20:51:29 UTC] PHP Stack trace:
[08-Sep-2017 20:51:29 UTC] PHP   1. {main}() /home/ubuntu/workspace/cst336/challenges/challenege2/card.php:0
[08-Sep-2017 20:51:29 UTC] PHP   2. play() /home/ubuntu/workspace/cst336/challenges/challenege2/card.php:22
[08-Sep-2017 20:51:30 UTC] PHP Fatal error:  Call to undefined function displaySymbol() in /home/ubuntu/workspace/cst336/challenges/challenege2/inc/functions.php on line 51
[08-Sep-2017 20:51:30 UTC] PHP Stack trace:
[08-Sep-2017 20:51:30 UTC] PHP   1. {main}() /home/ubuntu/workspace/cst336/challenges/challenege2/card.php:0
[08-Sep-2017 20:51:30 UTC] PHP   2. play() /home/ubuntu/workspace/cst336/challenges/challenege2/card.php:22
[08-Sep-2017 20:52:23 UTC] PHP Fatal error:  Call to undefined function displayCardl() in /home/ubuntu/workspace/cst336/challenges/challenege2/inc/functions.php on line 51
[08-Sep-2017 20:52:23 UTC] PHP Stack trace:
[08-Sep-2017 20:52:23 UTC] PHP   1. {main}() /home/ubuntu/workspace/cst336/challenges/challenege2/card.php:0
[08-Sep-2017 20:52:23 UTC] PHP   2. play() /home/ubuntu/workspace/cst336/challenges/challenege2/card.php:22
[08-Sep-2017 20:52:24 UTC] PHP Fatal error:  Call to undefined function displayCardl() in /home/ubuntu/workspace/cst336/challenges/challenege2/inc/functions.php on line 51
[08-Sep-2017 20:52:24 UTC] PHP Stack trace:
[08-Sep-2017 20:52:24 UTC] PHP   1. {main}() /home/ubuntu/workspace/cst336/challenges/challenege2/card.php:0
[08-Sep-2017 20:52:24 UTC] PHP   2. play() /home/ubuntu/workspace/cst336/challenges/challenege2/card.php:22
[08-Sep-2017 20:52:38 UTC] PHP Warning:  Missing argument 3 for displayCard(), called in /home/ubuntu/workspace/cst336/challenges/challenege2/inc/functions.php on line 51 and defined in /home/ubuntu/workspace/cst336/challenges/challenege2/inc/functions.php on line 2
[08-Sep-2017 20:52:38 UTC] PHP Stack trace:
[08-Sep-2017 20:52:38 UTC] PHP   1. {main}() /home/ubuntu/workspace/cst336/challenges/challenege2/card.php:0
[08-Sep-2017 20:52:38 UTC] PHP   2. play() /home/ubuntu/workspace/cst336/challenges/challenege2/card.php:22
[08-Sep-2017 20:52:38 UTC] PHP   3. displayCard() /home/ubuntu/workspace/cst336/challenges/challenege2/inc/functions.php:51
[08-Sep-2017 20:52:38 UTC] PHP Warning:  Missing argument 3 for displayCard(), called in /home/ubuntu/workspace/cst336/challenges/challenege2/inc/functions.php on line 51 and defined in /home/ubuntu/workspace/cst336/challenges/challenege2/inc/functions.php on line 2
[08-Sep-2017 20:52:38 UTC] PHP Stack trace:
[08-Sep-2017 20:52:38 UTC] PHP   1. {main}() /home/ubuntu/workspace/cst336/challenges/challenege2/card.php:0
[08-Sep-2017 20:52:38 UTC] PHP   2. play() /home/ubuntu/workspace/cst336/challenges/challenege2/card.php:22
[08-Sep-2017 20:52:38 UTC] PHP   3. displayCard() /home/ubuntu/workspace/cst336/challenges/challenege2/inc/functions.php:51
[08-Sep-2017 20:52:38 UTC] PHP Warning:  Missing argument 3 for displayCard(), called in /home/ubuntu/workspace/cst336/challenges/challenege2/inc/functions.php on line 51 and defined in /home/ubuntu/workspace/cst336/challenges/challenege2/inc/functions.php on line 2
[08-Sep-2017 20:52:38 UTC] PHP Stack trace:
[08-Sep-2017 20:52:38 UTC] PHP   1. {main}() /home/ubuntu/workspace/cst336/challenges/challenege2/card.php:0
[08-Sep-2017 20:52:38 UTC] PHP   2. play() /home/ubuntu/workspace/cst336/challenges/challenege2/card.php:22
[08-Sep-2017 20:52:38 UTC] PHP   3. displayCard() /home/ubuntu/workspace/cst336/challenges/challenege2/inc/functions.php:51
[08-Sep-2017 20:54:00 UTC] PHP Warning:  Missing argument 3 for displayCard(), called in /home/ubuntu/workspace/cst336/challenges/challenege2/inc/functions.php on line 51 and defined in /home/ubuntu/workspace/cst336/challenges/challenege2/inc/functions.php on line 2
[08-Sep-2017 20:54:00 UTC] PHP Stack trace:
[08-Sep-2017 20:54:00 UTC] PHP   1. {main}() /home/ubuntu/workspace/cst336/challenges/challenege2/card.php:0
[08-Sep-2017 20:54:00 UTC] PHP   2. play() /home/ubuntu/workspace/cst336/challenges/challenege2/card.php:22
[08-Sep-2017 20:54:00 UTC] PHP   3. displayCard() /home/ubuntu/workspace/cst336/challenges/challenege2/inc/functions.php:51
[08-Sep-2017 20:54:00 UTC] PHP Warning:  Missing argument 3 for displayCard(), called in /home/ubuntu/workspace/cst336/challenges/challenege2/inc/functions.php on line 51 and defined in /home/ubuntu/workspace/cst336/challenges/challenege2/inc/functions.php on line 2
[08-Sep-2017 20:54:00 UTC] PHP Stack trace:
[08-Sep-2017 20:54:00 UTC] PHP   1. {main}() /home/ubuntu/workspace/cst336/challenges/challenege2/card.php:0
[08-Sep-2017 20:54:00 UTC] PHP   2. play() /home/ubuntu/workspace/cst336/challenges/challenege2/card.php:22
[08-Sep-2017 20:54:00 UTC] PHP   3. displayCard() /home/ubuntu/workspace/cst336/challenges/challenege2/inc/functions.php:51
[08-Sep-2017 20:54:00 UTC] PHP Warning:  Missing argument 3 for displayCard(), called in /home/ubuntu/workspace/cst336/challenges/challenege2/inc/functions.php on line 51 and defined in /home/ubuntu/workspace/cst336/challenges/challenege2/inc/functions.php on line 2
[08-Sep-2017 20:54:00 UTC] PHP Stack trace:
[08-Sep-2017 20:54:00 UTC] PHP   1. {main}() /home/ubuntu/workspace/cst336/challenges/challenege2/card.php:0
[08-Sep-2017 20:54:00 UTC] PHP   2. play() /home/ubuntu/workspace/cst336/challenges/challenege2/card.php:22
[08-Sep-2017 20:54:00 UTC] PHP   3. displayCard() /home/ubuntu/workspace/cst336/challenges/challenege2/inc/functions.php:51
[08-Sep-2017 20:54:00 UTC] PHP Warning:  Missing argument 3 for displayCard(), called in /home/ubuntu/workspace/cst336/challenges/challenege2/inc/functions.php on line 51 and defined in /home/ubuntu/workspace/cst336/challenges/challenege2/inc/functions.php on line 2
[08-Sep-2017 20:54:00 UTC] PHP Stack trace:
[08-Sep-2017 20:54:00 UTC] PHP   1. {main}() /home/ubuntu/workspace/cst336/challenges/challenege2/card.php:0
[08-Sep-2017 20:54:00 UTC] PHP   2. play() /home/ubuntu/workspace/cst336/challenges/challenege2/card.php:22
[08-Sep-2017 20:54:00 UTC] PHP   3. displayCard() /home/ubuntu/workspace/cst336/challenges/challenege2/inc/functions.php:51
[08-Sep-2017 20:54:00 UTC] PHP Warning:  Missing argument 3 for displayCard(), called in /home/ubuntu/workspace/cst336/challenges/challenege2/inc/functions.php on line 51 and defined in /home/ubuntu/workspace/cst336/challenges/challenege2/inc/functions.php on line 2
[08-Sep-2017 20:54:00 UTC] PHP Stack trace:
[08-Sep-2017 20:54:00 UTC] PHP   1. {main}() /home/ubuntu/workspace/cst336/challenges/challenege2/card.php:0
[08-Sep-2017 20:54:00 UTC] PHP   2. play() /home/ubuntu/workspace/cst336/challenges/challenege2/card.php:22
[08-Sep-2017 20:54:00 UTC] PHP   3. displayCard() /home/ubuntu/workspace/cst336/challenges/challenege2/inc/functions.php:51
[08-Sep-2017 20:54:00 UTC] PHP Warning:  Missing argument 3 for displayCard(), called in /home/ubuntu/workspace/cst336/challenges/challenege2/inc/functions.php on line 51 and defined in /home/ubuntu/workspace/cst336/challenges/challenege2/inc/functions.php on line 2
[08-Sep-2017 20:54:00 UTC] PHP Stack trace:
[08-Sep-2017 20:54:00 UTC] PHP   1. {main}() /home/ubuntu/workspace/cst336/challenges/challenege2/card.php:0
[08-Sep-2017 20:54:00 UTC] PHP   2. play() /home/ubuntu/workspace/cst336/challenges/challenege2/card.php:22
[08-Sep-2017 20:54:00 UTC] PHP   3. displayCard() /home/ubuntu/workspace/cst336/challenges/challenege2/inc/functions.php:51
[08-Sep-2017 20:54:01 UTC] PHP Warning:  Missing argument 3 for displayCard(), called in /home/ubuntu/workspace/cst336/challenges/challenege2/inc/functions.php on line 51 and defined in /home/ubuntu/workspace/cst336/challenges/challenege2/inc/functions.php on line 2
[08-Sep-2017 20:54:01 UTC] PHP Stack trace:
[08-Sep-2017 20:54:01 UTC] PHP   1. {main}() /home/ubuntu/workspace/cst336/challenges/challenege2/card.php:0
[08-Sep-2017 20:54:01 UTC] PHP   2. play() /home/ubuntu/workspace/cst336/challenges/challenege2/card.php:22
[08-Sep-2017 20:54:01 UTC] PHP   3. displayCard() /home/ubuntu/workspace/cst336/challenges/challenege2/inc/functions.php:51
[08-Sep-2017 20:54:01 UTC] PHP Warning:  Missing argument 3 for displayCard(), called in /home/ubuntu/workspace/cst336/challenges/challenege2/inc/functions.php on line 51 and defined in /home/ubuntu/workspace/cst336/challenges/challenege2/inc/functions.php on line 2
[08-Sep-2017 20:54:01 UTC] PHP Stack trace:
[08-Sep-2017 20:54:01 UTC] PHP   1. {main}() /home/ubuntu/workspace/cst336/challenges/challenege2/card.php:0
[08-Sep-2017 20:54:01 UTC] PHP   2. play() /home/ubuntu/workspace/cst336/challenges/challenege2/card.php:22
[08-Sep-2017 20:54:01 UTC] PHP   3. displayCard() /home/ubuntu/workspace/cst336/challenges/challenege2/inc/functions.php:51
[08-Sep-2017 20:54:01 UTC] PHP Warning:  Missing argument 3 for displayCard(), called in /home/ubuntu/workspace/cst336/challenges/challenege2/inc/functions.php on line 51 and defined in /home/ubuntu/workspace/cst336/challenges/challenege2/inc/functions.php on line 2
[08-Sep-2017 20:54:01 UTC] PHP Stack trace:
[08-Sep-2017 20:54:01 UTC] PHP   1. {main}() /home/ubuntu/workspace/cst336/challenges/challenege2/card.php:0
[08-Sep-2017 20:54:01 UTC] PHP   2. play() /home/ubuntu/workspace/cst336/challenges/challenege2/card.php:22
[08-Sep-2017 20:54:01 UTC] PHP   3. displayCard() /home/ubuntu/workspace/cst336/challenges/challenege2/inc/functions.php:51
[08-Sep-2017 20:54:02 UTC] PHP Warning:  Missing argument 3 for displayCard(), called in /home/ubuntu/workspace/cst336/challenges/challenege2/inc/functions.php on line 51 and defined in /home/ubuntu/workspace/cst336/challenges/challenege2/inc/functions.php on line 2
[08-Sep-2017 20:54:02 UTC] PHP Stack trace:
[08-Sep-2017 20:54:02 UTC] PHP   1. {main}() /home/ubuntu/workspace/cst336/challenges/challenege2/card.php:0
[08-Sep-2017 20:54:02 UTC] PHP   2. play() /home/ubuntu/workspace/cst336/challenges/challenege2/card.php:22
[08-Sep-2017 20:54:02 UTC] PHP   3. displayCard() /home/ubuntu/workspace/cst336/challenges/challenege2/inc/functions.php:51
[08-Sep-2017 20:54:02 UTC] PHP Warning:  Missing argument 3 for displayCard(), called in /home/ubuntu/workspace/cst336/challenges/challenege2/inc/functions.php on line 51 and defined in /home/ubuntu/workspace/cst336/challenges/challenege2/inc/functions.php on line 2
[08-Sep-2017 20:54:02 UTC] PHP Stack trace:
[08-Sep-2017 20:54:02 UTC] PHP   1. {main}() /home/ubuntu/workspace/cst336/challenges/challenege2/card.php:0
[08-Sep-2017 20:54:02 UTC] PHP   2. play() /home/ubuntu/workspace/cst336/challenges/challenege2/card.php:22
[08-Sep-2017 20:54:02 UTC] PHP   3. displayCard() /home/ubuntu/workspace/cst336/challenges/challenege2/inc/functions.php:51
[08-Sep-2017 20:54:02 UTC] PHP Warning:  Missing argument 3 for displayCard(), called in /home/ubuntu/workspace/cst336/challenges/challenege2/inc/functions.php on line 51 and defined in /home/ubuntu/workspace/cst336/challenges/challenege2/inc/functions.php on line 2
[08-Sep-2017 20:54:02 UTC] PHP Stack trace:
[08-Sep-2017 20:54:02 UTC] PHP   1. {main}() /home/ubuntu/workspace/cst336/challenges/challenege2/card.php:0
[08-Sep-2017 20:54:02 UTC] PHP   2. play() /home/ubuntu/workspace/cst336/challenges/challenege2/card.php:22
[08-Sep-2017 20:54:02 UTC] PHP   3. displayCard() /home/ubuntu/workspace/cst336/challenges/challenege2/inc/functions.php:51
[08-Sep-2017 20:54:06 UTC] PHP Warning:  Missing argument 3 for displayCard(), called in /home/ubuntu/workspace/cst336/challenges/challenege2/inc/functions.php on line 51 and defined in /home/ubuntu/workspace/cst336/challenges/challenege2/inc/functions.php on line 2
[08-Sep-2017 20:54:06 UTC] PHP Stack trace:
[08-Sep-2017 20:54:06 UTC] PHP   1. {main}() /home/ubuntu/workspace/cst336/challenges/challenege2/card.php:0
[08-Sep-2017 20:54:06 UTC] PHP   2. play() /home/ubuntu/workspace/cst336/challenges/challenege2/card.php:22
[08-Sep-2017 20:54:06 UTC] PHP   3. displayCard() /home/ubuntu/workspace/cst336/challenges/challenege2/inc/functions.php:51
[08-Sep-2017 20:54:06 UTC] PHP Warning:  Missing argument 3 for displayCard(), called in /home/ubuntu/workspace/cst336/challenges/challenege2/inc/functions.php on line 51 and defined in /home/ubuntu/workspace/cst336/challenges/challenege2/inc/functions.php on line 2
[08-Sep-2017 20:54:06 UTC] PHP Stack trace:
[08-Sep-2017 20:54:06 UTC] PHP   1. {main}() /home/ubuntu/workspace/cst336/challenges/challenege2/card.php:0
[08-Sep-2017 20:54:06 UTC] PHP   2. play() /home/ubuntu/workspace/cst336/challenges/challenege2/card.php:22
[08-Sep-2017 20:54:06 UTC] PHP   3. displayCard() /home/ubuntu/workspace/cst336/challenges/challenege2/inc/functions.php:51
[08-Sep-2017 20:54:06 UTC] PHP Warning:  Missing argument 3 for displayCard(), called in /home/ubuntu/workspace/cst336/challenges/challenege2/inc/functions.php on line 51 and defined in /home/ubuntu/workspace/cst336/challenges/challenege2/inc/functions.php on line 2
[08-Sep-2017 20:54:06 UTC] PHP Stack trace:
[08-Sep-2017 20:54:06 UTC] PHP   1. {main}() /home/ubuntu/workspace/cst336/challenges/challenege2/card.php:0
[08-Sep-2017 20:54:06 UTC] PHP   2. play() /home/ubuntu/workspace/cst336/challenges/challenege2/card.php:22
[08-Sep-2017 20:54:06 UTC] PHP   3. displayCard() /home/ubuntu/workspace/cst336/challenges/challenege2/inc/functions.php:51
[08-Sep-2017 20:54:06 UTC] PHP Warning:  Missing argument 3 for displayCard(), called in /home/ubuntu/workspace/cst336/challenges/challenege2/inc/functions.php on line 51 and defined in /home/ubuntu/workspace/cst336/challenges/challenege2/inc/functions.php on line 2
[08-Sep-2017 20:54:06 UTC] PHP Stack trace:
[08-Sep-2017 20:54:06 UTC] PHP   1. {main}() /home/ubuntu/workspace/cst336/challenges/challenege2/card.php:0
[08-Sep-2017 20:54:06 UTC] PHP   2. play() /home/ubuntu/workspace/cst336/challenges/challenege2/card.php:22
[08-Sep-2017 20:54:06 UTC] PHP   3. displayCard() /home/ubuntu/workspace/cst336/challenges/challenege2/inc/functions.php:51
[08-Sep-2017 20:54:06 UTC] PHP Warning:  Missing argument 3 for displayCard(), called in /home/ubuntu/workspace/cst336/challenges/challenege2/inc/functions.php on line 51 and defined in /home/ubuntu/workspace/cst336/challenges/challenege2/inc/functions.php on line 2
[08-Sep-2017 20:54:06 UTC] PHP Stack trace:
[08-Sep-2017 20:54:06 UTC] PHP   1. {main}() /home/ubuntu/workspace/cst336/challenges/challenege2/card.php:0
[08-Sep-2017 20:54:06 UTC] PHP   2. play() /home/ubuntu/workspace/cst336/challenges/challenege2/card.php:22
[08-Sep-2017 20:54:06 UTC] PHP   3. displayCard() /home/ubuntu/workspace/cst336/challenges/challenege2/inc/functions.php:51
[08-Sep-2017 20:54:06 UTC] PHP Warning:  Missing argument 3 for displayCard(), called in /home/ubuntu/workspace/cst336/challenges/challenege2/inc/functions.php on line 51 and defined in /home/ubuntu/workspace/cst336/challenges/challenege2/inc/functions.php on line 2
[08-Sep-2017 20:54:06 UTC] PHP Stack trace:
[08-Sep-2017 20:54:06 UTC] PHP   1. {main}() /home/ubuntu/workspace/cst336/challenges/challenege2/card.php:0
[08-Sep-2017 20:54:06 UTC] PHP   2. play() /home/ubuntu/workspace/cst336/challenges/challenege2/card.php:22
[08-Sep-2017 20:54:06 UTC] PHP   3. displayCard() /home/ubuntu/workspace/cst336/challenges/challenege2/inc/functions.php:51
[08-Sep-2017 20:55:02 UTC] PHP Parse error:  syntax error, unexpected '}' in /home/ubuntu/workspace/cst336/challenges/challenege2/inc/functions.php on line 51
[08-Sep-2017 20:55:02 UTC] PHP Stack trace:
[08-Sep-2017 20:55:02 UTC] PHP   1. {main}() /home/ubuntu/workspace/cst336/challenges/challenege2/card.php:0
[08-Sep-2017 20:55:24 UTC] PHP Parse error:  syntax error, unexpected '}' in /home/ubuntu/workspace/cst336/challenges/challenege2/inc/functions.php on line 51
[08-Sep-2017 20:55:24 UTC] PHP Stack trace:
[08-Sep-2017 20:55:24 UTC] PHP   1. {main}() /home/ubuntu/workspace/cst336/challenges/challenege2/card.php:0
[08-Sep-2017 20:55:25 UTC] PHP Parse error:  syntax error, unexpected '}' in /home/ubuntu/workspace/cst336/challenges/challenege2/inc/functions.php on line 51
[08-Sep-2017 20:55:25 UTC] PHP Stack trace:
[08-Sep-2017 20:55:25 UTC] PHP   1. {main}() /home/ubuntu/workspace/cst336/challenges/challenege2/card.php:0
[08-Sep-2017 20:55:25 UTC] PHP Parse error:  syntax error, unexpected '}' in /home/ubuntu/workspace/cst336/challenges/challenege2/inc/functions.php on line 51
[08-Sep-2017 20:55:25 UTC] PHP Stack trace:
[08-Sep-2017 20:55:25 UTC] PHP   1. {main}() /home/ubuntu/workspace/cst336/challenges/challenege2/card.php:0
[08-Sep-2017 20:55:26 UTC] PHP Parse error:  syntax error, unexpected '}' in /home/ubuntu/workspace/cst336/challenges/challenege2/inc/functions.php on line 51
[08-Sep-2017 20:55:26 UTC] PHP Stack trace:
[08-Sep-2017 20:55:26 UTC] PHP   1. {main}() /home/ubuntu/workspace/cst336/challenges/challenege2/card.php:0
